L 02/15/2021 - 00:56:43: SourceMod error session started
L 02/15/2021 - 00:56:43: Info (map "c1m1_hotel") (file "C:\Program Files (x86)\Steam\steamapps\common\Left 4 Dead 2 Dedicated Server\left4dead2\addons\sourcemod\logs\errors_20210215.log")
L 02/15/2021 - 00:56:43: [SM] Failed to load plugin "nextmap.smx": Nextmap is incompatible with this game.
L 02/15/2021 - 00:58:52: SourceMod error session started
L 02/15/2021 - 00:58:52: Info (map "c1m1_hotel") (file "C:\Program Files (x86)\Steam\steamapps\common\Left 4 Dead 2 Dedicated Server\left4dead2\addons\sourcemod\logs\errors_20210215.log")
L 02/15/2021 - 00:58:52: [SM] Failed to load plugin "nextmap.smx": Nextmap is incompatible with this game.
L 02/15/2021 - 01:11:33: Error log file session closed.
L 02/15/2021 - 01:11:58: SourceMod error session started
L 02/15/2021 - 01:11:58: Info (map "c1m1_hotel") (file "C:\Program Files (x86)\Steam\steamapps\common\Left 4 Dead 2 Dedicated Server\left4dead2\addons\sourcemod\logs\errors_20210215.log")
L 02/15/2021 - 01:11:58: [SM] Failed to load plugin "nextmap.smx": Nextmap is incompatible with this game.
L 02/15/2021 - 01:15:41: SourceMod error session started
L 02/15/2021 - 01:15:41: Info (map "c1m1_hotel") (file "C:\Program Files (x86)\Steam\steamapps\common\Left 4 Dead 2 Dedicated Server\left4dead2\addons\sourcemod\logs\errors_20210215.log")
L 02/15/2021 - 01:15:41: [SM] Failed to load plugin "nextmap.smx": Nextmap is incompatible with this game.
L 02/15/2021 - 01:19:03: SourceMod error session started
L 02/15/2021 - 01:19:03: Info (map "c1m1_hotel") (file "C:\Program Files (x86)\Steam\steamapps\common\Left 4 Dead 2 Dedicated Server\left4dead2\addons\sourcemod\logs\errors_20210215.log")
L 02/15/2021 - 01:19:03: [SM] Failed to load plugin "nextmap.smx": Nextmap is incompatible with this game.
L 02/15/2021 - 01:26:19: SourceMod error session started
L 02/15/2021 - 01:26:19: Info (map "c1m1_hotel") (file "C:\Program Files (x86)\Steam\steamapps\common\Left 4 Dead 2 Dedicated Server\left4dead2\addons\sourcemod\logs\errors_20210215.log")
L 02/15/2021 - 01:26:19: [SM] Failed to load plugin "nextmap.smx": Nextmap is incompatible with this game.
L 02/15/2021 - 01:27:23: SourceMod error session started
L 02/15/2021 - 01:27:23: Info (map "c1m1_hotel") (file "C:\Program Files (x86)\Steam\steamapps\common\Left 4 Dead 2 Dedicated Server\left4dead2\addons\sourcemod\logs\errors_20210215.log")
L 02/15/2021 - 01:27:23: [SM] Failed to load plugin "nextmap.smx": Nextmap is incompatible with this game.
L 02/15/2021 - 01:28:18: SourceMod error session started
L 02/15/2021 - 01:28:18: Info (map "c1m1_hotel") (file "C:\Program Files (x86)\Steam\steamapps\common\Left 4 Dead 2 Dedicated Server\left4dead2\addons\sourcemod\logs\errors_20210215.log")
L 02/15/2021 - 01:28:18: [SM] Failed to load plugin "nextmap.smx": Nextmap is incompatible with this game.
L 02/15/2021 - 01:28:36: SourceMod error session started
L 02/15/2021 - 01:28:36: Info (map "c1m1_hotel") (file "C:\Program Files (x86)\Steam\steamapps\common\Left 4 Dead 2 Dedicated Server\left4dead2\addons\sourcemod\logs\errors_20210215.log")
L 02/15/2021 - 01:28:36: [SM] Failed to load plugin "nextmap.smx": Nextmap is incompatible with this game.
L 02/15/2021 - 01:32:27: SourceMod error session started
L 02/15/2021 - 01:32:27: Info (map "c1m1_hotel") (file "C:\Program Files (x86)\Steam\steamapps\common\Left 4 Dead 2 Dedicated Server\left4dead2\addons\sourcemod\logs\errors_20210215.log")
L 02/15/2021 - 01:32:27: [SM] Failed to load plugin "nextmap.smx": Nextmap is incompatible with this game.
L 02/15/2021 - 01:36:57: SourceMod error session started
L 02/15/2021 - 01:36:57: Info (map "c1m1_hotel") (file "C:\Program Files (x86)\Steam\steamapps\common\Left 4 Dead 2 Dedicated Server\left4dead2\addons\sourcemod\logs\errors_20210215.log")
L 02/15/2021 - 01:36:57: [SM] Failed to load plugin "nextmap.smx": Nextmap is incompatible with this game.
L 02/15/2021 - 01:46:58: SourceMod error session started
L 02/15/2021 - 01:46:58: Info (map "c1m1_hotel") (file "C:\Program Files (x86)\Steam\steamapps\common\Left 4 Dead 2 Dedicated Server\left4dead2\addons\sourcemod\logs\errors_20210215.log")
L 02/15/2021 - 01:46:58: [SM] Failed to load plugin "nextmap.smx": Nextmap is incompatible with this game.
L 02/15/2021 - 01:48:21: SourceMod error session started
L 02/15/2021 - 01:48:21: Info (map "c1m1_hotel") (file "C:\Program Files (x86)\Steam\steamapps\common\Left 4 Dead 2 Dedicated Server\left4dead2\addons\sourcemod\logs\errors_20210215.log")
L 02/15/2021 - 01:48:21: [SM] Failed to load plugin "nextmap.smx": Nextmap is incompatible with this game.
L 02/15/2021 - 01:50:06: SourceMod error session started
L 02/15/2021 - 01:50:06: Info (map "c1m1_hotel") (file "C:\Program Files (x86)\Steam\steamapps\common\Left 4 Dead 2 Dedicated Server\left4dead2\addons\sourcemod\logs\errors_20210215.log")
L 02/15/2021 - 01:50:06: [SM] Failed to load plugin "nextmap.smx": Nextmap is incompatible with this game.
L 02/15/2021 - 01:53:54: SourceMod error session started
L 02/15/2021 - 01:53:54: Info (map "c1m1_hotel") (file "C:\Program Files (x86)\Steam\steamapps\common\Left 4 Dead 2 Dedicated Server\left4dead2\addons\sourcemod\logs\errors_20210215.log")
L 02/15/2021 - 01:53:54: [SM] Failed to load plugin "nextmap.smx": Nextmap is incompatible with this game.
L 02/15/2021 - 01:56:06: SourceMod error session started
L 02/15/2021 - 01:56:06: Info (map "c1m1_hotel") (file "C:\Program Files (x86)\Steam\steamapps\common\Left 4 Dead 2 Dedicated Server\left4dead2\addons\sourcemod\logs\errors_20210215.log")
L 02/15/2021 - 01:56:06: [SM] Failed to load plugin "nextmap.smx": Nextmap is incompatible with this game.
L 02/15/2021 - 02:00:34: SourceMod error session started
L 02/15/2021 - 02:00:34: Info (map "c1m1_hotel") (file "C:\Program Files (x86)\Steam\steamapps\common\Left 4 Dead 2 Dedicated Server\left4dead2\addons\sourcemod\logs\errors_20210215.log")
L 02/15/2021 - 02:00:34: [SM] Failed to load plugin "nextmap.smx": Nextmap is incompatible with this game.
L 02/15/2021 - 02:01:31: SourceMod error session started
L 02/15/2021 - 02:01:31: Info (map "c1m1_hotel") (file "C:\Program Files (x86)\Steam\steamapps\common\Left 4 Dead 2 Dedicated Server\left4dead2\addons\sourcemod\logs\errors_20210215.log")
L 02/15/2021 - 02:01:31: [SM] Failed to load plugin "nextmap.smx": Nextmap is incompatible with this game.
L 02/15/2021 - 02:06:42: SourceMod error session started
L 02/15/2021 - 02:06:42: Info (map "c1m1_hotel") (file "C:\Program Files (x86)\Steam\steamapps\common\Left 4 Dead 2 Dedicated Server\left4dead2\addons\sourcemod\logs\errors_20210215.log")
L 02/15/2021 - 02:06:42: [SM] Failed to load plugin "nextmap.smx": Nextmap is incompatible with this game.
L 02/15/2021 - 02:08:54: SourceMod error session started
L 02/15/2021 - 02:08:54: Info (map "c1m1_hotel") (file "C:\Program Files (x86)\Steam\steamapps\common\Left 4 Dead 2 Dedicated Server\left4dead2\addons\sourcemod\logs\errors_20210215.log")
L 02/15/2021 - 02:08:54: [SM] Failed to load plugin "nextmap.smx": Nextmap is incompatible with this game.
L 02/15/2021 - 02:09:54: SourceMod error session started
L 02/15/2021 - 02:09:54: Info (map "c1m1_hotel") (file "C:\Program Files (x86)\Steam\steamapps\common\Left 4 Dead 2 Dedicated Server\left4dead2\addons\sourcemod\logs\errors_20210215.log")
L 02/15/2021 - 02:09:54: [SM] Failed to load plugin "nextmap.smx": Nextmap is incompatible with this game.
L 02/15/2021 - 02:19:55: SourceMod error session started
L 02/15/2021 - 02:19:55: Info (map "c1m1_hotel") (file "C:\Program Files (x86)\Steam\steamapps\common\Left 4 Dead 2 Dedicated Server\left4dead2\addons\sourcemod\logs\errors_20210215.log")
L 02/15/2021 - 02:19:55: [SM] Failed to load plugin "nextmap.smx": Nextmap is incompatible with this game.
L 02/15/2021 - 02:20:20: [LEFT4DOWNTOWN] L4D_LobbyIsReserved() has been called. It is deprecated in L4D2, consider updating the plugin using this native.
L 02/15/2021 - 02:20:25: [LEFT4DOWNTOWN] L4D_LobbyIsReserved() has been called. It is deprecated in L4D2, consider updating the plugin using this native.
L 02/15/2021 - 02:20:25: [LEFT4DOWNTOWN] L4D_LobbyIsReserved() has been called. It is deprecated in L4D2, consider updating the plugin using this native.
L 02/15/2021 - 02:20:25: [LEFT4DOWNTOWN] L4D_LobbyIsReserved() has been called. It is deprecated in L4D2, consider updating the plugin using this native.
L 02/15/2021 - 02:20:25: [LEFT4DOWNTOWN] L4D_LobbyIsReserved() has been called. It is deprecated in L4D2, consider updating the plugin using this native.
L 02/15/2021 - 02:20:25: [LEFT4DOWNTOWN] L4D_LobbyIsReserved() has been called. It is deprecated in L4D2, consider updating the plugin using this native.
L 02/15/2021 - 02:20:25: [LEFT4DOWNTOWN] L4D_LobbyIsReserved() has been called. It is deprecated in L4D2, consider updating the plugin using this native.
L 02/15/2021 - 02:20:25: [LEFT4DOWNTOWN] L4D_LobbyIsReserved() has been called. It is deprecated in L4D2, consider updating the plugin using this native.
L 02/15/2021 - 02:20:25: [LEFT4DOWNTOWN] L4D_LobbyIsReserved() has been called. It is deprecated in L4D2, consider updating the plugin using this native.
L 02/15/2021 - 02:20:25: [LEFT4DOWNTOWN] L4D_LobbyIsReserved() has been called. It is deprecated in L4D2, consider updating the plugin using this native.
L 02/15/2021 - 02:20:25: [LEFT4DOWNTOWN] L4D_LobbyIsReserved() has been called. It is deprecated in L4D2, consider updating the plugin using this native.
L 02/15/2021 - 02:20:25: [LEFT4DOWNTOWN] L4D_LobbyIsReserved() has been called. It is deprecated in L4D2, consider updating the plugin using this native.
L 02/15/2021 - 02:20:25: [LEFT4DOWNTOWN] L4D_LobbyIsReserved() has been called. It is deprecated in L4D2, consider updating the plugin using this native.
L 02/15/2021 - 02:20:25: [LEFT4DOWNTOWN] L4D_LobbyIsReserved() has been called. It is deprecated in L4D2, consider updating the plugin using this native.
L 02/15/2021 - 02:20:26: [LEFT4DOWNTOWN] L4D_LobbyIsReserved() has been called. It is deprecated in L4D2, consider updating the plugin using this native.
L 02/15/2021 - 02:20:26: [LEFT4DOWNTOWN] L4D_LobbyIsReserved() has been called. It is deprecated in L4D2, consider updating the plugin using this native.
L 02/15/2021 - 02:20:26: [LEFT4DOWNTOWN] L4D_LobbyIsReserved() has been called. It is deprecated in L4D2, consider updating the plugin using this native.
L 02/15/2021 - 02:20:26: [LEFT4DOWNTOWN] L4D_LobbyIsReserved() has been called. It is deprecated in L4D2, consider updating the plugin using this native.
L 02/15/2021 - 02:20:26: [LEFT4DOWNTOWN] L4D_LobbyIsReserved() has been called. It is deprecated in L4D2, consider updating the plugin using this native.
L 02/15/2021 - 02:20:26: [LEFT4DOWNTOWN] L4D_LobbyIsReserved() has been called. It is deprecated in L4D2, consider updating the plugin using this native.
L 02/15/2021 - 02:20:26: [LEFT4DOWNTOWN] L4D_LobbyIsReserved() has been called. It is deprecated in L4D2, consider updating the plugin using this native.
L 02/15/2021 - 02:20:26: [LEFT4DOWNTOWN] L4D_LobbyIsReserved() has been called. It is deprecated in L4D2, consider updating the plugin using this native.
L 02/15/2021 - 02:20:26: [LEFT4DOWNTOWN] L4D_LobbyIsReserved() has been called. It is deprecated in L4D2, consider updating the plugin using this native.
L 02/15/2021 - 02:20:26: [LEFT4DOWNTOWN] L4D_LobbyIsReserved() has been called. It is deprecated in L4D2, consider updating the plugin using this native.
L 02/15/2021 - 02:20:26: [LEFT4DOWNTOWN] L4D_LobbyIsReserved() has been called. It is deprecated in L4D2, consider updating the plugin using this native.
L 02/15/2021 - 02:20:26: [LEFT4DOWNTOWN] L4D_LobbyIsReserved() has been called. It is deprecated in L4D2, consider updating the plugin using this native.
L 02/15/2021 - 02:20:26: [LEFT4DOWNTOWN] L4D_LobbyIsReserved() has been called. It is deprecated in L4D2, consider updating the plugin using this native.
L 02/15/2021 - 02:20:26: [LEFT4DOWNTOWN] L4D_LobbyIsReserved() has been called. It is deprecated in L4D2, consider updating the plugin using this native.
L 02/15/2021 - 02:20:26: [LEFT4DOWNTOWN] L4D_LobbyIsReserved() has been called. It is deprecated in L4D2, consider updating the plugin using this native.
L 02/15/2021 - 02:20:26: [LEFT4DOWNTOWN] L4D_LobbyIsReserved() has been called. It is deprecated in L4D2, consider updating the plugin using this native.
L 02/15/2021 - 02:20:26: [LEFT4DOWNTOWN] L4D_LobbyIsReserved() has been called. It is deprecated in L4D2, consider updating the plugin using this native.
L 02/15/2021 - 02:20:26: [LEFT4DOWNTOWN] L4D_LobbyIsReserved() has been called. It is deprecated in L4D2, consider updating the plugin using this native.
L 02/15/2021 - 02:21:47: [LEFT4DOWNTOWN] L4D_LobbyIsReserved() has been called. It is deprecated in L4D2, consider updating the plugin using this native.
L 02/15/2021 - 02:21:52: [LEFT4DOWNTOWN] L4D_LobbyIsReserved() has been called. It is deprecated in L4D2, consider updating the plugin using this native.
L 02/15/2021 - 02:21:58: [LEFT4DOWNTOWN] L4D_LobbyIsReserved() has been called. It is deprecated in L4D2, consider updating the plugin using this native.
L 02/15/2021 - 02:22:43: [LEFT4DOWNTOWN] L4D_LobbyIsReserved() has been called. It is deprecated in L4D2, consider updating the plugin using this native.
L 02/15/2021 - 02:23:28: [LEFT4DOWNTOWN] L4D_LobbyIsReserved() has been called. It is deprecated in L4D2, consider updating the plugin using this native.
L 02/15/2021 - 02:25:29: [LEFT4DOWNTOWN] L4D_LobbyIsReserved() has been called. It is deprecated in L4D2, consider updating the plugin using this native.
L 02/15/2021 - 02:26:28: [LEFT4DOWNTOWN] L4D_LobbyIsReserved() has been called. It is deprecated in L4D2, consider updating the plugin using this native.
L 02/15/2021 - 02:26:28: [LEFT4DOWNTOWN] L4D_LobbyIsReserved() has been called. It is deprecated in L4D2, consider updating the plugin using this native.
L 02/15/2021 - 02:26:37: [LEFT4DOWNTOWN] L4D_LobbyIsReserved() has been called. It is deprecated in L4D2, consider updating the plugin using this native.
L 02/15/2021 - 02:27:22: [LEFT4DOWNTOWN] L4D_LobbyIsReserved() has been called. It is deprecated in L4D2, consider updating the plugin using this native.
L 02/15/2021 - 02:27:24: [LEFT4DOWNTOWN] L4D_LobbyIsReserved() has been called. It is deprecated in L4D2, consider updating the plugin using this native.
L 02/15/2021 - 02:27:26: [LEFT4DOWNTOWN] L4D_LobbyIsReserved() has been called. It is deprecated in L4D2, consider updating the plugin using this native.
L 02/15/2021 - 02:27:34: Error log file session closed.
L 02/15/2021 - 03:01:40: SourceMod error session started
L 02/15/2021 - 03:01:40: Info (map "c1m1_hotel") (file "C:\Program Files (x86)\Steam\steamapps\common\Left 4 Dead 2 Dedicated Server\left4dead2\addons\sourcemod\logs\errors_20210215.log")
L 02/15/2021 - 03:01:40: [SM] Failed to load plugin "nextmap.smx": Nextmap is incompatible with this game.
L 02/15/2021 - 03:04:30: Error log file session closed.
L 02/15/2021 - 12:21:00: SourceMod error session started
L 02/15/2021 - 12:21:00: Info (map "c1m1_hotel") (file "C:\Program Files (x86)\Steam\steamapps\common\Left 4 Dead 2 Dedicated Server\left4dead2\addons\sourcemod\logs\errors_20210215.log")
L 02/15/2021 - 12:21:00: [SM] Failed to load plugin "nextmap.smx": Nextmap is incompatible with this game.
L 02/15/2021 - 12:29:12: SourceMod error session started
L 02/15/2021 - 12:29:12: Info (map "c1m1_hotel") (file "C:\Program Files (x86)\Steam\steamapps\common\Left 4 Dead 2 Dedicated Server\left4dead2\addons\sourcemod\logs\errors_20210215.log")
L 02/15/2021 - 12:29:12: [SM] Failed to load plugin "nextmap.smx": Nextmap is incompatible with this game.
L 02/15/2021 - 12:30:23: Error log file session closed.
L 02/15/2021 - 12:32:40: SourceMod error session started
L 02/15/2021 - 12:32:40: Info (map "c1m1_hotel") (file "C:\Program Files (x86)\Steam\steamapps\common\Left 4 Dead 2 Dedicated Server\left4dead2\addons\sourcemod\logs\errors_20210215.log")
L 02/15/2021 - 12:32:40: [SM] Failed to load plugin "nextmap.smx": Nextmap is incompatible with this game.
L 02/15/2021 - 12:33:26: Error log file session closed.
L 02/15/2021 - 12:33:40: SourceMod error session started
L 02/15/2021 - 12:33:40: Info (map "c2m1_highway") (file "C:\Program Files (x86)\Steam\steamapps\common\Left 4 Dead 2 Dedicated Server\left4dead2\addons\sourcemod\logs\errors_20210215.log")
L 02/15/2021 - 12:33:40: [UPDATER] --- BEGIN ERRORS FROM AUTOMATIC UPDATER ---
L 02/15/2021 - 12:33:40: [UPDATER] Could not download "http://update.sourcemod.net/update/"
L 02/15/2021 - 12:33:40: [UPDATER] Error: Empty reply from server
L 02/15/2021 - 12:33:40: [UPDATER] --- END ERRORS FROM AUTOMATIC UPDATER ---
L 02/15/2021 - 12:40:57: Error log file session closed.
