L 02/20/2021 - 14:33:39: SourceMod error session started
L 02/20/2021 - 14:33:39: Info (map "c1m1_hotel") (file "C:\Program Files (x86)\Steam\steamapps\common\Left 4 Dead 2 Dedicated Server\left4dead2\addons\sourcemod\logs\errors_20210220.log")
L 02/20/2021 - 14:33:39: [SM] Failed to load plugin "nextmap.smx": Nextmap is incompatible with this game.
L 02/20/2021 - 14:36:51: SourceMod error session started
L 02/20/2021 - 14:36:51: Info (map "c1m1_hotel") (file "C:\Program Files (x86)\Steam\steamapps\common\Left 4 Dead 2 Dedicated Server\left4dead2\addons\sourcemod\logs\errors_20210220.log")
L 02/20/2021 - 14:36:51: [SM] Failed to load plugin "nextmap.smx": Nextmap is incompatible with this game.
L 02/20/2021 - 14:38:03: Error log file session closed.
L 02/20/2021 - 22:56:26: SourceMod error session started
L 02/20/2021 - 22:56:26: Info (map "c1m1_hotel") (file "C:\Program Files (x86)\Steam\steamapps\common\Left 4 Dead 2 Dedicated Server\left4dead2\addons\sourcemod\logs\errors_20210220.log")
L 02/20/2021 - 22:56:26: [SM] Failed to load plugin "nextmap.smx": Nextmap is incompatible with this game.
L 02/20/2021 - 22:58:44: SourceMod error session started
L 02/20/2021 - 22:58:44: Info (map "c1m1_hotel") (file "C:\Program Files (x86)\Steam\steamapps\common\Left 4 Dead 2 Dedicated Server\left4dead2\addons\sourcemod\logs\errors_20210220.log")
L 02/20/2021 - 22:58:44: [SM] Failed to load plugin "nextmap.smx": Nextmap is incompatible with this game.
L 02/20/2021 - 22:59:58: Error log file session closed.
L 02/20/2021 - 23:00:22: SourceMod error session started
L 02/20/2021 - 23:00:22: Info (map "c1m1_hotel") (file "C:\Program Files (x86)\Steam\steamapps\common\Left 4 Dead 2 Dedicated Server\left4dead2\addons\sourcemod\logs\errors_20210220.log")
L 02/20/2021 - 23:00:22: [SM] Failed to load plugin "nextmap.smx": Nextmap is incompatible with this game.
L 02/20/2021 - 23:01:30: Error log file session closed.
L 02/20/2021 - 23:01:39: SourceMod error session started
L 02/20/2021 - 23:01:39: Info (map "c1m1_hotel") (file "C:\Program Files (x86)\Steam\steamapps\common\Left 4 Dead 2 Dedicated Server\left4dead2\addons\sourcemod\logs\errors_20210220.log")
L 02/20/2021 - 23:01:39: [SM] Failed to load plugin "nextmap.smx": Nextmap is incompatible with this game.
L 02/20/2021 - 23:03:01: Error log file session closed.
L 02/20/2021 - 23:03:07: SourceMod error session started
L 02/20/2021 - 23:03:07: Info (map "c1m1_hotel") (file "C:\Program Files (x86)\Steam\steamapps\common\Left 4 Dead 2 Dedicated Server\left4dead2\addons\sourcemod\logs\errors_20210220.log")
L 02/20/2021 - 23:03:07: [SM] Failed to load plugin "nextmap.smx": Nextmap is incompatible with this game.
L 02/20/2021 - 23:13:49: Error log file session closed.
L 02/20/2021 - 23:27:34: SourceMod error session started
L 02/20/2021 - 23:27:34: Info (map "c4m1_milltown_a") (file "C:\Program Files (x86)\Steam\steamapps\common\Left 4 Dead 2 Dedicated Server\left4dead2\addons\sourcemod\logs\errors_20210220.log")
L 02/20/2021 - 23:27:34: [SM] Exception reported: Game event "player_activate" has no active hook
L 02/20/2021 - 23:27:34: [SM] Blaming: bebop.smx
L 02/20/2021 - 23:27:34: [SM] Call stack trace:
L 02/20/2021 - 23:27:34: [SM]   [0] UnhookEvent
L 02/20/2021 - 23:27:34: [SM]   [1] Line 155, \\DESKTOP-E5450\SanDisk Z400s SSD 128G\Program Files (x86)\Steam\steamapps\common\Left 4 Dead 2 Dedicated Server\left4dead2\addons\sourcemod\scripting\bebop.sp::HookUnhookEvents
L 02/20/2021 - 23:27:34: [SM]   [2] Line 138, \\DESKTOP-E5450\SanDisk Z400s SSD 128G\Program Files (x86)\Steam\steamapps\common\Left 4 Dead 2 Dedicated Server\left4dead2\addons\sourcemod\scripting\bebop.sp::Event_GameModeChanges
L 02/20/2021 - 23:27:34: [SM]   [4] ConVar.SetString
L 02/20/2021 - 23:27:34: [SM]   [5] Line 333, D:\builds\build-sourcemod-msvc12\windows-1.10\build\plugins\basecommands.sp::Command_Cvar
L 02/20/2021 - 23:34:19: SourceMod error session started
L 02/20/2021 - 23:34:19: Info (map "c1m1_hotel") (file "C:\Program Files (x86)\Steam\steamapps\common\Left 4 Dead 2 Dedicated Server\left4dead2\addons\sourcemod\logs\errors_20210220.log")
L 02/20/2021 - 23:34:19: [SM] Failed to load plugin "nextmap.smx": Nextmap is incompatible with this game.
L 02/20/2021 - 23:37:15: Error log file session closed.
