L 03/18/2021 - 12:33:22: SourceMod error session started
L 03/18/2021 - 12:33:22: Info (map "c1m1_hotel") (file "C:\Program Files (x86)\Steam\steamapps\common\Left 4 Dead 2 Dedicated Server\left4dead2\addons\sourcemod\logs\errors_20210318.log")
L 03/18/2021 - 12:33:22: [SM] Unable to load extension "left4fix.ext": The specified module could not be found.

L 03/18/2021 - 12:33:23: [SM] Failed to load plugin "nextmap.smx": Nextmap is incompatible with this game.
L 03/18/2021 - 12:33:23: [SM] Failed to load plugin "smac_css_antiflash.smx": This module will not work for this mod and should be removed..
L 03/18/2021 - 12:33:23: [SM] Failed to load plugin "smac_css_antismoke.smx": This module will not work for this mod and should be removed..
L 03/18/2021 - 12:33:23: [SM] Failed to load plugin "smac_css_fixes.smx": This module will not work for this mod and should be removed..
L 03/18/2021 - 12:33:24: [SM] Failed to load plugin "smac_hl2dm_fixes.smx": This module will not work for this mod and should be removed..
L 03/18/2021 - 12:33:29: [SM] Exception reported: Cannot create new entity when no map is running
L 03/18/2021 - 12:33:29: [SM] Blaming: l4d2_l4d1_survivors_fix.smx
L 03/18/2021 - 12:33:29: [SM] Call stack trace:
L 03/18/2021 - 12:33:29: [SM]   [0] CreateEntityByName
L 03/18/2021 - 12:33:29: [SM]   [1] Line 137, \\DESKTOP-E5450\SanDisk Z400s SSD 128G\Program Files (x86)\Steam\steamapps\common\Left 4 Dead 2 Dedicated Server\left4dead2\addons\sourcemod\scripting\l4d2_l4d1_survivors_fix.sp::FireEntityInput
L 03/18/2021 - 12:33:29: [SM]   [2] Line 37, \\DESKTOP-E5450\SanDisk Z400s SSD 128G\Program Files (x86)\Steam\steamapps\common\Left 4 Dead 2 Dedicated Server\left4dead2\addons\sourcemod\scripting\l4d2_l4d1_survivors_fix.sp::RoundStart
L 03/18/2021 - 12:34:08: [SM] Exception reported: String formatted incorrectly - parameter 4 (total 3)
L 03/18/2021 - 12:34:08: [SM] Blaming: admincheats.smx
L 03/18/2021 - 12:34:08: [SM] Call stack trace:
L 03/18/2021 - 12:34:08: [SM]   [0] PrintToConsole
L 03/18/2021 - 12:34:08: [SM]   [1] Line 75, \\DESKTOP-E5450\SanDisk Z400s SSD 128G\Program Files (x86)\Steam\steamapps\common\Left 4 Dead 2 Dedicated Server\left4dead2\addons\sourcemod\scripting\admincheats.sp::cheatcommand
L 03/18/2021 - 12:34:08: [SM]   [3] FakeClientCommand
L 03/18/2021 - 12:34:08: [SM]   [4] Line 685, \\DESKTOP-E5450\SanDisk Z400s SSD 128G\Program Files (x86)\Steam\steamapps\common\Left 4 Dead 2 Dedicated Server\left4dead2\addons\sourcemod\scripting\survivor_chat_select_windows.sp::CheatCommand
L 03/18/2021 - 12:34:08: [SM]   [5] Line 663, \\DESKTOP-E5450\SanDisk Z400s SSD 128G\Program Files (x86)\Steam\steamapps\common\Left 4 Dead 2 Dedicated Server\left4dead2\addons\sourcemod\scripting\survivor_chat_select_windows.sp::ReEquipSlot1
L 03/18/2021 - 12:34:08: [SM]   [6] Line 569, \\DESKTOP-E5450\SanDisk Z400s SSD 128G\Program Files (x86)\Steam\steamapps\common\Left 4 Dead 2 Dedicated Server\left4dead2\addons\sourcemod\scripting\survivor_chat_select_windows.sp::ReEquipWeapons
L 03/18/2021 - 12:34:08: [SM]   [7] Line 165, \\DESKTOP-E5450\SanDisk Z400s SSD 128G\Program Files (x86)\Steam\steamapps\common\Left 4 Dead 2 Dedicated Server\left4dead2\addons\sourcemod\scripting\survivor_chat_select_windows.sp::SurvivorChange
L 03/18/2021 - 12:34:08: [SM]   [8] Line 137, \\DESKTOP-E5450\SanDisk Z400s SSD 128G\Program Files (x86)\Steam\steamapps\common\Left 4 Dead 2 Dedicated Server\left4dead2\addons\sourcemod\scripting\survivor_chat_select_windows.sp::BillUse
L 03/18/2021 - 12:34:08: [SM]   [10] FakeClientCommand
L 03/18/2021 - 12:34:08: [SM]   [11] Line 482, \\DESKTOP-E5450\SanDisk Z400s SSD 128G\Program Files (x86)\Steam\steamapps\common\Left 4 Dead 2 Dedicated Server\left4dead2\addons\sourcemod\scripting\survivor_chat_select_windows.sp::Event_PlayerToBot
L 03/18/2021 - 12:34:08: [SM] Exception reported: String formatted incorrectly - parameter 4 (total 3)
L 03/18/2021 - 12:34:08: [SM] Blaming: admincheats.smx
L 03/18/2021 - 12:34:08: [SM] Call stack trace:
L 03/18/2021 - 12:34:08: [SM]   [0] PrintToConsole
L 03/18/2021 - 12:34:08: [SM]   [1] Line 75, \\DESKTOP-E5450\SanDisk Z400s SSD 128G\Program Files (x86)\Steam\steamapps\common\Left 4 Dead 2 Dedicated Server\left4dead2\addons\sourcemod\scripting\admincheats.sp::cheatcommand
L 03/18/2021 - 12:34:08: [SM]   [3] FakeClientCommand
L 03/18/2021 - 12:34:08: [SM]   [4] Line 685, \\DESKTOP-E5450\SanDisk Z400s SSD 128G\Program Files (x86)\Steam\steamapps\common\Left 4 Dead 2 Dedicated Server\left4dead2\addons\sourcemod\scripting\survivor_chat_select_windows.sp::CheatCommand
L 03/18/2021 - 12:34:08: [SM]   [5] Line 663, \\DESKTOP-E5450\SanDisk Z400s SSD 128G\Program Files (x86)\Steam\steamapps\common\Left 4 Dead 2 Dedicated Server\left4dead2\addons\sourcemod\scripting\survivor_chat_select_windows.sp::ReEquipSlot1
L 03/18/2021 - 12:34:08: [SM]   [6] Line 569, \\DESKTOP-E5450\SanDisk Z400s SSD 128G\Program Files (x86)\Steam\steamapps\common\Left 4 Dead 2 Dedicated Server\left4dead2\addons\sourcemod\scripting\survivor_chat_select_windows.sp::ReEquipWeapons
L 03/18/2021 - 12:34:08: [SM]   [7] Line 165, \\DESKTOP-E5450\SanDisk Z400s SSD 128G\Program Files (x86)\Steam\steamapps\common\Left 4 Dead 2 Dedicated Server\left4dead2\addons\sourcemod\scripting\survivor_chat_select_windows.sp::SurvivorChange
L 03/18/2021 - 12:34:08: [SM]   [8] Line 141, \\DESKTOP-E5450\SanDisk Z400s SSD 128G\Program Files (x86)\Steam\steamapps\common\Left 4 Dead 2 Dedicated Server\left4dead2\addons\sourcemod\scripting\survivor_chat_select_windows.sp::ZoeyUse
L 03/18/2021 - 12:34:08: [SM]   [10] FakeClientCommand
L 03/18/2021 - 12:34:08: [SM]   [11] Line 482, \\DESKTOP-E5450\SanDisk Z400s SSD 128G\Program Files (x86)\Steam\steamapps\common\Left 4 Dead 2 Dedicated Server\left4dead2\addons\sourcemod\scripting\survivor_chat_select_windows.sp::Event_PlayerToBot
L 03/18/2021 - 12:34:08: [SM] Exception reported: String formatted incorrectly - parameter 4 (total 3)
L 03/18/2021 - 12:34:08: [SM] Blaming: admincheats.smx
L 03/18/2021 - 12:34:08: [SM] Call stack trace:
L 03/18/2021 - 12:34:08: [SM]   [0] PrintToConsole
L 03/18/2021 - 12:34:08: [SM]   [1] Line 75, \\DESKTOP-E5450\SanDisk Z400s SSD 128G\Program Files (x86)\Steam\steamapps\common\Left 4 Dead 2 Dedicated Server\left4dead2\addons\sourcemod\scripting\admincheats.sp::cheatcommand
L 03/18/2021 - 12:34:08: [SM]   [3] FakeClientCommand
L 03/18/2021 - 12:34:08: [SM]   [4] Line 685, \\DESKTOP-E5450\SanDisk Z400s SSD 128G\Program Files (x86)\Steam\steamapps\common\Left 4 Dead 2 Dedicated Server\left4dead2\addons\sourcemod\scripting\survivor_chat_select_windows.sp::CheatCommand
L 03/18/2021 - 12:34:08: [SM]   [5] Line 663, \\DESKTOP-E5450\SanDisk Z400s SSD 128G\Program Files (x86)\Steam\steamapps\common\Left 4 Dead 2 Dedicated Server\left4dead2\addons\sourcemod\scripting\survivor_chat_select_windows.sp::ReEquipSlot1
L 03/18/2021 - 12:34:08: [SM]   [6] Line 569, \\DESKTOP-E5450\SanDisk Z400s SSD 128G\Program Files (x86)\Steam\steamapps\common\Left 4 Dead 2 Dedicated Server\left4dead2\addons\sourcemod\scripting\survivor_chat_select_windows.sp::ReEquipWeapons
L 03/18/2021 - 12:34:08: [SM]   [7] Line 165, \\DESKTOP-E5450\SanDisk Z400s SSD 128G\Program Files (x86)\Steam\steamapps\common\Left 4 Dead 2 Dedicated Server\left4dead2\addons\sourcemod\scripting\survivor_chat_select_windows.sp::SurvivorChange
L 03/18/2021 - 12:34:08: [SM]   [8] Line 145, \\DESKTOP-E5450\SanDisk Z400s SSD 128G\Program Files (x86)\Steam\steamapps\common\Left 4 Dead 2 Dedicated Server\left4dead2\addons\sourcemod\scripting\survivor_chat_select_windows.sp::BikerUse
L 03/18/2021 - 12:34:08: [SM]   [10] FakeClientCommand
L 03/18/2021 - 12:34:08: [SM]   [11] Line 482, \\DESKTOP-E5450\SanDisk Z400s SSD 128G\Program Files (x86)\Steam\steamapps\common\Left 4 Dead 2 Dedicated Server\left4dead2\addons\sourcemod\scripting\survivor_chat_select_windows.sp::Event_PlayerToBot
L 03/18/2021 - 12:34:08: [SM] Exception reported: String formatted incorrectly - parameter 4 (total 3)
L 03/18/2021 - 12:34:08: [SM] Blaming: admincheats.smx
L 03/18/2021 - 12:34:08: [SM] Call stack trace:
L 03/18/2021 - 12:34:08: [SM]   [0] PrintToConsole
L 03/18/2021 - 12:34:08: [SM]   [1] Line 75, \\DESKTOP-E5450\SanDisk Z400s SSD 128G\Program Files (x86)\Steam\steamapps\common\Left 4 Dead 2 Dedicated Server\left4dead2\addons\sourcemod\scripting\admincheats.sp::cheatcommand
L 03/18/2021 - 12:34:08: [SM]   [3] FakeClientCommand
L 03/18/2021 - 12:34:08: [SM]   [4] Line 685, \\DESKTOP-E5450\SanDisk Z400s SSD 128G\Program Files (x86)\Steam\steamapps\common\Left 4 Dead 2 Dedicated Server\left4dead2\addons\sourcemod\scripting\survivor_chat_select_windows.sp::CheatCommand
L 03/18/2021 - 12:34:08: [SM]   [5] Line 663, \\DESKTOP-E5450\SanDisk Z400s SSD 128G\Program Files (x86)\Steam\steamapps\common\Left 4 Dead 2 Dedicated Server\left4dead2\addons\sourcemod\scripting\survivor_chat_select_windows.sp::ReEquipSlot1
L 03/18/2021 - 12:34:08: [SM]   [6] Line 569, \\DESKTOP-E5450\SanDisk Z400s SSD 128G\Program Files (x86)\Steam\steamapps\common\Left 4 Dead 2 Dedicated Server\left4dead2\addons\sourcemod\scripting\survivor_chat_select_windows.sp::ReEquipWeapons
L 03/18/2021 - 12:34:08: [SM]   [7] Line 165, \\DESKTOP-E5450\SanDisk Z400s SSD 128G\Program Files (x86)\Steam\steamapps\common\Left 4 Dead 2 Dedicated Server\left4dead2\addons\sourcemod\scripting\survivor_chat_select_windows.sp::SurvivorChange
L 03/18/2021 - 12:34:08: [SM]   [8] Line 149, \\DESKTOP-E5450\SanDisk Z400s SSD 128G\Program Files (x86)\Steam\steamapps\common\Left 4 Dead 2 Dedicated Server\left4dead2\addons\sourcemod\scripting\survivor_chat_select_windows.sp::LouisUse
L 03/18/2021 - 12:34:08: [SM]   [10] FakeClientCommand
L 03/18/2021 - 12:34:08: [SM]   [11] Line 482, \\DESKTOP-E5450\SanDisk Z400s SSD 128G\Program Files (x86)\Steam\steamapps\common\Left 4 Dead 2 Dedicated Server\left4dead2\addons\sourcemod\scripting\survivor_chat_select_windows.sp::Event_PlayerToBot
L 03/18/2021 - 12:34:08: [SM] Exception reported: String formatted incorrectly - parameter 4 (total 3)
L 03/18/2021 - 12:34:08: [SM] Blaming: admincheats.smx
L 03/18/2021 - 12:34:08: [SM] Call stack trace:
L 03/18/2021 - 12:34:08: [SM]   [0] PrintToConsole
L 03/18/2021 - 12:34:08: [SM]   [1] Line 75, \\DESKTOP-E5450\SanDisk Z400s SSD 128G\Program Files (x86)\Steam\steamapps\common\Left 4 Dead 2 Dedicated Server\left4dead2\addons\sourcemod\scripting\admincheats.sp::cheatcommand
L 03/18/2021 - 12:34:08: [SM]   [3] FakeClientCommand
L 03/18/2021 - 12:34:08: [SM]   [4] Line 685, \\DESKTOP-E5450\SanDisk Z400s SSD 128G\Program Files (x86)\Steam\steamapps\common\Left 4 Dead 2 Dedicated Server\left4dead2\addons\sourcemod\scripting\survivor_chat_select_windows.sp::CheatCommand
L 03/18/2021 - 12:34:08: [SM]   [5] Line 663, \\DESKTOP-E5450\SanDisk Z400s SSD 128G\Program Files (x86)\Steam\steamapps\common\Left 4 Dead 2 Dedicated Server\left4dead2\addons\sourcemod\scripting\survivor_chat_select_windows.sp::ReEquipSlot1
L 03/18/2021 - 12:34:08: [SM]   [6] Line 569, \\DESKTOP-E5450\SanDisk Z400s SSD 128G\Program Files (x86)\Steam\steamapps\common\Left 4 Dead 2 Dedicated Server\left4dead2\addons\sourcemod\scripting\survivor_chat_select_windows.sp::ReEquipWeapons
L 03/18/2021 - 12:34:08: [SM]   [7] Line 165, \\DESKTOP-E5450\SanDisk Z400s SSD 128G\Program Files (x86)\Steam\steamapps\common\Left 4 Dead 2 Dedicated Server\left4dead2\addons\sourcemod\scripting\survivor_chat_select_windows.sp::SurvivorChange
L 03/18/2021 - 12:34:08: [SM]   [8] Line 137, \\DESKTOP-E5450\SanDisk Z400s SSD 128G\Program Files (x86)\Steam\steamapps\common\Left 4 Dead 2 Dedicated Server\left4dead2\addons\sourcemod\scripting\survivor_chat_select_windows.sp::BillUse
L 03/18/2021 - 12:34:08: [SM]   [10] FakeClientCommand
L 03/18/2021 - 12:34:08: [SM]   [11] Line 482, \\DESKTOP-E5450\SanDisk Z400s SSD 128G\Program Files (x86)\Steam\steamapps\common\Left 4 Dead 2 Dedicated Server\left4dead2\addons\sourcemod\scripting\survivor_chat_select_windows.sp::Event_PlayerToBot
L 03/18/2021 - 12:34:08: [SM] Exception reported: String formatted incorrectly - parameter 4 (total 3)
L 03/18/2021 - 12:34:08: [SM] Blaming: admincheats.smx
L 03/18/2021 - 12:34:08: [SM] Call stack trace:
L 03/18/2021 - 12:34:08: [SM]   [0] PrintToConsole
L 03/18/2021 - 12:34:08: [SM]   [1] Line 75, \\DESKTOP-E5450\SanDisk Z400s SSD 128G\Program Files (x86)\Steam\steamapps\common\Left 4 Dead 2 Dedicated Server\left4dead2\addons\sourcemod\scripting\admincheats.sp::cheatcommand
L 03/18/2021 - 12:34:08: [SM]   [3] FakeClientCommand
L 03/18/2021 - 12:34:08: [SM]   [4] Line 685, \\DESKTOP-E5450\SanDisk Z400s SSD 128G\Program Files (x86)\Steam\steamapps\common\Left 4 Dead 2 Dedicated Server\left4dead2\addons\sourcemod\scripting\survivor_chat_select_windows.sp::CheatCommand
L 03/18/2021 - 12:34:08: [SM]   [5] Line 663, \\DESKTOP-E5450\SanDisk Z400s SSD 128G\Program Files (x86)\Steam\steamapps\common\Left 4 Dead 2 Dedicated Server\left4dead2\addons\sourcemod\scripting\survivor_chat_select_windows.sp::ReEquipSlot1
L 03/18/2021 - 12:34:08: [SM]   [6] Line 569, \\DESKTOP-E5450\SanDisk Z400s SSD 128G\Program Files (x86)\Steam\steamapps\common\Left 4 Dead 2 Dedicated Server\left4dead2\addons\sourcemod\scripting\survivor_chat_select_windows.sp::ReEquipWeapons
L 03/18/2021 - 12:34:08: [SM]   [7] Line 165, \\DESKTOP-E5450\SanDisk Z400s SSD 128G\Program Files (x86)\Steam\steamapps\common\Left 4 Dead 2 Dedicated Server\left4dead2\addons\sourcemod\scripting\survivor_chat_select_windows.sp::SurvivorChange
L 03/18/2021 - 12:34:08: [SM]   [8] Line 133, \\DESKTOP-E5450\SanDisk Z400s SSD 128G\Program Files (x86)\Steam\steamapps\common\Left 4 Dead 2 Dedicated Server\left4dead2\addons\sourcemod\scripting\survivor_chat_select_windows.sp::RochelleUse
L 03/18/2021 - 12:34:08: [SM]   [10] FakeClientCommand
L 03/18/2021 - 12:34:08: [SM]   [11] Line 482, \\DESKTOP-E5450\SanDisk Z400s SSD 128G\Program Files (x86)\Steam\steamapps\common\Left 4 Dead 2 Dedicated Server\left4dead2\addons\sourcemod\scripting\survivor_chat_select_windows.sp::Event_PlayerToBot
L 03/18/2021 - 12:34:08: [SM] Exception reported: String formatted incorrectly - parameter 4 (total 3)
L 03/18/2021 - 12:34:08: [SM] Blaming: admincheats.smx
L 03/18/2021 - 12:34:08: [SM] Call stack trace:
L 03/18/2021 - 12:34:08: [SM]   [0] PrintToConsole
L 03/18/2021 - 12:34:08: [SM]   [1] Line 75, \\DESKTOP-E5450\SanDisk Z400s SSD 128G\Program Files (x86)\Steam\steamapps\common\Left 4 Dead 2 Dedicated Server\left4dead2\addons\sourcemod\scripting\admincheats.sp::cheatcommand
L 03/18/2021 - 12:34:08: [SM]   [3] FakeClientCommand
L 03/18/2021 - 12:34:08: [SM]   [4] Line 685, \\DESKTOP-E5450\SanDisk Z400s SSD 128G\Program Files (x86)\Steam\steamapps\common\Left 4 Dead 2 Dedicated Server\left4dead2\addons\sourcemod\scripting\survivor_chat_select_windows.sp::CheatCommand
L 03/18/2021 - 12:34:08: [SM]   [5] Line 663, \\DESKTOP-E5450\SanDisk Z400s SSD 128G\Program Files (x86)\Steam\steamapps\common\Left 4 Dead 2 Dedicated Server\left4dead2\addons\sourcemod\scripting\survivor_chat_select_windows.sp::ReEquipSlot1
L 03/18/2021 - 12:34:08: [SM]   [6] Line 569, \\DESKTOP-E5450\SanDisk Z400s SSD 128G\Program Files (x86)\Steam\steamapps\common\Left 4 Dead 2 Dedicated Server\left4dead2\addons\sourcemod\scripting\survivor_chat_select_windows.sp::ReEquipWeapons
L 03/18/2021 - 12:34:08: [SM]   [7] Line 165, \\DESKTOP-E5450\SanDisk Z400s SSD 128G\Program Files (x86)\Steam\steamapps\common\Left 4 Dead 2 Dedicated Server\left4dead2\addons\sourcemod\scripting\survivor_chat_select_windows.sp::SurvivorChange
L 03/18/2021 - 12:34:08: [SM]   [8] Line 141, \\DESKTOP-E5450\SanDisk Z400s SSD 128G\Program Files (x86)\Steam\steamapps\common\Left 4 Dead 2 Dedicated Server\left4dead2\addons\sourcemod\scripting\survivor_chat_select_windows.sp::ZoeyUse
L 03/18/2021 - 12:34:08: [SM]   [10] FakeClientCommand
L 03/18/2021 - 12:34:08: [SM]   [11] Line 482, \\DESKTOP-E5450\SanDisk Z400s SSD 128G\Program Files (x86)\Steam\steamapps\common\Left 4 Dead 2 Dedicated Server\left4dead2\addons\sourcemod\scripting\survivor_chat_select_windows.sp::Event_PlayerToBot
L 03/18/2021 - 12:34:08: [SM] Exception reported: String formatted incorrectly - parameter 4 (total 3)
L 03/18/2021 - 12:34:08: [SM] Blaming: admincheats.smx
L 03/18/2021 - 12:34:08: [SM] Call stack trace:
L 03/18/2021 - 12:34:08: [SM]   [0] PrintToConsole
L 03/18/2021 - 12:34:08: [SM]   [1] Line 75, \\DESKTOP-E5450\SanDisk Z400s SSD 128G\Program Files (x86)\Steam\steamapps\common\Left 4 Dead 2 Dedicated Server\left4dead2\addons\sourcemod\scripting\admincheats.sp::cheatcommand
L 03/18/2021 - 12:34:08: [SM]   [3] FakeClientCommand
L 03/18/2021 - 12:34:08: [SM]   [4] Line 685, \\DESKTOP-E5450\SanDisk Z400s SSD 128G\Program Files (x86)\Steam\steamapps\common\Left 4 Dead 2 Dedicated Server\left4dead2\addons\sourcemod\scripting\survivor_chat_select_windows.sp::CheatCommand
L 03/18/2021 - 12:34:08: [SM]   [5] Line 663, \\DESKTOP-E5450\SanDisk Z400s SSD 128G\Program Files (x86)\Steam\steamapps\common\Left 4 Dead 2 Dedicated Server\left4dead2\addons\sourcemod\scripting\survivor_chat_select_windows.sp::ReEquipSlot1
L 03/18/2021 - 12:34:08: [SM]   [6] Line 569, \\DESKTOP-E5450\SanDisk Z400s SSD 128G\Program Files (x86)\Steam\steamapps\common\Left 4 Dead 2 Dedicated Server\left4dead2\addons\sourcemod\scripting\survivor_chat_select_windows.sp::ReEquipWeapons
L 03/18/2021 - 12:34:08: [SM]   [7] Line 165, \\DESKTOP-E5450\SanDisk Z400s SSD 128G\Program Files (x86)\Steam\steamapps\common\Left 4 Dead 2 Dedicated Server\left4dead2\addons\sourcemod\scripting\survivor_chat_select_windows.sp::SurvivorChange
L 03/18/2021 - 12:34:08: [SM]   [8] Line 145, \\DESKTOP-E5450\SanDisk Z400s SSD 128G\Program Files (x86)\Steam\steamapps\common\Left 4 Dead 2 Dedicated Server\left4dead2\addons\sourcemod\scripting\survivor_chat_select_windows.sp::BikerUse
L 03/18/2021 - 12:34:08: [SM]   [10] FakeClientCommand
L 03/18/2021 - 12:34:08: [SM]   [11] Line 482, \\DESKTOP-E5450\SanDisk Z400s SSD 128G\Program Files (x86)\Steam\steamapps\common\Left 4 Dead 2 Dedicated Server\left4dead2\addons\sourcemod\scripting\survivor_chat_select_windows.sp::Event_PlayerToBot
L 03/18/2021 - 12:34:08: [SM] Exception reported: String formatted incorrectly - parameter 4 (total 3)
L 03/18/2021 - 12:34:08: [SM] Blaming: admincheats.smx
L 03/18/2021 - 12:34:08: [SM] Call stack trace:
L 03/18/2021 - 12:34:08: [SM]   [0] PrintToConsole
L 03/18/2021 - 12:34:08: [SM]   [1] Line 75, \\DESKTOP-E5450\SanDisk Z400s SSD 128G\Program Files (x86)\Steam\steamapps\common\Left 4 Dead 2 Dedicated Server\left4dead2\addons\sourcemod\scripting\admincheats.sp::cheatcommand
L 03/18/2021 - 12:34:08: [SM]   [3] FakeClientCommand
L 03/18/2021 - 12:34:08: [SM]   [4] Line 685, \\DESKTOP-E5450\SanDisk Z400s SSD 128G\Program Files (x86)\Steam\steamapps\common\Left 4 Dead 2 Dedicated Server\left4dead2\addons\sourcemod\scripting\survivor_chat_select_windows.sp::CheatCommand
L 03/18/2021 - 12:34:08: [SM]   [5] Line 663, \\DESKTOP-E5450\SanDisk Z400s SSD 128G\Program Files (x86)\Steam\steamapps\common\Left 4 Dead 2 Dedicated Server\left4dead2\addons\sourcemod\scripting\survivor_chat_select_windows.sp::ReEquipSlot1
L 03/18/2021 - 12:34:08: [SM]   [6] Line 569, \\DESKTOP-E5450\SanDisk Z400s SSD 128G\Program Files (x86)\Steam\steamapps\common\Left 4 Dead 2 Dedicated Server\left4dead2\addons\sourcemod\scripting\survivor_chat_select_windows.sp::ReEquipWeapons
L 03/18/2021 - 12:34:08: [SM]   [7] Line 165, \\DESKTOP-E5450\SanDisk Z400s SSD 128G\Program Files (x86)\Steam\steamapps\common\Left 4 Dead 2 Dedicated Server\left4dead2\addons\sourcemod\scripting\survivor_chat_select_windows.sp::SurvivorChange
L 03/18/2021 - 12:34:08: [SM]   [8] Line 149, \\DESKTOP-E5450\SanDisk Z400s SSD 128G\Program Files (x86)\Steam\steamapps\common\Left 4 Dead 2 Dedicated Server\left4dead2\addons\sourcemod\scripting\survivor_chat_select_windows.sp::LouisUse
L 03/18/2021 - 12:34:08: [SM]   [10] FakeClientCommand
L 03/18/2021 - 12:34:08: [SM]   [11] Line 482, \\DESKTOP-E5450\SanDisk Z400s SSD 128G\Program Files (x86)\Steam\steamapps\common\Left 4 Dead 2 Dedicated Server\left4dead2\addons\sourcemod\scripting\survivor_chat_select_windows.sp::Event_PlayerToBot
L 03/18/2021 - 12:34:08: [SM] Exception reported: String formatted incorrectly - parameter 4 (total 3)
L 03/18/2021 - 12:34:08: [SM] Blaming: admincheats.smx
L 03/18/2021 - 12:34:08: [SM] Call stack trace:
L 03/18/2021 - 12:34:08: [SM]   [0] PrintToConsole
L 03/18/2021 - 12:34:08: [SM]   [1] Line 75, \\DESKTOP-E5450\SanDisk Z400s SSD 128G\Program Files (x86)\Steam\steamapps\common\Left 4 Dead 2 Dedicated Server\left4dead2\addons\sourcemod\scripting\admincheats.sp::cheatcommand
L 03/18/2021 - 12:34:08: [SM]   [3] FakeClientCommand
L 03/18/2021 - 12:34:08: [SM]   [4] Line 685, \\DESKTOP-E5450\SanDisk Z400s SSD 128G\Program Files (x86)\Steam\steamapps\common\Left 4 Dead 2 Dedicated Server\left4dead2\addons\sourcemod\scripting\survivor_chat_select_windows.sp::CheatCommand
L 03/18/2021 - 12:34:08: [SM]   [5] Line 663, \\DESKTOP-E5450\SanDisk Z400s SSD 128G\Program Files (x86)\Steam\steamapps\common\Left 4 Dead 2 Dedicated Server\left4dead2\addons\sourcemod\scripting\survivor_chat_select_windows.sp::ReEquipSlot1
L 03/18/2021 - 12:34:08: [SM]   [6] Line 569, \\DESKTOP-E5450\SanDisk Z400s SSD 128G\Program Files (x86)\Steam\steamapps\common\Left 4 Dead 2 Dedicated Server\left4dead2\addons\sourcemod\scripting\survivor_chat_select_windows.sp::ReEquipWeapons
L 03/18/2021 - 12:34:08: [SM]   [7] Line 165, \\DESKTOP-E5450\SanDisk Z400s SSD 128G\Program Files (x86)\Steam\steamapps\common\Left 4 Dead 2 Dedicated Server\left4dead2\addons\sourcemod\scripting\survivor_chat_select_windows.sp::SurvivorChange
L 03/18/2021 - 12:34:08: [SM]   [8] Line 125, \\DESKTOP-E5450\SanDisk Z400s SSD 128G\Program Files (x86)\Steam\steamapps\common\Left 4 Dead 2 Dedicated Server\left4dead2\addons\sourcemod\scripting\survivor_chat_select_windows.sp::EllisUse
L 03/18/2021 - 12:34:08: [SM]   [10] FakeClientCommand
L 03/18/2021 - 12:34:08: [SM]   [11] Line 482, \\DESKTOP-E5450\SanDisk Z400s SSD 128G\Program Files (x86)\Steam\steamapps\common\Left 4 Dead 2 Dedicated Server\left4dead2\addons\sourcemod\scripting\survivor_chat_select_windows.sp::Event_PlayerToBot
L 03/18/2021 - 12:34:08: [SM] Exception reported: String formatted incorrectly - parameter 4 (total 3)
L 03/18/2021 - 12:34:08: [SM] Blaming: admincheats.smx
L 03/18/2021 - 12:34:08: [SM] Call stack trace:
L 03/18/2021 - 12:34:08: [SM]   [0] PrintToConsole
L 03/18/2021 - 12:34:08: [SM]   [1] Line 75, \\DESKTOP-E5450\SanDisk Z400s SSD 128G\Program Files (x86)\Steam\steamapps\common\Left 4 Dead 2 Dedicated Server\left4dead2\addons\sourcemod\scripting\admincheats.sp::cheatcommand
L 03/18/2021 - 12:34:08: [SM]   [3] FakeClientCommand
L 03/18/2021 - 12:34:08: [SM]   [4] Line 685, \\DESKTOP-E5450\SanDisk Z400s SSD 128G\Program Files (x86)\Steam\steamapps\common\Left 4 Dead 2 Dedicated Server\left4dead2\addons\sourcemod\scripting\survivor_chat_select_windows.sp::CheatCommand
L 03/18/2021 - 12:34:08: [SM]   [5] Line 663, \\DESKTOP-E5450\SanDisk Z400s SSD 128G\Program Files (x86)\Steam\steamapps\common\Left 4 Dead 2 Dedicated Server\left4dead2\addons\sourcemod\scripting\survivor_chat_select_windows.sp::ReEquipSlot1
L 03/18/2021 - 12:34:08: [SM]   [6] Line 569, \\DESKTOP-E5450\SanDisk Z400s SSD 128G\Program Files (x86)\Steam\steamapps\common\Left 4 Dead 2 Dedicated Server\left4dead2\addons\sourcemod\scripting\survivor_chat_select_windows.sp::ReEquipWeapons
L 03/18/2021 - 12:34:08: [SM]   [7] Line 165, \\DESKTOP-E5450\SanDisk Z400s SSD 128G\Program Files (x86)\Steam\steamapps\common\Left 4 Dead 2 Dedicated Server\left4dead2\addons\sourcemod\scripting\survivor_chat_select_windows.sp::SurvivorChange
L 03/18/2021 - 12:34:08: [SM]   [8] Line 121, \\DESKTOP-E5450\SanDisk Z400s SSD 128G\Program Files (x86)\Steam\steamapps\common\Left 4 Dead 2 Dedicated Server\left4dead2\addons\sourcemod\scripting\survivor_chat_select_windows.sp::NickUse
L 03/18/2021 - 12:34:08: [SM]   [10] FakeClientCommand
L 03/18/2021 - 12:34:08: [SM]   [11] Line 482, \\DESKTOP-E5450\SanDisk Z400s SSD 128G\Program Files (x86)\Steam\steamapps\common\Left 4 Dead 2 Dedicated Server\left4dead2\addons\sourcemod\scripting\survivor_chat_select_windows.sp::Event_PlayerToBot
L 03/18/2021 - 12:34:08: [SM] Exception reported: String formatted incorrectly - parameter 4 (total 3)
L 03/18/2021 - 12:34:08: [SM] Blaming: admincheats.smx
L 03/18/2021 - 12:34:08: [SM] Call stack trace:
L 03/18/2021 - 12:34:08: [SM]   [0] PrintToConsole
L 03/18/2021 - 12:34:08: [SM]   [1] Line 75, \\DESKTOP-E5450\SanDisk Z400s SSD 128G\Program Files (x86)\Steam\steamapps\common\Left 4 Dead 2 Dedicated Server\left4dead2\addons\sourcemod\scripting\admincheats.sp::cheatcommand
L 03/18/2021 - 12:34:08: [SM]   [3] FakeClientCommand
L 03/18/2021 - 12:34:08: [SM]   [4] Line 685, \\DESKTOP-E5450\SanDisk Z400s SSD 128G\Program Files (x86)\Steam\steamapps\common\Left 4 Dead 2 Dedicated Server\left4dead2\addons\sourcemod\scripting\survivor_chat_select_windows.sp::CheatCommand
L 03/18/2021 - 12:34:08: [SM]   [5] Line 663, \\DESKTOP-E5450\SanDisk Z400s SSD 128G\Program Files (x86)\Steam\steamapps\common\Left 4 Dead 2 Dedicated Server\left4dead2\addons\sourcemod\scripting\survivor_chat_select_windows.sp::ReEquipSlot1
L 03/18/2021 - 12:34:08: [SM]   [6] Line 569, \\DESKTOP-E5450\SanDisk Z400s SSD 128G\Program Files (x86)\Steam\steamapps\common\Left 4 Dead 2 Dedicated Server\left4dead2\addons\sourcemod\scripting\survivor_chat_select_windows.sp::ReEquipWeapons
L 03/18/2021 - 12:34:08: [SM]   [7] Line 165, \\DESKTOP-E5450\SanDisk Z400s SSD 128G\Program Files (x86)\Steam\steamapps\common\Left 4 Dead 2 Dedicated Server\left4dead2\addons\sourcemod\scripting\survivor_chat_select_windows.sp::SurvivorChange
L 03/18/2021 - 12:34:08: [SM]   [8] Line 133, \\DESKTOP-E5450\SanDisk Z400s SSD 128G\Program Files (x86)\Steam\steamapps\common\Left 4 Dead 2 Dedicated Server\left4dead2\addons\sourcemod\scripting\survivor_chat_select_windows.sp::RochelleUse
L 03/18/2021 - 12:34:08: [SM]   [10] FakeClientCommand
L 03/18/2021 - 12:34:08: [SM]   [11] Line 482, \\DESKTOP-E5450\SanDisk Z400s SSD 128G\Program Files (x86)\Steam\steamapps\common\Left 4 Dead 2 Dedicated Server\left4dead2\addons\sourcemod\scripting\survivor_chat_select_windows.sp::Event_PlayerToBot
L 03/18/2021 - 12:34:08: [SM] Exception reported: String formatted incorrectly - parameter 4 (total 3)
L 03/18/2021 - 12:34:08: [SM] Blaming: admincheats.smx
L 03/18/2021 - 12:34:08: [SM] Call stack trace:
L 03/18/2021 - 12:34:08: [SM]   [0] PrintToConsole
L 03/18/2021 - 12:34:08: [SM]   [1] Line 75, \\DESKTOP-E5450\SanDisk Z400s SSD 128G\Program Files (x86)\Steam\steamapps\common\Left 4 Dead 2 Dedicated Server\left4dead2\addons\sourcemod\scripting\admincheats.sp::cheatcommand
L 03/18/2021 - 12:34:08: [SM]   [3] FakeClientCommand
L 03/18/2021 - 12:34:08: [SM]   [4] Line 685, \\DESKTOP-E5450\SanDisk Z400s SSD 128G\Program Files (x86)\Steam\steamapps\common\Left 4 Dead 2 Dedicated Server\left4dead2\addons\sourcemod\scripting\survivor_chat_select_windows.sp::CheatCommand
L 03/18/2021 - 12:34:08: [SM]   [5] Line 663, \\DESKTOP-E5450\SanDisk Z400s SSD 128G\Program Files (x86)\Steam\steamapps\common\Left 4 Dead 2 Dedicated Server\left4dead2\addons\sourcemod\scripting\survivor_chat_select_windows.sp::ReEquipSlot1
L 03/18/2021 - 12:34:08: [SM]   [6] Line 569, \\DESKTOP-E5450\SanDisk Z400s SSD 128G\Program Files (x86)\Steam\steamapps\common\Left 4 Dead 2 Dedicated Server\left4dead2\addons\sourcemod\scripting\survivor_chat_select_windows.sp::ReEquipWeapons
L 03/18/2021 - 12:34:08: [SM]   [7] Line 165, \\DESKTOP-E5450\SanDisk Z400s SSD 128G\Program Files (x86)\Steam\steamapps\common\Left 4 Dead 2 Dedicated Server\left4dead2\addons\sourcemod\scripting\survivor_chat_select_windows.sp::SurvivorChange
L 03/18/2021 - 12:34:08: [SM]   [8] Line 129, \\DESKTOP-E5450\SanDisk Z400s SSD 128G\Program Files (x86)\Steam\steamapps\common\Left 4 Dead 2 Dedicated Server\left4dead2\addons\sourcemod\scripting\survivor_chat_select_windows.sp::CoachUse
L 03/18/2021 - 12:34:08: [SM]   [10] FakeClientCommand
L 03/18/2021 - 12:34:08: [SM]   [11] Line 482, \\DESKTOP-E5450\SanDisk Z400s SSD 128G\Program Files (x86)\Steam\steamapps\common\Left 4 Dead 2 Dedicated Server\left4dead2\addons\sourcemod\scripting\survivor_chat_select_windows.sp::Event_PlayerToBot
L 03/18/2021 - 12:34:08: [SM] Exception reported: String formatted incorrectly - parameter 4 (total 3)
L 03/18/2021 - 12:34:08: [SM] Blaming: admincheats.smx
L 03/18/2021 - 12:34:08: [SM] Call stack trace:
L 03/18/2021 - 12:34:08: [SM]   [0] PrintToConsole
L 03/18/2021 - 12:34:08: [SM]   [1] Line 75, \\DESKTOP-E5450\SanDisk Z400s SSD 128G\Program Files (x86)\Steam\steamapps\common\Left 4 Dead 2 Dedicated Server\left4dead2\addons\sourcemod\scripting\admincheats.sp::cheatcommand
L 03/18/2021 - 12:34:08: [SM]   [3] FakeClientCommand
L 03/18/2021 - 12:34:08: [SM]   [4] Line 685, \\DESKTOP-E5450\SanDisk Z400s SSD 128G\Program Files (x86)\Steam\steamapps\common\Left 4 Dead 2 Dedicated Server\left4dead2\addons\sourcemod\scripting\survivor_chat_select_windows.sp::CheatCommand
L 03/18/2021 - 12:34:08: [SM]   [5] Line 663, \\DESKTOP-E5450\SanDisk Z400s SSD 128G\Program Files (x86)\Steam\steamapps\common\Left 4 Dead 2 Dedicated Server\left4dead2\addons\sourcemod\scripting\survivor_chat_select_windows.sp::ReEquipSlot1
L 03/18/2021 - 12:34:08: [SM]   [6] Line 569, \\DESKTOP-E5450\SanDisk Z400s SSD 128G\Program Files (x86)\Steam\steamapps\common\Left 4 Dead 2 Dedicated Server\left4dead2\addons\sourcemod\scripting\survivor_chat_select_windows.sp::ReEquipWeapons
L 03/18/2021 - 12:34:08: [SM]   [7] Line 165, \\DESKTOP-E5450\SanDisk Z400s SSD 128G\Program Files (x86)\Steam\steamapps\common\Left 4 Dead 2 Dedicated Server\left4dead2\addons\sourcemod\scripting\survivor_chat_select_windows.sp::SurvivorChange
L 03/18/2021 - 12:34:08: [SM]   [8] Line 121, \\DESKTOP-E5450\SanDisk Z400s SSD 128G\Program Files (x86)\Steam\steamapps\common\Left 4 Dead 2 Dedicated Server\left4dead2\addons\sourcemod\scripting\survivor_chat_select_windows.sp::NickUse
L 03/18/2021 - 12:34:08: [SM]   [10] FakeClientCommand
L 03/18/2021 - 12:34:08: [SM]   [11] Line 482, \\DESKTOP-E5450\SanDisk Z400s SSD 128G\Program Files (x86)\Steam\steamapps\common\Left 4 Dead 2 Dedicated Server\left4dead2\addons\sourcemod\scripting\survivor_chat_select_windows.sp::Event_PlayerToBot
L 03/18/2021 - 12:34:10: [SM] Exception reported: String formatted incorrectly - parameter 4 (total 3)
L 03/18/2021 - 12:34:10: [SM] Blaming: admincheats.smx
L 03/18/2021 - 12:34:10: [SM] Call stack trace:
L 03/18/2021 - 12:34:10: [SM]   [0] PrintToConsole
L 03/18/2021 - 12:34:10: [SM]   [1] Line 75, \\DESKTOP-E5450\SanDisk Z400s SSD 128G\Program Files (x86)\Steam\steamapps\common\Left 4 Dead 2 Dedicated Server\left4dead2\addons\sourcemod\scripting\admincheats.sp::cheatcommand
L 03/18/2021 - 12:34:10: [SM]   [3] FakeClientCommand
L 03/18/2021 - 12:34:10: [SM]   [4] Line 1669, /home/forums/content/files/2/6/7/1/7/4/153554.attach::CheatCommand
L 03/18/2021 - 12:34:10: [SM]   [5] Line 221, /home/forums/content/files/2/6/7/1/7/4/153554.attach::Timer_SpawnExtraMedKit
L 03/18/2021 - 12:34:11: [SM] Exception reported: String formatted incorrectly - parameter 4 (total 3)
L 03/18/2021 - 12:34:11: [SM] Blaming: admincheats.smx
L 03/18/2021 - 12:34:11: [SM] Call stack trace:
L 03/18/2021 - 12:34:11: [SM]   [0] PrintToConsole
L 03/18/2021 - 12:34:11: [SM]   [1] Line 75, \\DESKTOP-E5450\SanDisk Z400s SSD 128G\Program Files (x86)\Steam\steamapps\common\Left 4 Dead 2 Dedicated Server\left4dead2\addons\sourcemod\scripting\admincheats.sp::cheatcommand
L 03/18/2021 - 12:34:11: [SM]   [3] FakeClientCommand
L 03/18/2021 - 12:34:11: [SM]   [4] Line 1669, /home/forums/content/files/2/6/7/1/7/4/153554.attach::CheatCommand
L 03/18/2021 - 12:34:11: [SM]   [5] Line 221, /home/forums/content/files/2/6/7/1/7/4/153554.attach::Timer_SpawnExtraMedKit
L 03/18/2021 - 12:34:11: [SM] Exception reported: String formatted incorrectly - parameter 4 (total 3)
L 03/18/2021 - 12:34:11: [SM] Blaming: admincheats.smx
L 03/18/2021 - 12:34:11: [SM] Call stack trace:
L 03/18/2021 - 12:34:11: [SM]   [0] PrintToConsole
L 03/18/2021 - 12:34:11: [SM]   [1] Line 75, \\DESKTOP-E5450\SanDisk Z400s SSD 128G\Program Files (x86)\Steam\steamapps\common\Left 4 Dead 2 Dedicated Server\left4dead2\addons\sourcemod\scripting\admincheats.sp::cheatcommand
L 03/18/2021 - 12:34:11: [SM]   [3] FakeClientCommand
L 03/18/2021 - 12:34:11: [SM]   [4] Line 1669, /home/forums/content/files/2/6/7/1/7/4/153554.attach::CheatCommand
L 03/18/2021 - 12:34:11: [SM]   [5] Line 221, /home/forums/content/files/2/6/7/1/7/4/153554.attach::Timer_SpawnExtraMedKit
L 03/18/2021 - 12:34:11: [SM] Exception reported: String formatted incorrectly - parameter 4 (total 3)
L 03/18/2021 - 12:34:11: [SM] Blaming: admincheats.smx
L 03/18/2021 - 12:34:11: [SM] Call stack trace:
L 03/18/2021 - 12:34:11: [SM]   [0] PrintToConsole
L 03/18/2021 - 12:34:11: [SM]   [1] Line 75, \\DESKTOP-E5450\SanDisk Z400s SSD 128G\Program Files (x86)\Steam\steamapps\common\Left 4 Dead 2 Dedicated Server\left4dead2\addons\sourcemod\scripting\admincheats.sp::cheatcommand
L 03/18/2021 - 12:34:11: [SM]   [3] FakeClientCommand
L 03/18/2021 - 12:34:11: [SM]   [4] Line 1669, /home/forums/content/files/2/6/7/1/7/4/153554.attach::CheatCommand
L 03/18/2021 - 12:34:11: [SM]   [5] Line 221, /home/forums/content/files/2/6/7/1/7/4/153554.attach::Timer_SpawnExtraMedKit
L 03/18/2021 - 12:34:11: [SM] Exception reported: String formatted incorrectly - parameter 4 (total 3)
L 03/18/2021 - 12:34:11: [SM] Blaming: admincheats.smx
L 03/18/2021 - 12:34:11: [SM] Call stack trace:
L 03/18/2021 - 12:34:11: [SM]   [0] PrintToConsole
L 03/18/2021 - 12:34:11: [SM]   [1] Line 75, \\DESKTOP-E5450\SanDisk Z400s SSD 128G\Program Files (x86)\Steam\steamapps\common\Left 4 Dead 2 Dedicated Server\left4dead2\addons\sourcemod\scripting\admincheats.sp::cheatcommand
L 03/18/2021 - 12:34:11: [SM]   [3] FakeClientCommand
L 03/18/2021 - 12:34:11: [SM]   [4] Line 1669, /home/forums/content/files/2/6/7/1/7/4/153554.attach::CheatCommand
L 03/18/2021 - 12:34:11: [SM]   [5] Line 221, /home/forums/content/files/2/6/7/1/7/4/153554.attach::Timer_SpawnExtraMedKit
L 03/18/2021 - 12:34:11: [SM] Exception reported: String formatted incorrectly - parameter 4 (total 3)
L 03/18/2021 - 12:34:11: [SM] Blaming: admincheats.smx
L 03/18/2021 - 12:34:11: [SM] Call stack trace:
L 03/18/2021 - 12:34:11: [SM]   [0] PrintToConsole
L 03/18/2021 - 12:34:11: [SM]   [1] Line 75, \\DESKTOP-E5450\SanDisk Z400s SSD 128G\Program Files (x86)\Steam\steamapps\common\Left 4 Dead 2 Dedicated Server\left4dead2\addons\sourcemod\scripting\admincheats.sp::cheatcommand
L 03/18/2021 - 12:34:11: [SM]   [3] FakeClientCommand
L 03/18/2021 - 12:34:11: [SM]   [4] Line 1669, /home/forums/content/files/2/6/7/1/7/4/153554.attach::CheatCommand
L 03/18/2021 - 12:34:11: [SM]   [5] Line 221, /home/forums/content/files/2/6/7/1/7/4/153554.attach::Timer_SpawnExtraMedKit
L 03/18/2021 - 12:34:11: [SM] Exception reported: String formatted incorrectly - parameter 4 (total 3)
L 03/18/2021 - 12:34:11: [SM] Blaming: admincheats.smx
L 03/18/2021 - 12:34:11: [SM] Call stack trace:
L 03/18/2021 - 12:34:11: [SM]   [0] PrintToConsole
L 03/18/2021 - 12:34:11: [SM]   [1] Line 75, \\DESKTOP-E5450\SanDisk Z400s SSD 128G\Program Files (x86)\Steam\steamapps\common\Left 4 Dead 2 Dedicated Server\left4dead2\addons\sourcemod\scripting\admincheats.sp::cheatcommand
L 03/18/2021 - 12:34:11: [SM]   [3] FakeClientCommand
L 03/18/2021 - 12:34:11: [SM]   [4] Line 1669, /home/forums/content/files/2/6/7/1/7/4/153554.attach::CheatCommand
L 03/18/2021 - 12:34:11: [SM]   [5] Line 221, /home/forums/content/files/2/6/7/1/7/4/153554.attach::Timer_SpawnExtraMedKit
L 03/18/2021 - 12:34:11: [SM] Exception reported: String formatted incorrectly - parameter 4 (total 3)
L 03/18/2021 - 12:34:11: [SM] Blaming: admincheats.smx
L 03/18/2021 - 12:34:11: [SM] Call stack trace:
L 03/18/2021 - 12:34:11: [SM]   [0] PrintToConsole
L 03/18/2021 - 12:34:11: [SM]   [1] Line 75, \\DESKTOP-E5450\SanDisk Z400s SSD 128G\Program Files (x86)\Steam\steamapps\common\Left 4 Dead 2 Dedicated Server\left4dead2\addons\sourcemod\scripting\admincheats.sp::cheatcommand
L 03/18/2021 - 12:34:11: [SM]   [3] FakeClientCommand
L 03/18/2021 - 12:34:11: [SM]   [4] Line 1669, /home/forums/content/files/2/6/7/1/7/4/153554.attach::CheatCommand
L 03/18/2021 - 12:34:11: [SM]   [5] Line 221, /home/forums/content/files/2/6/7/1/7/4/153554.attach::Timer_SpawnExtraMedKit
L 03/18/2021 - 12:34:11: [SM] Exception reported: String formatted incorrectly - parameter 4 (total 3)
L 03/18/2021 - 12:34:11: [SM] Blaming: admincheats.smx
L 03/18/2021 - 12:34:11: [SM] Call stack trace:
L 03/18/2021 - 12:34:11: [SM]   [0] PrintToConsole
L 03/18/2021 - 12:34:11: [SM]   [1] Line 75, \\DESKTOP-E5450\SanDisk Z400s SSD 128G\Program Files (x86)\Steam\steamapps\common\Left 4 Dead 2 Dedicated Server\left4dead2\addons\sourcemod\scripting\admincheats.sp::cheatcommand
L 03/18/2021 - 12:34:11: [SM]   [3] FakeClientCommand
L 03/18/2021 - 12:34:11: [SM]   [4] Line 1669, /home/forums/content/files/2/6/7/1/7/4/153554.attach::CheatCommand
L 03/18/2021 - 12:34:11: [SM]   [5] Line 221, /home/forums/content/files/2/6/7/1/7/4/153554.attach::Timer_SpawnExtraMedKit
L 03/18/2021 - 12:34:11: [SM] Exception reported: String formatted incorrectly - parameter 4 (total 3)
L 03/18/2021 - 12:34:11: [SM] Blaming: admincheats.smx
L 03/18/2021 - 12:34:11: [SM] Call stack trace:
L 03/18/2021 - 12:34:11: [SM]   [0] PrintToConsole
L 03/18/2021 - 12:34:11: [SM]   [1] Line 75, \\DESKTOP-E5450\SanDisk Z400s SSD 128G\Program Files (x86)\Steam\steamapps\common\Left 4 Dead 2 Dedicated Server\left4dead2\addons\sourcemod\scripting\admincheats.sp::cheatcommand
L 03/18/2021 - 12:34:11: [SM]   [3] FakeClientCommand
L 03/18/2021 - 12:34:11: [SM]   [4] Line 1669, /home/forums/content/files/2/6/7/1/7/4/153554.attach::CheatCommand
L 03/18/2021 - 12:34:11: [SM]   [5] Line 221, /home/forums/content/files/2/6/7/1/7/4/153554.attach::Timer_SpawnExtraMedKit
L 03/18/2021 - 12:34:11: [SM] Exception reported: String formatted incorrectly - parameter 4 (total 3)
L 03/18/2021 - 12:34:11: [SM] Blaming: admincheats.smx
L 03/18/2021 - 12:34:11: [SM] Call stack trace:
L 03/18/2021 - 12:34:11: [SM]   [0] PrintToConsole
L 03/18/2021 - 12:34:11: [SM]   [1] Line 75, \\DESKTOP-E5450\SanDisk Z400s SSD 128G\Program Files (x86)\Steam\steamapps\common\Left 4 Dead 2 Dedicated Server\left4dead2\addons\sourcemod\scripting\admincheats.sp::cheatcommand
L 03/18/2021 - 12:34:11: [SM]   [3] FakeClientCommand
L 03/18/2021 - 12:34:11: [SM]   [4] Line 1669, /home/forums/content/files/2/6/7/1/7/4/153554.attach::CheatCommand
L 03/18/2021 - 12:34:11: [SM]   [5] Line 221, /home/forums/content/files/2/6/7/1/7/4/153554.attach::Timer_SpawnExtraMedKit
L 03/18/2021 - 12:34:11: [SM] Exception reported: String formatted incorrectly - parameter 4 (total 3)
L 03/18/2021 - 12:34:11: [SM] Blaming: admincheats.smx
L 03/18/2021 - 12:34:11: [SM] Call stack trace:
L 03/18/2021 - 12:34:11: [SM]   [0] PrintToConsole
L 03/18/2021 - 12:34:11: [SM]   [1] Line 75, \\DESKTOP-E5450\SanDisk Z400s SSD 128G\Program Files (x86)\Steam\steamapps\common\Left 4 Dead 2 Dedicated Server\left4dead2\addons\sourcemod\scripting\admincheats.sp::cheatcommand
L 03/18/2021 - 12:34:11: [SM]   [3] FakeClientCommand
L 03/18/2021 - 12:34:11: [SM]   [4] Line 1669, /home/forums/content/files/2/6/7/1/7/4/153554.attach::CheatCommand
L 03/18/2021 - 12:34:11: [SM]   [5] Line 221, /home/forums/content/files/2/6/7/1/7/4/153554.attach::Timer_SpawnExtraMedKit
L 03/18/2021 - 12:34:11: [SM] Exception reported: String formatted incorrectly - parameter 4 (total 3)
L 03/18/2021 - 12:34:11: [SM] Blaming: admincheats.smx
L 03/18/2021 - 12:34:11: [SM] Call stack trace:
L 03/18/2021 - 12:34:11: [SM]   [0] PrintToConsole
L 03/18/2021 - 12:34:11: [SM]   [1] Line 75, \\DESKTOP-E5450\SanDisk Z400s SSD 128G\Program Files (x86)\Steam\steamapps\common\Left 4 Dead 2 Dedicated Server\left4dead2\addons\sourcemod\scripting\admincheats.sp::cheatcommand
L 03/18/2021 - 12:34:11: [SM]   [3] FakeClientCommand
L 03/18/2021 - 12:34:11: [SM]   [4] Line 1669, /home/forums/content/files/2/6/7/1/7/4/153554.attach::CheatCommand
L 03/18/2021 - 12:34:11: [SM]   [5] Line 221, /home/forums/content/files/2/6/7/1/7/4/153554.attach::Timer_SpawnExtraMedKit
L 03/18/2021 - 12:34:11: [SM] Exception reported: String formatted incorrectly - parameter 4 (total 3)
L 03/18/2021 - 12:34:11: [SM] Blaming: admincheats.smx
L 03/18/2021 - 12:34:11: [SM] Call stack trace:
L 03/18/2021 - 12:34:11: [SM]   [0] PrintToConsole
L 03/18/2021 - 12:34:11: [SM]   [1] Line 75, \\DESKTOP-E5450\SanDisk Z400s SSD 128G\Program Files (x86)\Steam\steamapps\common\Left 4 Dead 2 Dedicated Server\left4dead2\addons\sourcemod\scripting\admincheats.sp::cheatcommand
L 03/18/2021 - 12:34:11: [SM]   [3] FakeClientCommand
L 03/18/2021 - 12:34:11: [SM]   [4] Line 1669, /home/forums/content/files/2/6/7/1/7/4/153554.attach::CheatCommand
L 03/18/2021 - 12:34:11: [SM]   [5] Line 221, /home/forums/content/files/2/6/7/1/7/4/153554.attach::Timer_SpawnExtraMedKit
L 03/18/2021 - 12:36:38: [SM] Exception reported: String formatted incorrectly - parameter 4 (total 3)
L 03/18/2021 - 12:36:38: [SM] Blaming: admincheats.smx
L 03/18/2021 - 12:36:38: [SM] Call stack trace:
L 03/18/2021 - 12:36:38: [SM]   [0] PrintToConsole
L 03/18/2021 - 12:36:38: [SM]   [1] Line 75, \\DESKTOP-E5450\SanDisk Z400s SSD 128G\Program Files (x86)\Steam\steamapps\common\Left 4 Dead 2 Dedicated Server\left4dead2\addons\sourcemod\scripting\admincheats.sp::cheatcommand
L 03/18/2021 - 12:36:38: [SM]   [3] FakeClientCommand
L 03/18/2021 - 12:36:38: [SM]   [4] Line 685, \\DESKTOP-E5450\SanDisk Z400s SSD 128G\Program Files (x86)\Steam\steamapps\common\Left 4 Dead 2 Dedicated Server\left4dead2\addons\sourcemod\scripting\survivor_chat_select_windows.sp::CheatCommand
L 03/18/2021 - 12:36:38: [SM]   [5] Line 555, \\DESKTOP-E5450\SanDisk Z400s SSD 128G\Program Files (x86)\Steam\steamapps\common\Left 4 Dead 2 Dedicated Server\left4dead2\addons\sourcemod\scripting\survivor_chat_select_windows.sp::ReEquipWeapons
L 03/18/2021 - 12:36:38: [SM]   [6] Line 165, \\DESKTOP-E5450\SanDisk Z400s SSD 128G\Program Files (x86)\Steam\steamapps\common\Left 4 Dead 2 Dedicated Server\left4dead2\addons\sourcemod\scripting\survivor_chat_select_windows.sp::SurvivorChange
L 03/18/2021 - 12:36:38: [SM]   [7] Line 141, \\DESKTOP-E5450\SanDisk Z400s SSD 128G\Program Files (x86)\Steam\steamapps\common\Left 4 Dead 2 Dedicated Server\left4dead2\addons\sourcemod\scripting\survivor_chat_select_windows.sp::ZoeyUse
L 03/18/2021 - 12:36:38: [SM]   [8] Line 380, \\DESKTOP-E5450\SanDisk Z400s SSD 128G\Program Files (x86)\Steam\steamapps\common\Left 4 Dead 2 Dedicated Server\left4dead2\addons\sourcemod\scripting\survivor_chat_select_windows.sp::CharMenu
L 03/18/2021 - 12:36:38: [SM] Exception reported: String formatted incorrectly - parameter 4 (total 3)
L 03/18/2021 - 12:36:38: [SM] Blaming: admincheats.smx
L 03/18/2021 - 12:36:38: [SM] Call stack trace:
L 03/18/2021 - 12:36:38: [SM]   [0] PrintToConsole
L 03/18/2021 - 12:36:38: [SM]   [1] Line 75, \\DESKTOP-E5450\SanDisk Z400s SSD 128G\Program Files (x86)\Steam\steamapps\common\Left 4 Dead 2 Dedicated Server\left4dead2\addons\sourcemod\scripting\admincheats.sp::cheatcommand
L 03/18/2021 - 12:36:38: [SM]   [3] FakeClientCommand
L 03/18/2021 - 12:36:38: [SM]   [4] Line 685, \\DESKTOP-E5450\SanDisk Z400s SSD 128G\Program Files (x86)\Steam\steamapps\common\Left 4 Dead 2 Dedicated Server\left4dead2\addons\sourcemod\scripting\survivor_chat_select_windows.sp::CheatCommand
L 03/18/2021 - 12:36:38: [SM]   [5] Line 561, \\DESKTOP-E5450\SanDisk Z400s SSD 128G\Program Files (x86)\Steam\steamapps\common\Left 4 Dead 2 Dedicated Server\left4dead2\addons\sourcemod\scripting\survivor_chat_select_windows.sp::ReEquipWeapons
L 03/18/2021 - 12:36:38: [SM]   [6] Line 165, \\DESKTOP-E5450\SanDisk Z400s SSD 128G\Program Files (x86)\Steam\steamapps\common\Left 4 Dead 2 Dedicated Server\left4dead2\addons\sourcemod\scripting\survivor_chat_select_windows.sp::SurvivorChange
L 03/18/2021 - 12:36:38: [SM]   [7] Line 141, \\DESKTOP-E5450\SanDisk Z400s SSD 128G\Program Files (x86)\Steam\steamapps\common\Left 4 Dead 2 Dedicated Server\left4dead2\addons\sourcemod\scripting\survivor_chat_select_windows.sp::ZoeyUse
L 03/18/2021 - 12:36:38: [SM]   [8] Line 380, \\DESKTOP-E5450\SanDisk Z400s SSD 128G\Program Files (x86)\Steam\steamapps\common\Left 4 Dead 2 Dedicated Server\left4dead2\addons\sourcemod\scripting\survivor_chat_select_windows.sp::CharMenu
L 03/18/2021 - 12:36:38: [SM] Exception reported: String formatted incorrectly - parameter 4 (total 3)
L 03/18/2021 - 12:36:38: [SM] Blaming: admincheats.smx
L 03/18/2021 - 12:36:38: [SM] Call stack trace:
L 03/18/2021 - 12:36:38: [SM]   [0] PrintToConsole
L 03/18/2021 - 12:36:38: [SM]   [1] Line 75, \\DESKTOP-E5450\SanDisk Z400s SSD 128G\Program Files (x86)\Steam\steamapps\common\Left 4 Dead 2 Dedicated Server\left4dead2\addons\sourcemod\scripting\admincheats.sp::cheatcommand
L 03/18/2021 - 12:36:38: [SM]   [3] FakeClientCommand
L 03/18/2021 - 12:36:38: [SM]   [4] Line 685, \\DESKTOP-E5450\SanDisk Z400s SSD 128G\Program Files (x86)\Steam\steamapps\common\Left 4 Dead 2 Dedicated Server\left4dead2\addons\sourcemod\scripting\survivor_chat_select_windows.sp::CheatCommand
L 03/18/2021 - 12:36:38: [SM]   [5] Line 567, \\DESKTOP-E5450\SanDisk Z400s SSD 128G\Program Files (x86)\Steam\steamapps\common\Left 4 Dead 2 Dedicated Server\left4dead2\addons\sourcemod\scripting\survivor_chat_select_windows.sp::ReEquipWeapons
L 03/18/2021 - 12:36:38: [SM]   [6] Line 165, \\DESKTOP-E5450\SanDisk Z400s SSD 128G\Program Files (x86)\Steam\steamapps\common\Left 4 Dead 2 Dedicated Server\left4dead2\addons\sourcemod\scripting\survivor_chat_select_windows.sp::SurvivorChange
L 03/18/2021 - 12:36:38: [SM]   [7] Line 141, \\DESKTOP-E5450\SanDisk Z400s SSD 128G\Program Files (x86)\Steam\steamapps\common\Left 4 Dead 2 Dedicated Server\left4dead2\addons\sourcemod\scripting\survivor_chat_select_windows.sp::ZoeyUse
L 03/18/2021 - 12:36:38: [SM]   [8] Line 380, \\DESKTOP-E5450\SanDisk Z400s SSD 128G\Program Files (x86)\Steam\steamapps\common\Left 4 Dead 2 Dedicated Server\left4dead2\addons\sourcemod\scripting\survivor_chat_select_windows.sp::CharMenu
L 03/18/2021 - 12:36:38: [SM] Exception reported: String formatted incorrectly - parameter 4 (total 3)
L 03/18/2021 - 12:36:38: [SM] Blaming: admincheats.smx
L 03/18/2021 - 12:36:38: [SM] Call stack trace:
L 03/18/2021 - 12:36:38: [SM]   [0] PrintToConsole
L 03/18/2021 - 12:36:38: [SM]   [1] Line 75, \\DESKTOP-E5450\SanDisk Z400s SSD 128G\Program Files (x86)\Steam\steamapps\common\Left 4 Dead 2 Dedicated Server\left4dead2\addons\sourcemod\scripting\admincheats.sp::cheatcommand
L 03/18/2021 - 12:36:38: [SM]   [3] FakeClientCommand
L 03/18/2021 - 12:36:38: [SM]   [4] Line 685, \\DESKTOP-E5450\SanDisk Z400s SSD 128G\Program Files (x86)\Steam\steamapps\common\Left 4 Dead 2 Dedicated Server\left4dead2\addons\sourcemod\scripting\survivor_chat_select_windows.sp::CheatCommand
L 03/18/2021 - 12:36:38: [SM]   [5] Line 663, \\DESKTOP-E5450\SanDisk Z400s SSD 128G\Program Files (x86)\Steam\steamapps\common\Left 4 Dead 2 Dedicated Server\left4dead2\addons\sourcemod\scripting\survivor_chat_select_windows.sp::ReEquipSlot1
L 03/18/2021 - 12:36:38: [SM]   [6] Line 569, \\DESKTOP-E5450\SanDisk Z400s SSD 128G\Program Files (x86)\Steam\steamapps\common\Left 4 Dead 2 Dedicated Server\left4dead2\addons\sourcemod\scripting\survivor_chat_select_windows.sp::ReEquipWeapons
L 03/18/2021 - 12:36:38: [SM]   [7] Line 165, \\DESKTOP-E5450\SanDisk Z400s SSD 128G\Program Files (x86)\Steam\steamapps\common\Left 4 Dead 2 Dedicated Server\left4dead2\addons\sourcemod\scripting\survivor_chat_select_windows.sp::SurvivorChange
L 03/18/2021 - 12:36:38: [SM]   [8] Line 141, \\DESKTOP-E5450\SanDisk Z400s SSD 128G\Program Files (x86)\Steam\steamapps\common\Left 4 Dead 2 Dedicated Server\left4dead2\addons\sourcemod\scripting\survivor_chat_select_windows.sp::ZoeyUse
L 03/18/2021 - 12:36:38: [SM]   [9] Line 380, \\DESKTOP-E5450\SanDisk Z400s SSD 128G\Program Files (x86)\Steam\steamapps\common\Left 4 Dead 2 Dedicated Server\left4dead2\addons\sourcemod\scripting\survivor_chat_select_windows.sp::CharMenu
L 03/18/2021 - 12:39:22: Error log file session closed.
L 03/18/2021 - 12:39:23: SourceMod error session started
L 03/18/2021 - 12:39:23: Info (map "c1m2_streets") (file "C:\Program Files (x86)\Steam\steamapps\common\Left 4 Dead 2 Dedicated Server\left4dead2\addons\sourcemod\logs\errors_20210318.log")
L 03/18/2021 - 12:39:23: [SM] Exception reported: Cannot create new entity when no map is running
L 03/18/2021 - 12:39:23: [SM] Blaming: l4d2_l4d1_survivors_fix.smx
L 03/18/2021 - 12:39:23: [SM] Call stack trace:
L 03/18/2021 - 12:39:23: [SM]   [0] CreateEntityByName
L 03/18/2021 - 12:39:23: [SM]   [1] Line 137, \\DESKTOP-E5450\SanDisk Z400s SSD 128G\Program Files (x86)\Steam\steamapps\common\Left 4 Dead 2 Dedicated Server\left4dead2\addons\sourcemod\scripting\l4d2_l4d1_survivors_fix.sp::FireEntityInput
L 03/18/2021 - 12:39:23: [SM]   [2] Line 37, \\DESKTOP-E5450\SanDisk Z400s SSD 128G\Program Files (x86)\Steam\steamapps\common\Left 4 Dead 2 Dedicated Server\left4dead2\addons\sourcemod\scripting\l4d2_l4d1_survivors_fix.sp::RoundStart
L 03/18/2021 - 12:39:27: Error log file session closed.
L 03/18/2021 - 12:39:29: SourceMod error session started
L 03/18/2021 - 12:39:29: Info (map "c1m1_hotel") (file "C:\Program Files (x86)\Steam\steamapps\common\Left 4 Dead 2 Dedicated Server\left4dead2\addons\sourcemod\logs\errors_20210318.log")
L 03/18/2021 - 12:39:29: [SM] Exception reported: Cannot create new entity when no map is running
L 03/18/2021 - 12:39:29: [SM] Blaming: l4d2_l4d1_survivors_fix.smx
L 03/18/2021 - 12:39:29: [SM] Call stack trace:
L 03/18/2021 - 12:39:29: [SM]   [0] CreateEntityByName
L 03/18/2021 - 12:39:29: [SM]   [1] Line 137, \\DESKTOP-E5450\SanDisk Z400s SSD 128G\Program Files (x86)\Steam\steamapps\common\Left 4 Dead 2 Dedicated Server\left4dead2\addons\sourcemod\scripting\l4d2_l4d1_survivors_fix.sp::FireEntityInput
L 03/18/2021 - 12:39:29: [SM]   [2] Line 37, \\DESKTOP-E5450\SanDisk Z400s SSD 128G\Program Files (x86)\Steam\steamapps\common\Left 4 Dead 2 Dedicated Server\left4dead2\addons\sourcemod\scripting\l4d2_l4d1_survivors_fix.sp::RoundStart
L 03/18/2021 - 12:39:48: Error log file session closed.
