L 02/21/2021 - 00:03:02: SourceMod log file session started (file "C:\Program Files (x86)\Steam\steamapps\common\Left 4 Dead 2 Dedicated Server\left4dead2\addons\sourcemod\logs\L20210221.log") (Version "1.10.0.6502")
L 02/21/2021 - 00:03:02: [basecommands.smx] "Console<0><Console><Console>" changed cvar (cvar "survivor_friendly_fire_factor_easy") (value "0")
L 02/21/2021 - 00:03:02: [basecommands.smx] "Console<0><Console><Console>" changed cvar (cvar "survivor_friendly_fire_factor_expert") (value "0")
L 02/21/2021 - 00:03:02: [basecommands.smx] "Console<0><Console><Console>" changed cvar (cvar "survivor_friendly_fire_factor_hard") (value "0")
L 02/21/2021 - 00:03:02: [basecommands.smx] "Console<0><Console><Console>" changed cvar (cvar "survivor_friendly_fire_factor_normal") (value "0")
L 02/21/2021 - 00:03:02: [basecommands.smx] "Console<0><Console><Console>" changed cvar (cvar "sb_all_bot_game") (value "1")
L 02/21/2021 - 00:03:02: [basecommands.smx] "Console<0><Console><Console>" changed cvar (cvar "allow_all_bot_survivor_team") (value "1")
L 02/21/2021 - 00:03:02: [basecommands.smx] "Console<0><Console><Console>" changed cvar (cvar "fps_max") (value "0")
L 02/21/2021 - 00:03:02: [basecommands.smx] "Console<0><Console><Console>" changed cvar (cvar "sv_maxplayers") (value "32")
L 02/21/2021 - 00:03:02: [basecommands.smx] "Console<0><Console><Console>" changed cvar (cvar "sv_visiblemaxplayers") (value "32")
L 02/21/2021 - 00:03:02: [basecommands.smx] "Console<0><Console><Console>" changed cvar (cvar "sv_force_unreserved") (value "1")
L 02/21/2021 - 00:03:02: [basecommands.smx] "Console<0><Console><Console>" changed cvar (cvar "director_adrenaline_density") (value "3.56")
L 02/21/2021 - 00:03:02: [basecommands.smx] "Console<0><Console><Console>" changed cvar (cvar "director_defibrillator_density") (value "0.0")
L 02/21/2021 - 00:03:02: [basecommands.smx] "Console<0><Console><Console>" changed cvar (cvar "director_pain_pill_density") (value "5")
L 02/21/2021 - 00:03:02: [basecommands.smx] "Console<0><Console><Console>" changed cvar (cvar "director_super_weapon_density") (value "0.0")
L 02/21/2021 - 00:03:02: [basecommands.smx] "Console<0><Console><Console>" changed cvar (cvar "director_tank_force_offer") (value "1")
L 02/21/2021 - 00:03:02: [basecommands.smx] "Console<0><Console><Console>" changed cvar (cvar "director_upgradepack_density") (value "3.56")
L 02/21/2021 - 00:03:02: [basecommands.smx] "Console<0><Console><Console>" changed cvar (cvar "director_vomitjar_density") (value "3.56")
L 02/21/2021 - 00:03:02: [basecommands.smx] "Console<0><Console><Console>" changed cvar (cvar "versus_tank_chance") (value "1.0000")
L 02/21/2021 - 00:03:02: [basecommands.smx] "Console<0><Console><Console>" changed cvar (cvar "versus_tank_chance_finale") (value "1.0")
L 02/21/2021 - 00:03:02: [basecommands.smx] "Console<0><Console><Console>" changed cvar (cvar "versus_tank_chance_intro") (value "1.0")
L 02/21/2021 - 00:03:02: [basecommands.smx] "Console<0><Console><Console>" changed cvar (cvar "versus_tank_flow_team_variation") (value "0.0")
L 02/21/2021 - 00:03:02: [basecommands.smx] "Console<0><Console><Console>" changed cvar (cvar "versus_witch_chance") (value "1.0000")
L 02/21/2021 - 00:03:02: [basecommands.smx] "Console<0><Console><Console>" changed cvar (cvar "versus_witch_chance_finale") (value "1.0")
L 02/21/2021 - 00:03:02: [basecommands.smx] "Console<0><Console><Console>" changed cvar (cvar "versus_witch_chance_intro") (value "1.0")
L 02/21/2021 - 00:03:02: [basecommands.smx] "Console<0><Console><Console>" changed cvar (cvar "versus_witch_flow_team_variation") (value "0.0")
L 02/21/2021 - 00:03:02: [basecommands.smx] "Console<0><Console><Console>" changed cvar (cvar "tank_stuck_time_suicide") (value "9999999999")
L 02/21/2021 - 00:03:02: [basecommands.smx] "Console<0><Console><Console>" changed cvar (cvar "versus_boss_flow_max_intro") (value "0.9")
L 02/21/2021 - 00:03:02: [basecommands.smx] "Console<0><Console><Console>" changed cvar (cvar "versus_boss_flow_max") (value "0.9")
L 02/21/2021 - 00:03:02: [basecommands.smx] "Console<0><Console><Console>" changed cvar (cvar "vs_max_team_switches") (value "9999")
L 02/21/2021 - 00:03:02: [basecommands.smx] "Console<0><Console><Console>" changed cvar (cvar "director_tank_lottery_selection_time") (value "2")
L 02/21/2021 - 00:03:02: [basecommands.smx] "Console<0><Console><Console>" changed cvar (cvar "z_ghost_delay_max") (value "22")
L 02/21/2021 - 00:03:02: [basecommands.smx] "Console<0><Console><Console>" changed cvar (cvar "z_ghost_delay_min") (value "22")
L 02/21/2021 - 00:03:02: [basecommands.smx] "Console<0><Console><Console>" changed cvar (cvar "l4d_maxplayers") (value "18")
L 02/21/2021 - 00:03:02: [basecommands.smx] "Console<0><Console><Console>" changed cvar (cvar "l4d_survivor_limit") (value "18")
L 02/21/2021 - 00:03:02: [basecommands.smx] "Console<0><Console><Console>" changed cvar (cvar "l4d_infected_limit") (value "18")
L 02/21/2021 - 00:03:02: [basecommands.smx] "Console<0><Console><Console>" changed cvar (cvar "l4d_killreservation") (value "1")
L 02/21/2021 - 00:11:57: Log file closed.
L 02/21/2021 - 17:21:57: SourceMod log file session started (file "C:\Program Files (x86)\Steam\steamapps\common\Left 4 Dead 2 Dedicated Server\left4dead2\addons\sourcemod\logs\L20210221.log") (Version "1.10.0.6502")
L 02/21/2021 - 17:21:57: [basecommands.smx] "Console<0><Console><Console>" changed cvar (cvar "survivor_friendly_fire_factor_easy") (value "0")
L 02/21/2021 - 17:21:57: [basecommands.smx] "Console<0><Console><Console>" changed cvar (cvar "survivor_friendly_fire_factor_expert") (value "0")
L 02/21/2021 - 17:21:57: [basecommands.smx] "Console<0><Console><Console>" changed cvar (cvar "survivor_friendly_fire_factor_hard") (value "0")
L 02/21/2021 - 17:21:57: [basecommands.smx] "Console<0><Console><Console>" changed cvar (cvar "survivor_friendly_fire_factor_normal") (value "0")
L 02/21/2021 - 17:21:57: [basecommands.smx] "Console<0><Console><Console>" changed cvar (cvar "sb_all_bot_game") (value "1")
L 02/21/2021 - 17:21:57: [basecommands.smx] "Console<0><Console><Console>" changed cvar (cvar "allow_all_bot_survivor_team") (value "1")
L 02/21/2021 - 17:21:57: [basecommands.smx] "Console<0><Console><Console>" changed cvar (cvar "fps_max") (value "0")
L 02/21/2021 - 17:21:57: [basecommands.smx] "Console<0><Console><Console>" changed cvar (cvar "sv_maxplayers") (value "32")
L 02/21/2021 - 17:21:57: [basecommands.smx] "Console<0><Console><Console>" changed cvar (cvar "sv_visiblemaxplayers") (value "32")
L 02/21/2021 - 17:21:57: [basecommands.smx] "Console<0><Console><Console>" changed cvar (cvar "sv_force_unreserved") (value "1")
L 02/21/2021 - 17:21:57: [basecommands.smx] "Console<0><Console><Console>" changed cvar (cvar "director_adrenaline_density") (value "3.56")
L 02/21/2021 - 17:21:57: [basecommands.smx] "Console<0><Console><Console>" changed cvar (cvar "director_defibrillator_density") (value "0.0")
L 02/21/2021 - 17:21:57: [basecommands.smx] "Console<0><Console><Console>" changed cvar (cvar "director_pain_pill_density") (value "5")
L 02/21/2021 - 17:21:57: [basecommands.smx] "Console<0><Console><Console>" changed cvar (cvar "director_super_weapon_density") (value "0.0")
L 02/21/2021 - 17:21:57: [basecommands.smx] "Console<0><Console><Console>" changed cvar (cvar "director_tank_force_offer") (value "1")
L 02/21/2021 - 17:21:57: [basecommands.smx] "Console<0><Console><Console>" changed cvar (cvar "director_upgradepack_density") (value "3.56")
L 02/21/2021 - 17:21:57: [basecommands.smx] "Console<0><Console><Console>" changed cvar (cvar "director_vomitjar_density") (value "3.56")
L 02/21/2021 - 17:21:57: [basecommands.smx] "Console<0><Console><Console>" changed cvar (cvar "versus_tank_chance") (value "1.0000")
L 02/21/2021 - 17:21:57: [basecommands.smx] "Console<0><Console><Console>" changed cvar (cvar "versus_tank_chance_finale") (value "1.0")
L 02/21/2021 - 17:21:57: [basecommands.smx] "Console<0><Console><Console>" changed cvar (cvar "versus_tank_chance_intro") (value "1.0")
L 02/21/2021 - 17:21:57: [basecommands.smx] "Console<0><Console><Console>" changed cvar (cvar "versus_tank_flow_team_variation") (value "0.0")
L 02/21/2021 - 17:21:57: [basecommands.smx] "Console<0><Console><Console>" changed cvar (cvar "versus_witch_chance") (value "1.0000")
L 02/21/2021 - 17:21:57: [basecommands.smx] "Console<0><Console><Console>" changed cvar (cvar "versus_witch_chance_finale") (value "1.0")
L 02/21/2021 - 17:21:57: [basecommands.smx] "Console<0><Console><Console>" changed cvar (cvar "versus_witch_chance_intro") (value "1.0")
L 02/21/2021 - 17:21:57: [basecommands.smx] "Console<0><Console><Console>" changed cvar (cvar "versus_witch_flow_team_variation") (value "0.0")
L 02/21/2021 - 17:21:57: [basecommands.smx] "Console<0><Console><Console>" changed cvar (cvar "tank_stuck_time_suicide") (value "9999999999")
L 02/21/2021 - 17:21:57: [basecommands.smx] "Console<0><Console><Console>" changed cvar (cvar "versus_boss_flow_max_intro") (value "0.9")
L 02/21/2021 - 17:21:57: [basecommands.smx] "Console<0><Console><Console>" changed cvar (cvar "versus_boss_flow_max") (value "0.9")
L 02/21/2021 - 17:21:57: [basecommands.smx] "Console<0><Console><Console>" changed cvar (cvar "vs_max_team_switches") (value "9999")
L 02/21/2021 - 17:21:57: [basecommands.smx] "Console<0><Console><Console>" changed cvar (cvar "director_tank_lottery_selection_time") (value "2")
L 02/21/2021 - 17:21:57: [basecommands.smx] "Console<0><Console><Console>" changed cvar (cvar "z_ghost_delay_max") (value "22")
L 02/21/2021 - 17:21:57: [basecommands.smx] "Console<0><Console><Console>" changed cvar (cvar "z_ghost_delay_min") (value "22")
L 02/21/2021 - 17:21:57: [basecommands.smx] "Console<0><Console><Console>" changed cvar (cvar "l4d_maxplayers") (value "18")
L 02/21/2021 - 17:21:57: [basecommands.smx] "Console<0><Console><Console>" changed cvar (cvar "l4d_survivor_limit") (value "18")
L 02/21/2021 - 17:21:57: [basecommands.smx] "Console<0><Console><Console>" changed cvar (cvar "l4d_infected_limit") (value "18")
L 02/21/2021 - 17:21:57: [basecommands.smx] "Console<0><Console><Console>" changed cvar (cvar "l4d_killreservation") (value "1")
L 02/21/2021 - 17:31:16: Log file closed.
L 02/21/2021 - 17:31:27: SourceMod log file session started (file "C:\Program Files (x86)\Steam\steamapps\common\Left 4 Dead 2 Dedicated Server\left4dead2\addons\sourcemod\logs\L20210221.log") (Version "1.10.0.6502")
L 02/21/2021 - 17:31:27: [basecommands.smx] "Console<0><Console><Console>" changed cvar (cvar "survivor_friendly_fire_factor_easy") (value "0")
L 02/21/2021 - 17:31:27: [basecommands.smx] "Console<0><Console><Console>" changed cvar (cvar "survivor_friendly_fire_factor_expert") (value "0")
L 02/21/2021 - 17:31:27: [basecommands.smx] "Console<0><Console><Console>" changed cvar (cvar "survivor_friendly_fire_factor_hard") (value "0")
L 02/21/2021 - 17:31:27: [basecommands.smx] "Console<0><Console><Console>" changed cvar (cvar "survivor_friendly_fire_factor_normal") (value "0")
L 02/21/2021 - 17:31:27: [basecommands.smx] "Console<0><Console><Console>" changed cvar (cvar "sb_all_bot_game") (value "1")
L 02/21/2021 - 17:31:27: [basecommands.smx] "Console<0><Console><Console>" changed cvar (cvar "allow_all_bot_survivor_team") (value "1")
L 02/21/2021 - 17:31:27: [basecommands.smx] "Console<0><Console><Console>" changed cvar (cvar "fps_max") (value "0")
L 02/21/2021 - 17:31:27: [basecommands.smx] "Console<0><Console><Console>" changed cvar (cvar "sv_maxplayers") (value "32")
L 02/21/2021 - 17:31:27: [basecommands.smx] "Console<0><Console><Console>" changed cvar (cvar "sv_visiblemaxplayers") (value "32")
L 02/21/2021 - 17:31:27: [basecommands.smx] "Console<0><Console><Console>" changed cvar (cvar "sv_force_unreserved") (value "1")
L 02/21/2021 - 17:31:27: [basecommands.smx] "Console<0><Console><Console>" changed cvar (cvar "director_adrenaline_density") (value "3.56")
L 02/21/2021 - 17:31:27: [basecommands.smx] "Console<0><Console><Console>" changed cvar (cvar "director_defibrillator_density") (value "0.0")
L 02/21/2021 - 17:31:27: [basecommands.smx] "Console<0><Console><Console>" changed cvar (cvar "director_pain_pill_density") (value "5")
L 02/21/2021 - 17:31:27: [basecommands.smx] "Console<0><Console><Console>" changed cvar (cvar "director_super_weapon_density") (value "0.0")
L 02/21/2021 - 17:31:27: [basecommands.smx] "Console<0><Console><Console>" changed cvar (cvar "director_tank_force_offer") (value "1")
L 02/21/2021 - 17:31:27: [basecommands.smx] "Console<0><Console><Console>" changed cvar (cvar "director_upgradepack_density") (value "3.56")
L 02/21/2021 - 17:31:27: [basecommands.smx] "Console<0><Console><Console>" changed cvar (cvar "director_vomitjar_density") (value "3.56")
L 02/21/2021 - 17:31:27: [basecommands.smx] "Console<0><Console><Console>" changed cvar (cvar "versus_tank_chance") (value "1.0000")
L 02/21/2021 - 17:31:27: [basecommands.smx] "Console<0><Console><Console>" changed cvar (cvar "versus_tank_chance_finale") (value "1.0")
L 02/21/2021 - 17:31:27: [basecommands.smx] "Console<0><Console><Console>" changed cvar (cvar "versus_tank_chance_intro") (value "1.0")
L 02/21/2021 - 17:31:27: [basecommands.smx] "Console<0><Console><Console>" changed cvar (cvar "versus_tank_flow_team_variation") (value "0.0")
L 02/21/2021 - 17:31:27: [basecommands.smx] "Console<0><Console><Console>" changed cvar (cvar "versus_witch_chance") (value "1.0000")
L 02/21/2021 - 17:31:27: [basecommands.smx] "Console<0><Console><Console>" changed cvar (cvar "versus_witch_chance_finale") (value "1.0")
L 02/21/2021 - 17:31:27: [basecommands.smx] "Console<0><Console><Console>" changed cvar (cvar "versus_witch_chance_intro") (value "1.0")
L 02/21/2021 - 17:31:27: [basecommands.smx] "Console<0><Console><Console>" changed cvar (cvar "versus_witch_flow_team_variation") (value "0.0")
L 02/21/2021 - 17:31:27: [basecommands.smx] "Console<0><Console><Console>" changed cvar (cvar "tank_stuck_time_suicide") (value "9999999999")
L 02/21/2021 - 17:31:27: [basecommands.smx] "Console<0><Console><Console>" changed cvar (cvar "versus_boss_flow_max_intro") (value "0.9")
L 02/21/2021 - 17:31:27: [basecommands.smx] "Console<0><Console><Console>" changed cvar (cvar "versus_boss_flow_max") (value "0.9")
L 02/21/2021 - 17:31:27: [basecommands.smx] "Console<0><Console><Console>" changed cvar (cvar "vs_max_team_switches") (value "9999")
L 02/21/2021 - 17:31:27: [basecommands.smx] "Console<0><Console><Console>" changed cvar (cvar "director_tank_lottery_selection_time") (value "2")
L 02/21/2021 - 17:31:27: [basecommands.smx] "Console<0><Console><Console>" changed cvar (cvar "z_ghost_delay_max") (value "22")
L 02/21/2021 - 17:31:27: [basecommands.smx] "Console<0><Console><Console>" changed cvar (cvar "z_ghost_delay_min") (value "22")
L 02/21/2021 - 17:31:27: [basecommands.smx] "Console<0><Console><Console>" changed cvar (cvar "l4d_maxplayers") (value "18")
L 02/21/2021 - 17:31:27: [basecommands.smx] "Console<0><Console><Console>" changed cvar (cvar "l4d_survivor_limit") (value "18")
L 02/21/2021 - 17:31:27: [basecommands.smx] "Console<0><Console><Console>" changed cvar (cvar "l4d_infected_limit") (value "18")
L 02/21/2021 - 17:31:27: [basecommands.smx] "Console<0><Console><Console>" changed cvar (cvar "l4d_killreservation") (value "1")
L 02/21/2021 - 17:42:27: -------- Mapchange to c5m1_waterfront --------
L 02/21/2021 - 17:42:29: [basecommands.smx] "Console<0><Console><Console>" changed cvar (cvar "survivor_friendly_fire_factor_easy") (value "0")
L 02/21/2021 - 17:42:29: [basecommands.smx] "Console<0><Console><Console>" changed cvar (cvar "survivor_friendly_fire_factor_expert") (value "0")
L 02/21/2021 - 17:42:29: [basecommands.smx] "Console<0><Console><Console>" changed cvar (cvar "survivor_friendly_fire_factor_hard") (value "0")
L 02/21/2021 - 17:42:29: [basecommands.smx] "Console<0><Console><Console>" changed cvar (cvar "survivor_friendly_fire_factor_normal") (value "0")
L 02/21/2021 - 17:42:29: [basecommands.smx] "Console<0><Console><Console>" changed cvar (cvar "sb_all_bot_game") (value "1")
L 02/21/2021 - 17:42:29: [basecommands.smx] "Console<0><Console><Console>" changed cvar (cvar "allow_all_bot_survivor_team") (value "1")
L 02/21/2021 - 17:42:29: [basecommands.smx] "Console<0><Console><Console>" changed cvar (cvar "fps_max") (value "0")
L 02/21/2021 - 17:42:29: [basecommands.smx] "Console<0><Console><Console>" changed cvar (cvar "sv_maxplayers") (value "32")
L 02/21/2021 - 17:42:29: [basecommands.smx] "Console<0><Console><Console>" changed cvar (cvar "sv_visiblemaxplayers") (value "32")
L 02/21/2021 - 17:42:29: [basecommands.smx] "Console<0><Console><Console>" changed cvar (cvar "sv_force_unreserved") (value "1")
L 02/21/2021 - 17:42:29: [basecommands.smx] "Console<0><Console><Console>" changed cvar (cvar "director_adrenaline_density") (value "3.56")
L 02/21/2021 - 17:42:29: [basecommands.smx] "Console<0><Console><Console>" changed cvar (cvar "director_defibrillator_density") (value "0.0")
L 02/21/2021 - 17:42:29: [basecommands.smx] "Console<0><Console><Console>" changed cvar (cvar "director_pain_pill_density") (value "5")
L 02/21/2021 - 17:42:29: [basecommands.smx] "Console<0><Console><Console>" changed cvar (cvar "director_super_weapon_density") (value "0.0")
L 02/21/2021 - 17:42:29: [basecommands.smx] "Console<0><Console><Console>" changed cvar (cvar "director_tank_force_offer") (value "1")
L 02/21/2021 - 17:42:29: [basecommands.smx] "Console<0><Console><Console>" changed cvar (cvar "director_upgradepack_density") (value "3.56")
L 02/21/2021 - 17:42:29: [basecommands.smx] "Console<0><Console><Console>" changed cvar (cvar "director_vomitjar_density") (value "3.56")
L 02/21/2021 - 17:42:29: [basecommands.smx] "Console<0><Console><Console>" changed cvar (cvar "versus_tank_chance") (value "1.0000")
L 02/21/2021 - 17:42:29: [basecommands.smx] "Console<0><Console><Console>" changed cvar (cvar "versus_tank_chance_finale") (value "1.0")
L 02/21/2021 - 17:42:29: [basecommands.smx] "Console<0><Console><Console>" changed cvar (cvar "versus_tank_chance_intro") (value "1.0")
L 02/21/2021 - 17:42:29: [basecommands.smx] "Console<0><Console><Console>" changed cvar (cvar "versus_tank_flow_team_variation") (value "0.0")
L 02/21/2021 - 17:42:29: [basecommands.smx] "Console<0><Console><Console>" changed cvar (cvar "versus_witch_chance") (value "1.0000")
L 02/21/2021 - 17:42:29: [basecommands.smx] "Console<0><Console><Console>" changed cvar (cvar "versus_witch_chance_finale") (value "1.0")
L 02/21/2021 - 17:42:29: [basecommands.smx] "Console<0><Console><Console>" changed cvar (cvar "versus_witch_chance_intro") (value "1.0")
L 02/21/2021 - 17:42:29: [basecommands.smx] "Console<0><Console><Console>" changed cvar (cvar "versus_witch_flow_team_variation") (value "0.0")
L 02/21/2021 - 17:42:29: [basecommands.smx] "Console<0><Console><Console>" changed cvar (cvar "tank_stuck_time_suicide") (value "9999999999")
L 02/21/2021 - 17:42:29: [basecommands.smx] "Console<0><Console><Console>" changed cvar (cvar "versus_boss_flow_max_intro") (value "0.9")
L 02/21/2021 - 17:42:29: [basecommands.smx] "Console<0><Console><Console>" changed cvar (cvar "versus_boss_flow_max") (value "0.9")
L 02/21/2021 - 17:42:29: [basecommands.smx] "Console<0><Console><Console>" changed cvar (cvar "vs_max_team_switches") (value "9999")
L 02/21/2021 - 17:42:29: [basecommands.smx] "Console<0><Console><Console>" changed cvar (cvar "director_tank_lottery_selection_time") (value "2")
L 02/21/2021 - 17:42:30: [basecommands.smx] "Console<0><Console><Console>" changed cvar (cvar "z_ghost_delay_max") (value "22")
L 02/21/2021 - 17:42:30: [basecommands.smx] "Console<0><Console><Console>" changed cvar (cvar "z_ghost_delay_min") (value "22")
L 02/21/2021 - 17:42:30: [basecommands.smx] "Console<0><Console><Console>" changed cvar (cvar "l4d_maxplayers") (value "18")
L 02/21/2021 - 17:42:30: [basecommands.smx] "Console<0><Console><Console>" changed cvar (cvar "l4d_survivor_limit") (value "18")
L 02/21/2021 - 17:42:30: [basecommands.smx] "Console<0><Console><Console>" changed cvar (cvar "l4d_infected_limit") (value "18")
L 02/21/2021 - 17:42:30: [basecommands.smx] "Console<0><Console><Console>" changed cvar (cvar "l4d_killreservation") (value "1")
L 02/21/2021 - 17:48:01: -------- Mapchange to c5m2_park --------
L 02/21/2021 - 17:48:03: [basecommands.smx] "Console<0><Console><Console>" changed cvar (cvar "survivor_friendly_fire_factor_easy") (value "0")
L 02/21/2021 - 17:48:03: [basecommands.smx] "Console<0><Console><Console>" changed cvar (cvar "survivor_friendly_fire_factor_expert") (value "0")
L 02/21/2021 - 17:48:03: [basecommands.smx] "Console<0><Console><Console>" changed cvar (cvar "survivor_friendly_fire_factor_hard") (value "0")
L 02/21/2021 - 17:48:03: [basecommands.smx] "Console<0><Console><Console>" changed cvar (cvar "survivor_friendly_fire_factor_normal") (value "0")
L 02/21/2021 - 17:48:03: [basecommands.smx] "Console<0><Console><Console>" changed cvar (cvar "sb_all_bot_game") (value "1")
L 02/21/2021 - 17:48:03: [basecommands.smx] "Console<0><Console><Console>" changed cvar (cvar "allow_all_bot_survivor_team") (value "1")
L 02/21/2021 - 17:48:03: [basecommands.smx] "Console<0><Console><Console>" changed cvar (cvar "fps_max") (value "0")
L 02/21/2021 - 17:48:03: [basecommands.smx] "Console<0><Console><Console>" changed cvar (cvar "sv_maxplayers") (value "32")
L 02/21/2021 - 17:48:03: [basecommands.smx] "Console<0><Console><Console>" changed cvar (cvar "sv_visiblemaxplayers") (value "32")
L 02/21/2021 - 17:48:03: [basecommands.smx] "Console<0><Console><Console>" changed cvar (cvar "sv_force_unreserved") (value "1")
L 02/21/2021 - 17:48:03: [basecommands.smx] "Console<0><Console><Console>" changed cvar (cvar "director_adrenaline_density") (value "3.56")
L 02/21/2021 - 17:48:03: [basecommands.smx] "Console<0><Console><Console>" changed cvar (cvar "director_defibrillator_density") (value "0.0")
L 02/21/2021 - 17:48:03: [basecommands.smx] "Console<0><Console><Console>" changed cvar (cvar "director_pain_pill_density") (value "5")
L 02/21/2021 - 17:48:03: [basecommands.smx] "Console<0><Console><Console>" changed cvar (cvar "director_super_weapon_density") (value "0.0")
L 02/21/2021 - 17:48:04: [basecommands.smx] "Console<0><Console><Console>" changed cvar (cvar "director_tank_force_offer") (value "1")
L 02/21/2021 - 17:48:04: [basecommands.smx] "Console<0><Console><Console>" changed cvar (cvar "director_upgradepack_density") (value "3.56")
L 02/21/2021 - 17:48:04: [basecommands.smx] "Console<0><Console><Console>" changed cvar (cvar "director_vomitjar_density") (value "3.56")
L 02/21/2021 - 17:48:04: [basecommands.smx] "Console<0><Console><Console>" changed cvar (cvar "versus_tank_chance") (value "1.0000")
L 02/21/2021 - 17:48:04: [basecommands.smx] "Console<0><Console><Console>" changed cvar (cvar "versus_tank_chance_finale") (value "1.0")
L 02/21/2021 - 17:48:04: [basecommands.smx] "Console<0><Console><Console>" changed cvar (cvar "versus_tank_chance_intro") (value "1.0")
L 02/21/2021 - 17:48:04: [basecommands.smx] "Console<0><Console><Console>" changed cvar (cvar "versus_tank_flow_team_variation") (value "0.0")
L 02/21/2021 - 17:48:04: [basecommands.smx] "Console<0><Console><Console>" changed cvar (cvar "versus_witch_chance") (value "1.0000")
L 02/21/2021 - 17:48:04: [basecommands.smx] "Console<0><Console><Console>" changed cvar (cvar "versus_witch_chance_finale") (value "1.0")
L 02/21/2021 - 17:48:04: [basecommands.smx] "Console<0><Console><Console>" changed cvar (cvar "versus_witch_chance_intro") (value "1.0")
L 02/21/2021 - 17:48:04: [basecommands.smx] "Console<0><Console><Console>" changed cvar (cvar "versus_witch_flow_team_variation") (value "0.0")
L 02/21/2021 - 17:48:04: [basecommands.smx] "Console<0><Console><Console>" changed cvar (cvar "tank_stuck_time_suicide") (value "9999999999")
L 02/21/2021 - 17:48:04: [basecommands.smx] "Console<0><Console><Console>" changed cvar (cvar "versus_boss_flow_max_intro") (value "0.9")
L 02/21/2021 - 17:48:04: [basecommands.smx] "Console<0><Console><Console>" changed cvar (cvar "versus_boss_flow_max") (value "0.9")
L 02/21/2021 - 17:48:04: [basecommands.smx] "Console<0><Console><Console>" changed cvar (cvar "vs_max_team_switches") (value "9999")
L 02/21/2021 - 17:48:04: [basecommands.smx] "Console<0><Console><Console>" changed cvar (cvar "director_tank_lottery_selection_time") (value "2")
L 02/21/2021 - 17:48:04: [basecommands.smx] "Console<0><Console><Console>" changed cvar (cvar "z_ghost_delay_max") (value "22")
L 02/21/2021 - 17:48:04: [basecommands.smx] "Console<0><Console><Console>" changed cvar (cvar "z_ghost_delay_min") (value "22")
L 02/21/2021 - 17:48:04: [basecommands.smx] "Console<0><Console><Console>" changed cvar (cvar "l4d_maxplayers") (value "18")
L 02/21/2021 - 17:48:04: [basecommands.smx] "Console<0><Console><Console>" changed cvar (cvar "l4d_survivor_limit") (value "18")
L 02/21/2021 - 17:48:04: [basecommands.smx] "Console<0><Console><Console>" changed cvar (cvar "l4d_infected_limit") (value "18")
L 02/21/2021 - 17:48:04: [basecommands.smx] "Console<0><Console><Console>" changed cvar (cvar "l4d_killreservation") (value "1")
L 02/21/2021 - 17:55:07: -------- Mapchange to c5m3_cemetery --------
L 02/21/2021 - 17:55:09: [basecommands.smx] "Console<0><Console><Console>" changed cvar (cvar "survivor_friendly_fire_factor_easy") (value "0")
L 02/21/2021 - 17:55:09: [basecommands.smx] "Console<0><Console><Console>" changed cvar (cvar "survivor_friendly_fire_factor_expert") (value "0")
L 02/21/2021 - 17:55:09: [basecommands.smx] "Console<0><Console><Console>" changed cvar (cvar "survivor_friendly_fire_factor_hard") (value "0")
L 02/21/2021 - 17:55:09: [basecommands.smx] "Console<0><Console><Console>" changed cvar (cvar "survivor_friendly_fire_factor_normal") (value "0")
L 02/21/2021 - 17:55:09: [basecommands.smx] "Console<0><Console><Console>" changed cvar (cvar "sb_all_bot_game") (value "1")
L 02/21/2021 - 17:55:09: [basecommands.smx] "Console<0><Console><Console>" changed cvar (cvar "allow_all_bot_survivor_team") (value "1")
L 02/21/2021 - 17:55:09: [basecommands.smx] "Console<0><Console><Console>" changed cvar (cvar "fps_max") (value "0")
L 02/21/2021 - 17:55:09: [basecommands.smx] "Console<0><Console><Console>" changed cvar (cvar "sv_maxplayers") (value "32")
L 02/21/2021 - 17:55:09: [basecommands.smx] "Console<0><Console><Console>" changed cvar (cvar "sv_visiblemaxplayers") (value "32")
L 02/21/2021 - 17:55:09: [basecommands.smx] "Console<0><Console><Console>" changed cvar (cvar "sv_force_unreserved") (value "1")
L 02/21/2021 - 17:55:09: [basecommands.smx] "Console<0><Console><Console>" changed cvar (cvar "director_adrenaline_density") (value "3.56")
L 02/21/2021 - 17:55:09: [basecommands.smx] "Console<0><Console><Console>" changed cvar (cvar "director_defibrillator_density") (value "0.0")
L 02/21/2021 - 17:55:09: [basecommands.smx] "Console<0><Console><Console>" changed cvar (cvar "director_pain_pill_density") (value "5")
L 02/21/2021 - 17:55:09: [basecommands.smx] "Console<0><Console><Console>" changed cvar (cvar "director_super_weapon_density") (value "0.0")
L 02/21/2021 - 17:55:09: [basecommands.smx] "Console<0><Console><Console>" changed cvar (cvar "director_tank_force_offer") (value "1")
L 02/21/2021 - 17:55:09: [basecommands.smx] "Console<0><Console><Console>" changed cvar (cvar "director_upgradepack_density") (value "3.56")
L 02/21/2021 - 17:55:09: [basecommands.smx] "Console<0><Console><Console>" changed cvar (cvar "director_vomitjar_density") (value "3.56")
L 02/21/2021 - 17:55:09: [basecommands.smx] "Console<0><Console><Console>" changed cvar (cvar "versus_tank_chance") (value "1.0000")
L 02/21/2021 - 17:55:09: [basecommands.smx] "Console<0><Console><Console>" changed cvar (cvar "versus_tank_chance_finale") (value "1.0")
L 02/21/2021 - 17:55:09: [basecommands.smx] "Console<0><Console><Console>" changed cvar (cvar "versus_tank_chance_intro") (value "1.0")
L 02/21/2021 - 17:55:09: [basecommands.smx] "Console<0><Console><Console>" changed cvar (cvar "versus_tank_flow_team_variation") (value "0.0")
L 02/21/2021 - 17:55:09: [basecommands.smx] "Console<0><Console><Console>" changed cvar (cvar "versus_witch_chance") (value "1.0000")
L 02/21/2021 - 17:55:09: [basecommands.smx] "Console<0><Console><Console>" changed cvar (cvar "versus_witch_chance_finale") (value "1.0")
L 02/21/2021 - 17:55:09: [basecommands.smx] "Console<0><Console><Console>" changed cvar (cvar "versus_witch_chance_intro") (value "1.0")
L 02/21/2021 - 17:55:09: [basecommands.smx] "Console<0><Console><Console>" changed cvar (cvar "versus_witch_flow_team_variation") (value "0.0")
L 02/21/2021 - 17:55:09: [basecommands.smx] "Console<0><Console><Console>" changed cvar (cvar "tank_stuck_time_suicide") (value "9999999999")
L 02/21/2021 - 17:55:09: [basecommands.smx] "Console<0><Console><Console>" changed cvar (cvar "versus_boss_flow_max_intro") (value "0.9")
L 02/21/2021 - 17:55:09: [basecommands.smx] "Console<0><Console><Console>" changed cvar (cvar "versus_boss_flow_max") (value "0.9")
L 02/21/2021 - 17:55:09: [basecommands.smx] "Console<0><Console><Console>" changed cvar (cvar "vs_max_team_switches") (value "9999")
L 02/21/2021 - 17:55:09: [basecommands.smx] "Console<0><Console><Console>" changed cvar (cvar "director_tank_lottery_selection_time") (value "2")
L 02/21/2021 - 17:55:10: [basecommands.smx] "Console<0><Console><Console>" changed cvar (cvar "z_ghost_delay_max") (value "22")
L 02/21/2021 - 17:55:10: [basecommands.smx] "Console<0><Console><Console>" changed cvar (cvar "z_ghost_delay_min") (value "22")
L 02/21/2021 - 17:55:10: [basecommands.smx] "Console<0><Console><Console>" changed cvar (cvar "l4d_maxplayers") (value "18")
L 02/21/2021 - 17:55:10: [basecommands.smx] "Console<0><Console><Console>" changed cvar (cvar "l4d_survivor_limit") (value "18")
L 02/21/2021 - 17:55:10: [basecommands.smx] "Console<0><Console><Console>" changed cvar (cvar "l4d_infected_limit") (value "18")
L 02/21/2021 - 17:55:10: [basecommands.smx] "Console<0><Console><Console>" changed cvar (cvar "l4d_killreservation") (value "1")
L 02/21/2021 - 18:04:49: -------- Mapchange to c5m4_quarter --------
L 02/21/2021 - 18:04:52: [basecommands.smx] "Console<0><Console><Console>" changed cvar (cvar "survivor_friendly_fire_factor_easy") (value "0")
L 02/21/2021 - 18:04:52: [basecommands.smx] "Console<0><Console><Console>" changed cvar (cvar "survivor_friendly_fire_factor_expert") (value "0")
L 02/21/2021 - 18:04:52: [basecommands.smx] "Console<0><Console><Console>" changed cvar (cvar "survivor_friendly_fire_factor_hard") (value "0")
L 02/21/2021 - 18:04:52: [basecommands.smx] "Console<0><Console><Console>" changed cvar (cvar "survivor_friendly_fire_factor_normal") (value "0")
L 02/21/2021 - 18:04:52: [basecommands.smx] "Console<0><Console><Console>" changed cvar (cvar "sb_all_bot_game") (value "1")
L 02/21/2021 - 18:04:52: [basecommands.smx] "Console<0><Console><Console>" changed cvar (cvar "allow_all_bot_survivor_team") (value "1")
L 02/21/2021 - 18:04:52: [basecommands.smx] "Console<0><Console><Console>" changed cvar (cvar "fps_max") (value "0")
L 02/21/2021 - 18:04:52: [basecommands.smx] "Console<0><Console><Console>" changed cvar (cvar "sv_maxplayers") (value "32")
L 02/21/2021 - 18:04:52: [basecommands.smx] "Console<0><Console><Console>" changed cvar (cvar "sv_visiblemaxplayers") (value "32")
L 02/21/2021 - 18:04:52: [basecommands.smx] "Console<0><Console><Console>" changed cvar (cvar "sv_force_unreserved") (value "1")
L 02/21/2021 - 18:04:52: [basecommands.smx] "Console<0><Console><Console>" changed cvar (cvar "director_adrenaline_density") (value "3.56")
L 02/21/2021 - 18:04:52: [basecommands.smx] "Console<0><Console><Console>" changed cvar (cvar "director_defibrillator_density") (value "0.0")
L 02/21/2021 - 18:04:52: [basecommands.smx] "Console<0><Console><Console>" changed cvar (cvar "director_pain_pill_density") (value "5")
L 02/21/2021 - 18:04:52: [basecommands.smx] "Console<0><Console><Console>" changed cvar (cvar "director_super_weapon_density") (value "0.0")
L 02/21/2021 - 18:04:52: [basecommands.smx] "Console<0><Console><Console>" changed cvar (cvar "director_tank_force_offer") (value "1")
L 02/21/2021 - 18:04:52: [basecommands.smx] "Console<0><Console><Console>" changed cvar (cvar "director_upgradepack_density") (value "3.56")
L 02/21/2021 - 18:04:52: [basecommands.smx] "Console<0><Console><Console>" changed cvar (cvar "director_vomitjar_density") (value "3.56")
L 02/21/2021 - 18:04:52: [basecommands.smx] "Console<0><Console><Console>" changed cvar (cvar "versus_tank_chance") (value "1.0000")
L 02/21/2021 - 18:04:52: [basecommands.smx] "Console<0><Console><Console>" changed cvar (cvar "versus_tank_chance_finale") (value "1.0")
L 02/21/2021 - 18:04:52: [basecommands.smx] "Console<0><Console><Console>" changed cvar (cvar "versus_tank_chance_intro") (value "1.0")
L 02/21/2021 - 18:04:52: [basecommands.smx] "Console<0><Console><Console>" changed cvar (cvar "versus_tank_flow_team_variation") (value "0.0")
L 02/21/2021 - 18:04:52: [basecommands.smx] "Console<0><Console><Console>" changed cvar (cvar "versus_witch_chance") (value "1.0000")
L 02/21/2021 - 18:04:52: [basecommands.smx] "Console<0><Console><Console>" changed cvar (cvar "versus_witch_chance_finale") (value "1.0")
L 02/21/2021 - 18:04:52: [basecommands.smx] "Console<0><Console><Console>" changed cvar (cvar "versus_witch_chance_intro") (value "1.0")
L 02/21/2021 - 18:04:52: [basecommands.smx] "Console<0><Console><Console>" changed cvar (cvar "versus_witch_flow_team_variation") (value "0.0")
L 02/21/2021 - 18:04:52: [basecommands.smx] "Console<0><Console><Console>" changed cvar (cvar "tank_stuck_time_suicide") (value "9999999999")
L 02/21/2021 - 18:04:52: [basecommands.smx] "Console<0><Console><Console>" changed cvar (cvar "versus_boss_flow_max_intro") (value "0.9")
L 02/21/2021 - 18:04:52: [basecommands.smx] "Console<0><Console><Console>" changed cvar (cvar "versus_boss_flow_max") (value "0.9")
L 02/21/2021 - 18:04:52: [basecommands.smx] "Console<0><Console><Console>" changed cvar (cvar "vs_max_team_switches") (value "9999")
L 02/21/2021 - 18:04:52: [basecommands.smx] "Console<0><Console><Console>" changed cvar (cvar "director_tank_lottery_selection_time") (value "2")
L 02/21/2021 - 18:04:52: [basecommands.smx] "Console<0><Console><Console>" changed cvar (cvar "z_ghost_delay_max") (value "22")
L 02/21/2021 - 18:04:52: [basecommands.smx] "Console<0><Console><Console>" changed cvar (cvar "z_ghost_delay_min") (value "22")
L 02/21/2021 - 18:04:52: [basecommands.smx] "Console<0><Console><Console>" changed cvar (cvar "l4d_maxplayers") (value "18")
L 02/21/2021 - 18:04:52: [basecommands.smx] "Console<0><Console><Console>" changed cvar (cvar "l4d_survivor_limit") (value "18")
L 02/21/2021 - 18:04:52: [basecommands.smx] "Console<0><Console><Console>" changed cvar (cvar "l4d_infected_limit") (value "18")
L 02/21/2021 - 18:04:52: [basecommands.smx] "Console<0><Console><Console>" changed cvar (cvar "l4d_killreservation") (value "1")
L 02/21/2021 - 18:13:53: -------- Mapchange to c5m5_bridge --------
L 02/21/2021 - 18:13:57: [basecommands.smx] "Console<0><Console><Console>" changed cvar (cvar "survivor_friendly_fire_factor_easy") (value "0")
L 02/21/2021 - 18:13:57: [basecommands.smx] "Console<0><Console><Console>" changed cvar (cvar "survivor_friendly_fire_factor_expert") (value "0")
L 02/21/2021 - 18:13:57: [basecommands.smx] "Console<0><Console><Console>" changed cvar (cvar "survivor_friendly_fire_factor_hard") (value "0")
L 02/21/2021 - 18:13:57: [basecommands.smx] "Console<0><Console><Console>" changed cvar (cvar "survivor_friendly_fire_factor_normal") (value "0")
L 02/21/2021 - 18:13:57: [basecommands.smx] "Console<0><Console><Console>" changed cvar (cvar "sb_all_bot_game") (value "1")
L 02/21/2021 - 18:13:57: [basecommands.smx] "Console<0><Console><Console>" changed cvar (cvar "allow_all_bot_survivor_team") (value "1")
L 02/21/2021 - 18:13:57: [basecommands.smx] "Console<0><Console><Console>" changed cvar (cvar "fps_max") (value "0")
L 02/21/2021 - 18:13:57: [basecommands.smx] "Console<0><Console><Console>" changed cvar (cvar "sv_maxplayers") (value "32")
L 02/21/2021 - 18:13:57: [basecommands.smx] "Console<0><Console><Console>" changed cvar (cvar "sv_visiblemaxplayers") (value "32")
L 02/21/2021 - 18:13:57: [basecommands.smx] "Console<0><Console><Console>" changed cvar (cvar "sv_force_unreserved") (value "1")
L 02/21/2021 - 18:13:57: [basecommands.smx] "Console<0><Console><Console>" changed cvar (cvar "director_adrenaline_density") (value "3.56")
L 02/21/2021 - 18:13:57: [basecommands.smx] "Console<0><Console><Console>" changed cvar (cvar "director_defibrillator_density") (value "0.0")
L 02/21/2021 - 18:13:57: [basecommands.smx] "Console<0><Console><Console>" changed cvar (cvar "director_pain_pill_density") (value "5")
L 02/21/2021 - 18:13:57: [basecommands.smx] "Console<0><Console><Console>" changed cvar (cvar "director_super_weapon_density") (value "0.0")
L 02/21/2021 - 18:13:57: [basecommands.smx] "Console<0><Console><Console>" changed cvar (cvar "director_tank_force_offer") (value "1")
L 02/21/2021 - 18:13:57: [basecommands.smx] "Console<0><Console><Console>" changed cvar (cvar "director_upgradepack_density") (value "3.56")
L 02/21/2021 - 18:13:57: [basecommands.smx] "Console<0><Console><Console>" changed cvar (cvar "director_vomitjar_density") (value "3.56")
L 02/21/2021 - 18:13:57: [basecommands.smx] "Console<0><Console><Console>" changed cvar (cvar "versus_tank_chance") (value "1.0000")
L 02/21/2021 - 18:13:57: [basecommands.smx] "Console<0><Console><Console>" changed cvar (cvar "versus_tank_chance_finale") (value "1.0")
L 02/21/2021 - 18:13:57: [basecommands.smx] "Console<0><Console><Console>" changed cvar (cvar "versus_tank_chance_intro") (value "1.0")
L 02/21/2021 - 18:13:57: [basecommands.smx] "Console<0><Console><Console>" changed cvar (cvar "versus_tank_flow_team_variation") (value "0.0")
L 02/21/2021 - 18:13:57: [basecommands.smx] "Console<0><Console><Console>" changed cvar (cvar "versus_witch_chance") (value "1.0000")
L 02/21/2021 - 18:13:57: [basecommands.smx] "Console<0><Console><Console>" changed cvar (cvar "versus_witch_chance_finale") (value "1.0")
L 02/21/2021 - 18:13:57: [basecommands.smx] "Console<0><Console><Console>" changed cvar (cvar "versus_witch_chance_intro") (value "1.0")
L 02/21/2021 - 18:13:57: [basecommands.smx] "Console<0><Console><Console>" changed cvar (cvar "versus_witch_flow_team_variation") (value "0.0")
L 02/21/2021 - 18:13:57: [basecommands.smx] "Console<0><Console><Console>" changed cvar (cvar "tank_stuck_time_suicide") (value "9999999999")
L 02/21/2021 - 18:13:57: [basecommands.smx] "Console<0><Console><Console>" changed cvar (cvar "versus_boss_flow_max_intro") (value "0.9")
L 02/21/2021 - 18:13:57: [basecommands.smx] "Console<0><Console><Console>" changed cvar (cvar "versus_boss_flow_max") (value "0.9")
L 02/21/2021 - 18:13:57: [basecommands.smx] "Console<0><Console><Console>" changed cvar (cvar "vs_max_team_switches") (value "9999")
L 02/21/2021 - 18:13:57: [basecommands.smx] "Console<0><Console><Console>" changed cvar (cvar "director_tank_lottery_selection_time") (value "2")
L 02/21/2021 - 18:13:57: [basecommands.smx] "Console<0><Console><Console>" changed cvar (cvar "z_ghost_delay_max") (value "22")
L 02/21/2021 - 18:13:57: [basecommands.smx] "Console<0><Console><Console>" changed cvar (cvar "z_ghost_delay_min") (value "22")
L 02/21/2021 - 18:13:57: [basecommands.smx] "Console<0><Console><Console>" changed cvar (cvar "l4d_maxplayers") (value "18")
L 02/21/2021 - 18:13:57: [basecommands.smx] "Console<0><Console><Console>" changed cvar (cvar "l4d_survivor_limit") (value "18")
L 02/21/2021 - 18:13:57: [basecommands.smx] "Console<0><Console><Console>" changed cvar (cvar "l4d_infected_limit") (value "18")
L 02/21/2021 - 18:13:57: [basecommands.smx] "Console<0><Console><Console>" changed cvar (cvar "l4d_killreservation") (value "1")
L 02/21/2021 - 18:28:51: Log file closed.
