L 02/20/2021 - 14:33:48: SourceMod log file session started (file "C:\Program Files (x86)\Steam\steamapps\common\Left 4 Dead 2 Dedicated Server\left4dead2\addons\sourcemod\logs\L20210220.log") (Version "1.10.0.6502")
L 02/20/2021 - 14:33:48: [basecommands.smx] "Console<0><Console><Console>" changed cvar (cvar "survivor_friendly_fire_factor_easy") (value "0")
L 02/20/2021 - 14:33:48: [basecommands.smx] "Console<0><Console><Console>" changed cvar (cvar "survivor_friendly_fire_factor_expert") (value "0")
L 02/20/2021 - 14:33:48: [basecommands.smx] "Console<0><Console><Console>" changed cvar (cvar "survivor_friendly_fire_factor_hard") (value "0")
L 02/20/2021 - 14:33:48: [basecommands.smx] "Console<0><Console><Console>" changed cvar (cvar "survivor_friendly_fire_factor_normal") (value "0")
L 02/20/2021 - 14:33:48: [basecommands.smx] "Console<0><Console><Console>" changed cvar (cvar "sb_all_bot_game") (value "1")
L 02/20/2021 - 14:33:48: [basecommands.smx] "Console<0><Console><Console>" changed cvar (cvar "allow_all_bot_survivor_team") (value "1")
L 02/20/2021 - 14:33:48: [basecommands.smx] "Console<0><Console><Console>" changed cvar (cvar "fps_max") (value "0")
L 02/20/2021 - 14:33:48: [basecommands.smx] "Console<0><Console><Console>" changed cvar (cvar "sv_maxplayers") (value "32")
L 02/20/2021 - 14:33:48: [basecommands.smx] "Console<0><Console><Console>" changed cvar (cvar "sv_visiblemaxplayers") (value "32")
L 02/20/2021 - 14:33:48: [basecommands.smx] "Console<0><Console><Console>" changed cvar (cvar "sv_force_unreserved") (value "1")
L 02/20/2021 - 14:33:48: [basecommands.smx] "Console<0><Console><Console>" changed cvar (cvar "director_adrenaline_density") (value "3.56")
L 02/20/2021 - 14:33:48: [basecommands.smx] "Console<0><Console><Console>" changed cvar (cvar "director_defibrillator_density") (value "0.0")
L 02/20/2021 - 14:33:48: [basecommands.smx] "Console<0><Console><Console>" changed cvar (cvar "director_pain_pill_density") (value "5")
L 02/20/2021 - 14:33:48: [basecommands.smx] "Console<0><Console><Console>" changed cvar (cvar "director_super_weapon_density") (value "0.0")
L 02/20/2021 - 14:33:48: [basecommands.smx] "Console<0><Console><Console>" changed cvar (cvar "director_tank_force_offer") (value "1")
L 02/20/2021 - 14:33:48: [basecommands.smx] "Console<0><Console><Console>" changed cvar (cvar "director_upgradepack_density") (value "3.56")
L 02/20/2021 - 14:33:48: [basecommands.smx] "Console<0><Console><Console>" changed cvar (cvar "director_vomitjar_density") (value "3.56")
L 02/20/2021 - 14:33:48: [basecommands.smx] "Console<0><Console><Console>" changed cvar (cvar "versus_tank_chance") (value "1.0000")
L 02/20/2021 - 14:33:48: [basecommands.smx] "Console<0><Console><Console>" changed cvar (cvar "versus_tank_chance_finale") (value "1.0")
L 02/20/2021 - 14:33:48: [basecommands.smx] "Console<0><Console><Console>" changed cvar (cvar "versus_tank_chance_intro") (value "1.0")
L 02/20/2021 - 14:33:48: [basecommands.smx] "Console<0><Console><Console>" changed cvar (cvar "versus_tank_flow_team_variation") (value "0.0")
L 02/20/2021 - 14:33:48: [basecommands.smx] "Console<0><Console><Console>" changed cvar (cvar "versus_witch_chance") (value "1.0000")
L 02/20/2021 - 14:33:48: [basecommands.smx] "Console<0><Console><Console>" changed cvar (cvar "versus_witch_chance_finale") (value "1.0")
L 02/20/2021 - 14:33:48: [basecommands.smx] "Console<0><Console><Console>" changed cvar (cvar "versus_witch_chance_intro") (value "1.0")
L 02/20/2021 - 14:33:48: [basecommands.smx] "Console<0><Console><Console>" changed cvar (cvar "versus_witch_flow_team_variation") (value "0.0")
L 02/20/2021 - 14:33:48: [basecommands.smx] "Console<0><Console><Console>" changed cvar (cvar "tank_stuck_time_suicide") (value "9999999999")
L 02/20/2021 - 14:33:48: [basecommands.smx] "Console<0><Console><Console>" changed cvar (cvar "versus_boss_flow_max_intro") (value "0.9")
L 02/20/2021 - 14:33:48: [basecommands.smx] "Console<0><Console><Console>" changed cvar (cvar "versus_boss_flow_max") (value "0.9")
L 02/20/2021 - 14:33:48: [basecommands.smx] "Console<0><Console><Console>" changed cvar (cvar "vs_max_team_switches") (value "9999")
L 02/20/2021 - 14:33:48: [basecommands.smx] "Console<0><Console><Console>" changed cvar (cvar "director_tank_lottery_selection_time") (value "2")
L 02/20/2021 - 14:33:48: [basecommands.smx] "Console<0><Console><Console>" changed cvar (cvar "z_ghost_delay_max") (value "22")
L 02/20/2021 - 14:33:48: [basecommands.smx] "Console<0><Console><Console>" changed cvar (cvar "z_ghost_delay_min") (value "22")
L 02/20/2021 - 14:33:48: [basecommands.smx] "Console<0><Console><Console>" changed cvar (cvar "z_witch_damage") (value "100")
L 02/20/2021 - 14:33:48: [basecommands.smx] "Console<0><Console><Console>" changed cvar (cvar "z_witch_damage_per_kill_hit") (value "60")
L 02/20/2021 - 14:33:48: [basecommands.smx] "Console<0><Console><Console>" changed cvar (cvar "z_witch_flashlight_range") (value "1000")
L 02/20/2021 - 14:33:48: [basecommands.smx] "Console<0><Console><Console>" changed cvar (cvar "z_witch_health") (value "2000")
L 02/20/2021 - 14:33:48: [basecommands.smx] "Console<0><Console><Console>" changed cvar (cvar "z_witch_personal_space") (value "400")
L 02/20/2021 - 14:33:48: [basecommands.smx] "Console<0><Console><Console>" changed cvar (cvar "z_witch_speed") (value "800")
L 02/20/2021 - 14:33:48: [basecommands.smx] "Console<0><Console><Console>" changed cvar (cvar "z_witch_threat_hostile_range") (value "1000")
L 02/20/2021 - 14:33:48: [basecommands.smx] "Console<0><Console><Console>" changed cvar (cvar "z_witch_threat_normal_range") (value "800")
L 02/20/2021 - 14:33:48: [basecommands.smx] "Console<0><Console><Console>" changed cvar (cvar "l4d_maxplayers") (value "18")
L 02/20/2021 - 14:33:48: [basecommands.smx] "Console<0><Console><Console>" changed cvar (cvar "l4d_survivor_limit") (value "18")
L 02/20/2021 - 14:33:48: [basecommands.smx] "Console<0><Console><Console>" changed cvar (cvar "l4d_infected_limit") (value "18")
L 02/20/2021 - 14:33:48: [basecommands.smx] "Console<0><Console><Console>" changed cvar (cvar "l4d_killreservation") (value "1")
L 02/20/2021 - 14:36:54: SourceMod log file session started (file "C:\Program Files (x86)\Steam\steamapps\common\Left 4 Dead 2 Dedicated Server\left4dead2\addons\sourcemod\logs\L20210220.log") (Version "1.10.0.6502")
L 02/20/2021 - 14:36:54: [basecommands.smx] "Console<0><Console><Console>" changed cvar (cvar "survivor_friendly_fire_factor_easy") (value "0")
L 02/20/2021 - 14:36:54: [basecommands.smx] "Console<0><Console><Console>" changed cvar (cvar "survivor_friendly_fire_factor_expert") (value "0")
L 02/20/2021 - 14:36:54: [basecommands.smx] "Console<0><Console><Console>" changed cvar (cvar "survivor_friendly_fire_factor_hard") (value "0")
L 02/20/2021 - 14:36:54: [basecommands.smx] "Console<0><Console><Console>" changed cvar (cvar "survivor_friendly_fire_factor_normal") (value "0")
L 02/20/2021 - 14:36:54: [basecommands.smx] "Console<0><Console><Console>" changed cvar (cvar "sb_all_bot_game") (value "1")
L 02/20/2021 - 14:36:54: [basecommands.smx] "Console<0><Console><Console>" changed cvar (cvar "allow_all_bot_survivor_team") (value "1")
L 02/20/2021 - 14:36:54: [basecommands.smx] "Console<0><Console><Console>" changed cvar (cvar "fps_max") (value "0")
L 02/20/2021 - 14:36:54: [basecommands.smx] "Console<0><Console><Console>" changed cvar (cvar "sv_maxplayers") (value "32")
L 02/20/2021 - 14:36:54: [basecommands.smx] "Console<0><Console><Console>" changed cvar (cvar "sv_visiblemaxplayers") (value "32")
L 02/20/2021 - 14:36:54: [basecommands.smx] "Console<0><Console><Console>" changed cvar (cvar "sv_force_unreserved") (value "1")
L 02/20/2021 - 14:36:54: [basecommands.smx] "Console<0><Console><Console>" changed cvar (cvar "director_adrenaline_density") (value "3.56")
L 02/20/2021 - 14:36:54: [basecommands.smx] "Console<0><Console><Console>" changed cvar (cvar "director_defibrillator_density") (value "0.0")
L 02/20/2021 - 14:36:54: [basecommands.smx] "Console<0><Console><Console>" changed cvar (cvar "director_pain_pill_density") (value "5")
L 02/20/2021 - 14:36:54: [basecommands.smx] "Console<0><Console><Console>" changed cvar (cvar "director_super_weapon_density") (value "0.0")
L 02/20/2021 - 14:36:54: [basecommands.smx] "Console<0><Console><Console>" changed cvar (cvar "director_tank_force_offer") (value "1")
L 02/20/2021 - 14:36:54: [basecommands.smx] "Console<0><Console><Console>" changed cvar (cvar "director_upgradepack_density") (value "3.56")
L 02/20/2021 - 14:36:54: [basecommands.smx] "Console<0><Console><Console>" changed cvar (cvar "director_vomitjar_density") (value "3.56")
L 02/20/2021 - 14:36:54: [basecommands.smx] "Console<0><Console><Console>" changed cvar (cvar "versus_tank_chance") (value "1.0000")
L 02/20/2021 - 14:36:54: [basecommands.smx] "Console<0><Console><Console>" changed cvar (cvar "versus_tank_chance_finale") (value "1.0")
L 02/20/2021 - 14:36:54: [basecommands.smx] "Console<0><Console><Console>" changed cvar (cvar "versus_tank_chance_intro") (value "1.0")
L 02/20/2021 - 14:36:54: [basecommands.smx] "Console<0><Console><Console>" changed cvar (cvar "versus_tank_flow_team_variation") (value "0.0")
L 02/20/2021 - 14:36:54: [basecommands.smx] "Console<0><Console><Console>" changed cvar (cvar "versus_witch_chance") (value "1.0000")
L 02/20/2021 - 14:36:54: [basecommands.smx] "Console<0><Console><Console>" changed cvar (cvar "versus_witch_chance_finale") (value "1.0")
L 02/20/2021 - 14:36:54: [basecommands.smx] "Console<0><Console><Console>" changed cvar (cvar "versus_witch_chance_intro") (value "1.0")
L 02/20/2021 - 14:36:54: [basecommands.smx] "Console<0><Console><Console>" changed cvar (cvar "versus_witch_flow_team_variation") (value "0.0")
L 02/20/2021 - 14:36:54: [basecommands.smx] "Console<0><Console><Console>" changed cvar (cvar "tank_stuck_time_suicide") (value "9999999999")
L 02/20/2021 - 14:36:54: [basecommands.smx] "Console<0><Console><Console>" changed cvar (cvar "versus_boss_flow_max_intro") (value "0.9")
L 02/20/2021 - 14:36:54: [basecommands.smx] "Console<0><Console><Console>" changed cvar (cvar "versus_boss_flow_max") (value "0.9")
L 02/20/2021 - 14:36:54: [basecommands.smx] "Console<0><Console><Console>" changed cvar (cvar "vs_max_team_switches") (value "9999")
L 02/20/2021 - 14:36:54: [basecommands.smx] "Console<0><Console><Console>" changed cvar (cvar "director_tank_lottery_selection_time") (value "2")
L 02/20/2021 - 14:36:54: [basecommands.smx] "Console<0><Console><Console>" changed cvar (cvar "z_ghost_delay_max") (value "22")
L 02/20/2021 - 14:36:54: [basecommands.smx] "Console<0><Console><Console>" changed cvar (cvar "z_ghost_delay_min") (value "22")
L 02/20/2021 - 14:36:54: [basecommands.smx] "Console<0><Console><Console>" changed cvar (cvar "z_witch_damage") (value "100")
L 02/20/2021 - 14:36:54: [basecommands.smx] "Console<0><Console><Console>" changed cvar (cvar "z_witch_damage_per_kill_hit") (value "60")
L 02/20/2021 - 14:36:54: [basecommands.smx] "Console<0><Console><Console>" changed cvar (cvar "z_witch_flashlight_range") (value "1000")
L 02/20/2021 - 14:36:54: [basecommands.smx] "Console<0><Console><Console>" changed cvar (cvar "z_witch_health") (value "2000")
L 02/20/2021 - 14:36:54: [basecommands.smx] "Console<0><Console><Console>" changed cvar (cvar "z_witch_personal_space") (value "400")
L 02/20/2021 - 14:36:54: [basecommands.smx] "Console<0><Console><Console>" changed cvar (cvar "z_witch_speed") (value "800")
L 02/20/2021 - 14:36:54: [basecommands.smx] "Console<0><Console><Console>" changed cvar (cvar "z_witch_threat_hostile_range") (value "1000")
L 02/20/2021 - 14:36:54: [basecommands.smx] "Console<0><Console><Console>" changed cvar (cvar "z_witch_threat_normal_range") (value "800")
L 02/20/2021 - 14:36:54: [basecommands.smx] "Console<0><Console><Console>" changed cvar (cvar "l4d_maxplayers") (value "18")
L 02/20/2021 - 14:36:54: [basecommands.smx] "Console<0><Console><Console>" changed cvar (cvar "l4d_survivor_limit") (value "18")
L 02/20/2021 - 14:36:54: [basecommands.smx] "Console<0><Console><Console>" changed cvar (cvar "l4d_infected_limit") (value "18")
L 02/20/2021 - 14:36:54: [basecommands.smx] "Console<0><Console><Console>" changed cvar (cvar "l4d_killreservation") (value "1")
L 02/20/2021 - 14:38:03: -------- Mapchange to c3m1_plankcountry --------
L 02/20/2021 - 14:38:06: [basecommands.smx] "Console<0><Console><Console>" changed cvar (cvar "survivor_friendly_fire_factor_easy") (value "0")
L 02/20/2021 - 14:38:06: [basecommands.smx] "Console<0><Console><Console>" changed cvar (cvar "survivor_friendly_fire_factor_expert") (value "0")
L 02/20/2021 - 14:38:06: [basecommands.smx] "Console<0><Console><Console>" changed cvar (cvar "survivor_friendly_fire_factor_hard") (value "0")
L 02/20/2021 - 14:38:06: [basecommands.smx] "Console<0><Console><Console>" changed cvar (cvar "survivor_friendly_fire_factor_normal") (value "0")
L 02/20/2021 - 14:38:06: [basecommands.smx] "Console<0><Console><Console>" changed cvar (cvar "sb_all_bot_game") (value "1")
L 02/20/2021 - 14:38:06: [basecommands.smx] "Console<0><Console><Console>" changed cvar (cvar "allow_all_bot_survivor_team") (value "1")
L 02/20/2021 - 14:38:06: [basecommands.smx] "Console<0><Console><Console>" changed cvar (cvar "fps_max") (value "0")
L 02/20/2021 - 14:38:06: [basecommands.smx] "Console<0><Console><Console>" changed cvar (cvar "sv_maxplayers") (value "32")
L 02/20/2021 - 14:38:06: [basecommands.smx] "Console<0><Console><Console>" changed cvar (cvar "sv_visiblemaxplayers") (value "32")
L 02/20/2021 - 14:38:06: [basecommands.smx] "Console<0><Console><Console>" changed cvar (cvar "sv_force_unreserved") (value "1")
L 02/20/2021 - 14:38:06: [basecommands.smx] "Console<0><Console><Console>" changed cvar (cvar "director_adrenaline_density") (value "3.56")
L 02/20/2021 - 14:38:06: [basecommands.smx] "Console<0><Console><Console>" changed cvar (cvar "director_defibrillator_density") (value "0.0")
L 02/20/2021 - 14:38:06: [basecommands.smx] "Console<0><Console><Console>" changed cvar (cvar "director_pain_pill_density") (value "5")
L 02/20/2021 - 14:38:06: [basecommands.smx] "Console<0><Console><Console>" changed cvar (cvar "director_super_weapon_density") (value "0.0")
L 02/20/2021 - 14:38:06: [basecommands.smx] "Console<0><Console><Console>" changed cvar (cvar "director_tank_force_offer") (value "1")
L 02/20/2021 - 14:38:06: [basecommands.smx] "Console<0><Console><Console>" changed cvar (cvar "director_upgradepack_density") (value "3.56")
L 02/20/2021 - 14:38:06: [basecommands.smx] "Console<0><Console><Console>" changed cvar (cvar "director_vomitjar_density") (value "3.56")
L 02/20/2021 - 14:38:06: [basecommands.smx] "Console<0><Console><Console>" changed cvar (cvar "versus_tank_chance") (value "1.0000")
L 02/20/2021 - 14:38:06: [basecommands.smx] "Console<0><Console><Console>" changed cvar (cvar "versus_tank_chance_finale") (value "1.0")
L 02/20/2021 - 14:38:06: [basecommands.smx] "Console<0><Console><Console>" changed cvar (cvar "versus_tank_chance_intro") (value "1.0")
L 02/20/2021 - 14:38:06: [basecommands.smx] "Console<0><Console><Console>" changed cvar (cvar "versus_tank_flow_team_variation") (value "0.0")
L 02/20/2021 - 14:38:06: [basecommands.smx] "Console<0><Console><Console>" changed cvar (cvar "versus_witch_chance") (value "1.0000")
L 02/20/2021 - 14:38:06: [basecommands.smx] "Console<0><Console><Console>" changed cvar (cvar "versus_witch_chance_finale") (value "1.0")
L 02/20/2021 - 14:38:06: [basecommands.smx] "Console<0><Console><Console>" changed cvar (cvar "versus_witch_chance_intro") (value "1.0")
L 02/20/2021 - 14:38:06: [basecommands.smx] "Console<0><Console><Console>" changed cvar (cvar "versus_witch_flow_team_variation") (value "0.0")
L 02/20/2021 - 14:38:06: [basecommands.smx] "Console<0><Console><Console>" changed cvar (cvar "tank_stuck_time_suicide") (value "9999999999")
L 02/20/2021 - 14:38:06: [basecommands.smx] "Console<0><Console><Console>" changed cvar (cvar "versus_boss_flow_max_intro") (value "0.9")
L 02/20/2021 - 14:38:06: [basecommands.smx] "Console<0><Console><Console>" changed cvar (cvar "versus_boss_flow_max") (value "0.9")
L 02/20/2021 - 14:38:06: [basecommands.smx] "Console<0><Console><Console>" changed cvar (cvar "vs_max_team_switches") (value "9999")
L 02/20/2021 - 14:38:06: [basecommands.smx] "Console<0><Console><Console>" changed cvar (cvar "director_tank_lottery_selection_time") (value "2")
L 02/20/2021 - 14:38:06: [basecommands.smx] "Console<0><Console><Console>" changed cvar (cvar "z_ghost_delay_max") (value "22")
L 02/20/2021 - 14:38:06: [basecommands.smx] "Console<0><Console><Console>" changed cvar (cvar "z_ghost_delay_min") (value "22")
L 02/20/2021 - 14:38:06: [basecommands.smx] "Console<0><Console><Console>" changed cvar (cvar "z_witch_damage") (value "100")
L 02/20/2021 - 14:38:06: [basecommands.smx] "Console<0><Console><Console>" changed cvar (cvar "z_witch_damage_per_kill_hit") (value "60")
L 02/20/2021 - 14:38:06: [basecommands.smx] "Console<0><Console><Console>" changed cvar (cvar "z_witch_flashlight_range") (value "1000")
L 02/20/2021 - 14:38:06: [basecommands.smx] "Console<0><Console><Console>" changed cvar (cvar "z_witch_health") (value "2000")
L 02/20/2021 - 14:38:06: [basecommands.smx] "Console<0><Console><Console>" changed cvar (cvar "z_witch_personal_space") (value "400")
L 02/20/2021 - 14:38:06: [basecommands.smx] "Console<0><Console><Console>" changed cvar (cvar "z_witch_speed") (value "800")
L 02/20/2021 - 14:38:06: [basecommands.smx] "Console<0><Console><Console>" changed cvar (cvar "z_witch_threat_hostile_range") (value "1000")
L 02/20/2021 - 14:38:06: [basecommands.smx] "Console<0><Console><Console>" changed cvar (cvar "z_witch_threat_normal_range") (value "800")
L 02/20/2021 - 14:38:06: [basecommands.smx] "Console<0><Console><Console>" changed cvar (cvar "l4d_maxplayers") (value "18")
L 02/20/2021 - 14:38:06: [basecommands.smx] "Console<0><Console><Console>" changed cvar (cvar "l4d_survivor_limit") (value "18")
L 02/20/2021 - 14:38:06: [basecommands.smx] "Console<0><Console><Console>" changed cvar (cvar "l4d_infected_limit") (value "18")
L 02/20/2021 - 14:38:06: [basecommands.smx] "Console<0><Console><Console>" changed cvar (cvar "l4d_killreservation") (value "1")
L 02/20/2021 - 14:52:00: -------- Mapchange to c3m2_swamp --------
L 02/20/2021 - 14:52:02: [basecommands.smx] "Console<0><Console><Console>" changed cvar (cvar "survivor_friendly_fire_factor_easy") (value "0")
L 02/20/2021 - 14:52:02: [basecommands.smx] "Console<0><Console><Console>" changed cvar (cvar "survivor_friendly_fire_factor_expert") (value "0")
L 02/20/2021 - 14:52:02: [basecommands.smx] "Console<0><Console><Console>" changed cvar (cvar "survivor_friendly_fire_factor_hard") (value "0")
L 02/20/2021 - 14:52:02: [basecommands.smx] "Console<0><Console><Console>" changed cvar (cvar "survivor_friendly_fire_factor_normal") (value "0")
L 02/20/2021 - 14:52:02: [basecommands.smx] "Console<0><Console><Console>" changed cvar (cvar "sb_all_bot_game") (value "1")
L 02/20/2021 - 14:52:02: [basecommands.smx] "Console<0><Console><Console>" changed cvar (cvar "allow_all_bot_survivor_team") (value "1")
L 02/20/2021 - 14:52:02: [basecommands.smx] "Console<0><Console><Console>" changed cvar (cvar "fps_max") (value "0")
L 02/20/2021 - 14:52:02: [basecommands.smx] "Console<0><Console><Console>" changed cvar (cvar "sv_maxplayers") (value "32")
L 02/20/2021 - 14:52:02: [basecommands.smx] "Console<0><Console><Console>" changed cvar (cvar "sv_visiblemaxplayers") (value "32")
L 02/20/2021 - 14:52:02: [basecommands.smx] "Console<0><Console><Console>" changed cvar (cvar "sv_force_unreserved") (value "1")
L 02/20/2021 - 14:52:02: [basecommands.smx] "Console<0><Console><Console>" changed cvar (cvar "director_adrenaline_density") (value "3.56")
L 02/20/2021 - 14:52:02: [basecommands.smx] "Console<0><Console><Console>" changed cvar (cvar "director_defibrillator_density") (value "0.0")
L 02/20/2021 - 14:52:02: [basecommands.smx] "Console<0><Console><Console>" changed cvar (cvar "director_pain_pill_density") (value "5")
L 02/20/2021 - 14:52:02: [basecommands.smx] "Console<0><Console><Console>" changed cvar (cvar "director_super_weapon_density") (value "0.0")
L 02/20/2021 - 14:52:02: [basecommands.smx] "Console<0><Console><Console>" changed cvar (cvar "director_tank_force_offer") (value "1")
L 02/20/2021 - 14:52:02: [basecommands.smx] "Console<0><Console><Console>" changed cvar (cvar "director_upgradepack_density") (value "3.56")
L 02/20/2021 - 14:52:02: [basecommands.smx] "Console<0><Console><Console>" changed cvar (cvar "director_vomitjar_density") (value "3.56")
L 02/20/2021 - 14:52:02: [basecommands.smx] "Console<0><Console><Console>" changed cvar (cvar "versus_tank_chance") (value "1.0000")
L 02/20/2021 - 14:52:02: [basecommands.smx] "Console<0><Console><Console>" changed cvar (cvar "versus_tank_chance_finale") (value "1.0")
L 02/20/2021 - 14:52:02: [basecommands.smx] "Console<0><Console><Console>" changed cvar (cvar "versus_tank_chance_intro") (value "1.0")
L 02/20/2021 - 14:52:02: [basecommands.smx] "Console<0><Console><Console>" changed cvar (cvar "versus_tank_flow_team_variation") (value "0.0")
L 02/20/2021 - 14:52:02: [basecommands.smx] "Console<0><Console><Console>" changed cvar (cvar "versus_witch_chance") (value "1.0000")
L 02/20/2021 - 14:52:02: [basecommands.smx] "Console<0><Console><Console>" changed cvar (cvar "versus_witch_chance_finale") (value "1.0")
L 02/20/2021 - 14:52:02: [basecommands.smx] "Console<0><Console><Console>" changed cvar (cvar "versus_witch_chance_intro") (value "1.0")
L 02/20/2021 - 14:52:02: [basecommands.smx] "Console<0><Console><Console>" changed cvar (cvar "versus_witch_flow_team_variation") (value "0.0")
L 02/20/2021 - 14:52:02: [basecommands.smx] "Console<0><Console><Console>" changed cvar (cvar "tank_stuck_time_suicide") (value "9999999999")
L 02/20/2021 - 14:52:02: [basecommands.smx] "Console<0><Console><Console>" changed cvar (cvar "versus_boss_flow_max_intro") (value "0.9")
L 02/20/2021 - 14:52:02: [basecommands.smx] "Console<0><Console><Console>" changed cvar (cvar "versus_boss_flow_max") (value "0.9")
L 02/20/2021 - 14:52:02: [basecommands.smx] "Console<0><Console><Console>" changed cvar (cvar "vs_max_team_switches") (value "9999")
L 02/20/2021 - 14:52:02: [basecommands.smx] "Console<0><Console><Console>" changed cvar (cvar "director_tank_lottery_selection_time") (value "2")
L 02/20/2021 - 14:52:02: [basecommands.smx] "Console<0><Console><Console>" changed cvar (cvar "z_ghost_delay_max") (value "22")
L 02/20/2021 - 14:52:02: [basecommands.smx] "Console<0><Console><Console>" changed cvar (cvar "z_ghost_delay_min") (value "22")
L 02/20/2021 - 14:52:02: [basecommands.smx] "Console<0><Console><Console>" changed cvar (cvar "z_witch_damage") (value "100")
L 02/20/2021 - 14:52:02: [basecommands.smx] "Console<0><Console><Console>" changed cvar (cvar "z_witch_damage_per_kill_hit") (value "60")
L 02/20/2021 - 14:52:02: [basecommands.smx] "Console<0><Console><Console>" changed cvar (cvar "z_witch_flashlight_range") (value "1000")
L 02/20/2021 - 14:52:02: [basecommands.smx] "Console<0><Console><Console>" changed cvar (cvar "z_witch_health") (value "2000")
L 02/20/2021 - 14:52:02: [basecommands.smx] "Console<0><Console><Console>" changed cvar (cvar "z_witch_personal_space") (value "400")
L 02/20/2021 - 14:52:02: [basecommands.smx] "Console<0><Console><Console>" changed cvar (cvar "z_witch_speed") (value "800")
L 02/20/2021 - 14:52:02: [basecommands.smx] "Console<0><Console><Console>" changed cvar (cvar "z_witch_threat_hostile_range") (value "1000")
L 02/20/2021 - 14:52:02: [basecommands.smx] "Console<0><Console><Console>" changed cvar (cvar "z_witch_threat_normal_range") (value "800")
L 02/20/2021 - 14:52:02: [basecommands.smx] "Console<0><Console><Console>" changed cvar (cvar "l4d_maxplayers") (value "18")
L 02/20/2021 - 14:52:02: [basecommands.smx] "Console<0><Console><Console>" changed cvar (cvar "l4d_survivor_limit") (value "18")
L 02/20/2021 - 14:52:02: [basecommands.smx] "Console<0><Console><Console>" changed cvar (cvar "l4d_infected_limit") (value "18")
L 02/20/2021 - 14:52:02: [basecommands.smx] "Console<0><Console><Console>" changed cvar (cvar "l4d_killreservation") (value "1")
L 02/20/2021 - 14:59:55: -------- Mapchange to c3m3_shantytown --------
L 02/20/2021 - 14:59:58: [basecommands.smx] "Console<0><Console><Console>" changed cvar (cvar "survivor_friendly_fire_factor_easy") (value "0")
L 02/20/2021 - 14:59:58: [basecommands.smx] "Console<0><Console><Console>" changed cvar (cvar "survivor_friendly_fire_factor_expert") (value "0")
L 02/20/2021 - 14:59:58: [basecommands.smx] "Console<0><Console><Console>" changed cvar (cvar "survivor_friendly_fire_factor_hard") (value "0")
L 02/20/2021 - 14:59:58: [basecommands.smx] "Console<0><Console><Console>" changed cvar (cvar "survivor_friendly_fire_factor_normal") (value "0")
L 02/20/2021 - 14:59:58: [basecommands.smx] "Console<0><Console><Console>" changed cvar (cvar "sb_all_bot_game") (value "1")
L 02/20/2021 - 14:59:58: [basecommands.smx] "Console<0><Console><Console>" changed cvar (cvar "allow_all_bot_survivor_team") (value "1")
L 02/20/2021 - 14:59:58: [basecommands.smx] "Console<0><Console><Console>" changed cvar (cvar "fps_max") (value "0")
L 02/20/2021 - 14:59:58: [basecommands.smx] "Console<0><Console><Console>" changed cvar (cvar "sv_maxplayers") (value "32")
L 02/20/2021 - 14:59:58: [basecommands.smx] "Console<0><Console><Console>" changed cvar (cvar "sv_visiblemaxplayers") (value "32")
L 02/20/2021 - 14:59:58: [basecommands.smx] "Console<0><Console><Console>" changed cvar (cvar "sv_force_unreserved") (value "1")
L 02/20/2021 - 14:59:58: [basecommands.smx] "Console<0><Console><Console>" changed cvar (cvar "director_adrenaline_density") (value "3.56")
L 02/20/2021 - 14:59:58: [basecommands.smx] "Console<0><Console><Console>" changed cvar (cvar "director_defibrillator_density") (value "0.0")
L 02/20/2021 - 14:59:58: [basecommands.smx] "Console<0><Console><Console>" changed cvar (cvar "director_pain_pill_density") (value "5")
L 02/20/2021 - 14:59:58: [basecommands.smx] "Console<0><Console><Console>" changed cvar (cvar "director_super_weapon_density") (value "0.0")
L 02/20/2021 - 14:59:58: [basecommands.smx] "Console<0><Console><Console>" changed cvar (cvar "director_tank_force_offer") (value "1")
L 02/20/2021 - 14:59:58: [basecommands.smx] "Console<0><Console><Console>" changed cvar (cvar "director_upgradepack_density") (value "3.56")
L 02/20/2021 - 14:59:58: [basecommands.smx] "Console<0><Console><Console>" changed cvar (cvar "director_vomitjar_density") (value "3.56")
L 02/20/2021 - 14:59:58: [basecommands.smx] "Console<0><Console><Console>" changed cvar (cvar "versus_tank_chance") (value "1.0000")
L 02/20/2021 - 14:59:58: [basecommands.smx] "Console<0><Console><Console>" changed cvar (cvar "versus_tank_chance_finale") (value "1.0")
L 02/20/2021 - 14:59:58: [basecommands.smx] "Console<0><Console><Console>" changed cvar (cvar "versus_tank_chance_intro") (value "1.0")
L 02/20/2021 - 14:59:58: [basecommands.smx] "Console<0><Console><Console>" changed cvar (cvar "versus_tank_flow_team_variation") (value "0.0")
L 02/20/2021 - 14:59:58: [basecommands.smx] "Console<0><Console><Console>" changed cvar (cvar "versus_witch_chance") (value "1.0000")
L 02/20/2021 - 14:59:58: [basecommands.smx] "Console<0><Console><Console>" changed cvar (cvar "versus_witch_chance_finale") (value "1.0")
L 02/20/2021 - 14:59:58: [basecommands.smx] "Console<0><Console><Console>" changed cvar (cvar "versus_witch_chance_intro") (value "1.0")
L 02/20/2021 - 14:59:58: [basecommands.smx] "Console<0><Console><Console>" changed cvar (cvar "versus_witch_flow_team_variation") (value "0.0")
L 02/20/2021 - 14:59:58: [basecommands.smx] "Console<0><Console><Console>" changed cvar (cvar "tank_stuck_time_suicide") (value "9999999999")
L 02/20/2021 - 14:59:58: [basecommands.smx] "Console<0><Console><Console>" changed cvar (cvar "versus_boss_flow_max_intro") (value "0.9")
L 02/20/2021 - 14:59:58: [basecommands.smx] "Console<0><Console><Console>" changed cvar (cvar "versus_boss_flow_max") (value "0.9")
L 02/20/2021 - 14:59:58: [basecommands.smx] "Console<0><Console><Console>" changed cvar (cvar "vs_max_team_switches") (value "9999")
L 02/20/2021 - 14:59:58: [basecommands.smx] "Console<0><Console><Console>" changed cvar (cvar "director_tank_lottery_selection_time") (value "2")
L 02/20/2021 - 14:59:58: [basecommands.smx] "Console<0><Console><Console>" changed cvar (cvar "z_ghost_delay_max") (value "22")
L 02/20/2021 - 14:59:58: [basecommands.smx] "Console<0><Console><Console>" changed cvar (cvar "z_ghost_delay_min") (value "22")
L 02/20/2021 - 14:59:58: [basecommands.smx] "Console<0><Console><Console>" changed cvar (cvar "z_witch_damage") (value "100")
L 02/20/2021 - 14:59:58: [basecommands.smx] "Console<0><Console><Console>" changed cvar (cvar "z_witch_damage_per_kill_hit") (value "60")
L 02/20/2021 - 14:59:58: [basecommands.smx] "Console<0><Console><Console>" changed cvar (cvar "z_witch_flashlight_range") (value "1000")
L 02/20/2021 - 14:59:58: [basecommands.smx] "Console<0><Console><Console>" changed cvar (cvar "z_witch_health") (value "2000")
L 02/20/2021 - 14:59:58: [basecommands.smx] "Console<0><Console><Console>" changed cvar (cvar "z_witch_personal_space") (value "400")
L 02/20/2021 - 14:59:58: [basecommands.smx] "Console<0><Console><Console>" changed cvar (cvar "z_witch_speed") (value "800")
L 02/20/2021 - 14:59:58: [basecommands.smx] "Console<0><Console><Console>" changed cvar (cvar "z_witch_threat_hostile_range") (value "1000")
L 02/20/2021 - 14:59:58: [basecommands.smx] "Console<0><Console><Console>" changed cvar (cvar "z_witch_threat_normal_range") (value "800")
L 02/20/2021 - 14:59:58: [basecommands.smx] "Console<0><Console><Console>" changed cvar (cvar "l4d_maxplayers") (value "18")
L 02/20/2021 - 14:59:58: [basecommands.smx] "Console<0><Console><Console>" changed cvar (cvar "l4d_survivor_limit") (value "18")
L 02/20/2021 - 14:59:58: [basecommands.smx] "Console<0><Console><Console>" changed cvar (cvar "l4d_infected_limit") (value "18")
L 02/20/2021 - 14:59:58: [basecommands.smx] "Console<0><Console><Console>" changed cvar (cvar "l4d_killreservation") (value "1")
L 02/20/2021 - 15:06:09: -------- Mapchange to c3m4_plantation --------
L 02/20/2021 - 15:06:11: [basecommands.smx] "Console<0><Console><Console>" changed cvar (cvar "survivor_friendly_fire_factor_easy") (value "0")
L 02/20/2021 - 15:06:11: [basecommands.smx] "Console<0><Console><Console>" changed cvar (cvar "survivor_friendly_fire_factor_expert") (value "0")
L 02/20/2021 - 15:06:11: [basecommands.smx] "Console<0><Console><Console>" changed cvar (cvar "survivor_friendly_fire_factor_hard") (value "0")
L 02/20/2021 - 15:06:11: [basecommands.smx] "Console<0><Console><Console>" changed cvar (cvar "survivor_friendly_fire_factor_normal") (value "0")
L 02/20/2021 - 15:06:11: [basecommands.smx] "Console<0><Console><Console>" changed cvar (cvar "sb_all_bot_game") (value "1")
L 02/20/2021 - 15:06:11: [basecommands.smx] "Console<0><Console><Console>" changed cvar (cvar "allow_all_bot_survivor_team") (value "1")
L 02/20/2021 - 15:06:11: [basecommands.smx] "Console<0><Console><Console>" changed cvar (cvar "fps_max") (value "0")
L 02/20/2021 - 15:06:11: [basecommands.smx] "Console<0><Console><Console>" changed cvar (cvar "sv_maxplayers") (value "32")
L 02/20/2021 - 15:06:11: [basecommands.smx] "Console<0><Console><Console>" changed cvar (cvar "sv_visiblemaxplayers") (value "32")
L 02/20/2021 - 15:06:11: [basecommands.smx] "Console<0><Console><Console>" changed cvar (cvar "sv_force_unreserved") (value "1")
L 02/20/2021 - 15:06:11: [basecommands.smx] "Console<0><Console><Console>" changed cvar (cvar "director_adrenaline_density") (value "3.56")
L 02/20/2021 - 15:06:11: [basecommands.smx] "Console<0><Console><Console>" changed cvar (cvar "director_defibrillator_density") (value "0.0")
L 02/20/2021 - 15:06:11: [basecommands.smx] "Console<0><Console><Console>" changed cvar (cvar "director_pain_pill_density") (value "5")
L 02/20/2021 - 15:06:11: [basecommands.smx] "Console<0><Console><Console>" changed cvar (cvar "director_super_weapon_density") (value "0.0")
L 02/20/2021 - 15:06:11: [basecommands.smx] "Console<0><Console><Console>" changed cvar (cvar "director_tank_force_offer") (value "1")
L 02/20/2021 - 15:06:11: [basecommands.smx] "Console<0><Console><Console>" changed cvar (cvar "director_upgradepack_density") (value "3.56")
L 02/20/2021 - 15:06:11: [basecommands.smx] "Console<0><Console><Console>" changed cvar (cvar "director_vomitjar_density") (value "3.56")
L 02/20/2021 - 15:06:11: [basecommands.smx] "Console<0><Console><Console>" changed cvar (cvar "versus_tank_chance") (value "1.0000")
L 02/20/2021 - 15:06:11: [basecommands.smx] "Console<0><Console><Console>" changed cvar (cvar "versus_tank_chance_finale") (value "1.0")
L 02/20/2021 - 15:06:11: [basecommands.smx] "Console<0><Console><Console>" changed cvar (cvar "versus_tank_chance_intro") (value "1.0")
L 02/20/2021 - 15:06:11: [basecommands.smx] "Console<0><Console><Console>" changed cvar (cvar "versus_tank_flow_team_variation") (value "0.0")
L 02/20/2021 - 15:06:11: [basecommands.smx] "Console<0><Console><Console>" changed cvar (cvar "versus_witch_chance") (value "1.0000")
L 02/20/2021 - 15:06:11: [basecommands.smx] "Console<0><Console><Console>" changed cvar (cvar "versus_witch_chance_finale") (value "1.0")
L 02/20/2021 - 15:06:11: [basecommands.smx] "Console<0><Console><Console>" changed cvar (cvar "versus_witch_chance_intro") (value "1.0")
L 02/20/2021 - 15:06:11: [basecommands.smx] "Console<0><Console><Console>" changed cvar (cvar "versus_witch_flow_team_variation") (value "0.0")
L 02/20/2021 - 15:06:11: [basecommands.smx] "Console<0><Console><Console>" changed cvar (cvar "tank_stuck_time_suicide") (value "9999999999")
L 02/20/2021 - 15:06:11: [basecommands.smx] "Console<0><Console><Console>" changed cvar (cvar "versus_boss_flow_max_intro") (value "0.9")
L 02/20/2021 - 15:06:11: [basecommands.smx] "Console<0><Console><Console>" changed cvar (cvar "versus_boss_flow_max") (value "0.9")
L 02/20/2021 - 15:06:11: [basecommands.smx] "Console<0><Console><Console>" changed cvar (cvar "vs_max_team_switches") (value "9999")
L 02/20/2021 - 15:06:11: [basecommands.smx] "Console<0><Console><Console>" changed cvar (cvar "director_tank_lottery_selection_time") (value "2")
L 02/20/2021 - 15:06:11: [basecommands.smx] "Console<0><Console><Console>" changed cvar (cvar "z_ghost_delay_max") (value "22")
L 02/20/2021 - 15:06:11: [basecommands.smx] "Console<0><Console><Console>" changed cvar (cvar "z_ghost_delay_min") (value "22")
L 02/20/2021 - 15:06:11: [basecommands.smx] "Console<0><Console><Console>" changed cvar (cvar "z_witch_damage") (value "100")
L 02/20/2021 - 15:06:11: [basecommands.smx] "Console<0><Console><Console>" changed cvar (cvar "z_witch_damage_per_kill_hit") (value "60")
L 02/20/2021 - 15:06:11: [basecommands.smx] "Console<0><Console><Console>" changed cvar (cvar "z_witch_flashlight_range") (value "1000")
L 02/20/2021 - 15:06:11: [basecommands.smx] "Console<0><Console><Console>" changed cvar (cvar "z_witch_health") (value "2000")
L 02/20/2021 - 15:06:11: [basecommands.smx] "Console<0><Console><Console>" changed cvar (cvar "z_witch_personal_space") (value "400")
L 02/20/2021 - 15:06:11: [basecommands.smx] "Console<0><Console><Console>" changed cvar (cvar "z_witch_speed") (value "800")
L 02/20/2021 - 15:06:11: [basecommands.smx] "Console<0><Console><Console>" changed cvar (cvar "z_witch_threat_hostile_range") (value "1000")
L 02/20/2021 - 15:06:11: [basecommands.smx] "Console<0><Console><Console>" changed cvar (cvar "z_witch_threat_normal_range") (value "800")
L 02/20/2021 - 15:06:11: [basecommands.smx] "Console<0><Console><Console>" changed cvar (cvar "l4d_maxplayers") (value "18")
L 02/20/2021 - 15:06:11: [basecommands.smx] "Console<0><Console><Console>" changed cvar (cvar "l4d_survivor_limit") (value "18")
L 02/20/2021 - 15:06:11: [basecommands.smx] "Console<0><Console><Console>" changed cvar (cvar "l4d_infected_limit") (value "18")
L 02/20/2021 - 15:06:11: [basecommands.smx] "Console<0><Console><Console>" changed cvar (cvar "l4d_killreservation") (value "1")
L 02/20/2021 - 16:05:27: Log file closed.
L 02/20/2021 - 22:56:30: SourceMod log file session started (file "C:\Program Files (x86)\Steam\steamapps\common\Left 4 Dead 2 Dedicated Server\left4dead2\addons\sourcemod\logs\L20210220.log") (Version "1.10.0.6502")
L 02/20/2021 - 22:56:30: [basecommands.smx] "Console<0><Console><Console>" changed cvar (cvar "survivor_friendly_fire_factor_easy") (value "0")
L 02/20/2021 - 22:56:30: [basecommands.smx] "Console<0><Console><Console>" changed cvar (cvar "survivor_friendly_fire_factor_expert") (value "0")
L 02/20/2021 - 22:56:30: [basecommands.smx] "Console<0><Console><Console>" changed cvar (cvar "survivor_friendly_fire_factor_hard") (value "0")
L 02/20/2021 - 22:56:30: [basecommands.smx] "Console<0><Console><Console>" changed cvar (cvar "survivor_friendly_fire_factor_normal") (value "0")
L 02/20/2021 - 22:56:30: [basecommands.smx] "Console<0><Console><Console>" changed cvar (cvar "sb_all_bot_game") (value "1")
L 02/20/2021 - 22:56:30: [basecommands.smx] "Console<0><Console><Console>" changed cvar (cvar "allow_all_bot_survivor_team") (value "1")
L 02/20/2021 - 22:56:30: [basecommands.smx] "Console<0><Console><Console>" changed cvar (cvar "fps_max") (value "0")
L 02/20/2021 - 22:56:30: [basecommands.smx] "Console<0><Console><Console>" changed cvar (cvar "sv_maxplayers") (value "32")
L 02/20/2021 - 22:56:30: [basecommands.smx] "Console<0><Console><Console>" changed cvar (cvar "sv_visiblemaxplayers") (value "32")
L 02/20/2021 - 22:56:30: [basecommands.smx] "Console<0><Console><Console>" changed cvar (cvar "sv_force_unreserved") (value "1")
L 02/20/2021 - 22:56:30: [basecommands.smx] "Console<0><Console><Console>" changed cvar (cvar "director_adrenaline_density") (value "3.56")
L 02/20/2021 - 22:56:30: [basecommands.smx] "Console<0><Console><Console>" changed cvar (cvar "director_defibrillator_density") (value "0.0")
L 02/20/2021 - 22:56:30: [basecommands.smx] "Console<0><Console><Console>" changed cvar (cvar "director_pain_pill_density") (value "5")
L 02/20/2021 - 22:56:30: [basecommands.smx] "Console<0><Console><Console>" changed cvar (cvar "director_super_weapon_density") (value "0.0")
L 02/20/2021 - 22:56:30: [basecommands.smx] "Console<0><Console><Console>" changed cvar (cvar "director_tank_force_offer") (value "1")
L 02/20/2021 - 22:56:30: [basecommands.smx] "Console<0><Console><Console>" changed cvar (cvar "director_upgradepack_density") (value "3.56")
L 02/20/2021 - 22:56:30: [basecommands.smx] "Console<0><Console><Console>" changed cvar (cvar "director_vomitjar_density") (value "3.56")
L 02/20/2021 - 22:56:30: [basecommands.smx] "Console<0><Console><Console>" changed cvar (cvar "versus_tank_chance") (value "1.0000")
L 02/20/2021 - 22:56:30: [basecommands.smx] "Console<0><Console><Console>" changed cvar (cvar "versus_tank_chance_finale") (value "1.0")
L 02/20/2021 - 22:56:30: [basecommands.smx] "Console<0><Console><Console>" changed cvar (cvar "versus_tank_chance_intro") (value "1.0")
L 02/20/2021 - 22:56:30: [basecommands.smx] "Console<0><Console><Console>" changed cvar (cvar "versus_tank_flow_team_variation") (value "0.0")
L 02/20/2021 - 22:56:30: [basecommands.smx] "Console<0><Console><Console>" changed cvar (cvar "versus_witch_chance") (value "1.0000")
L 02/20/2021 - 22:56:30: [basecommands.smx] "Console<0><Console><Console>" changed cvar (cvar "versus_witch_chance_finale") (value "1.0")
L 02/20/2021 - 22:56:30: [basecommands.smx] "Console<0><Console><Console>" changed cvar (cvar "versus_witch_chance_intro") (value "1.0")
L 02/20/2021 - 22:56:30: [basecommands.smx] "Console<0><Console><Console>" changed cvar (cvar "versus_witch_flow_team_variation") (value "0.0")
L 02/20/2021 - 22:56:30: [basecommands.smx] "Console<0><Console><Console>" changed cvar (cvar "tank_stuck_time_suicide") (value "9999999999")
L 02/20/2021 - 22:56:30: [basecommands.smx] "Console<0><Console><Console>" changed cvar (cvar "versus_boss_flow_max_intro") (value "0.9")
L 02/20/2021 - 22:56:30: [basecommands.smx] "Console<0><Console><Console>" changed cvar (cvar "versus_boss_flow_max") (value "0.9")
L 02/20/2021 - 22:56:30: [basecommands.smx] "Console<0><Console><Console>" changed cvar (cvar "vs_max_team_switches") (value "9999")
L 02/20/2021 - 22:56:30: [basecommands.smx] "Console<0><Console><Console>" changed cvar (cvar "director_tank_lottery_selection_time") (value "2")
L 02/20/2021 - 22:56:30: [basecommands.smx] "Console<0><Console><Console>" changed cvar (cvar "z_ghost_delay_max") (value "22")
L 02/20/2021 - 22:56:31: [basecommands.smx] "Console<0><Console><Console>" changed cvar (cvar "z_ghost_delay_min") (value "22")
L 02/20/2021 - 22:56:31: [basecommands.smx] "Console<0><Console><Console>" changed cvar (cvar "l4d_maxplayers") (value "18")
L 02/20/2021 - 22:56:31: [basecommands.smx] "Console<0><Console><Console>" changed cvar (cvar "l4d_survivor_limit") (value "18")
L 02/20/2021 - 22:56:31: [basecommands.smx] "Console<0><Console><Console>" changed cvar (cvar "l4d_infected_limit") (value "18")
L 02/20/2021 - 22:56:31: [basecommands.smx] "Console<0><Console><Console>" changed cvar (cvar "l4d_killreservation") (value "1")
L 02/20/2021 - 22:58:47: SourceMod log file session started (file "C:\Program Files (x86)\Steam\steamapps\common\Left 4 Dead 2 Dedicated Server\left4dead2\addons\sourcemod\logs\L20210220.log") (Version "1.10.0.6502")
L 02/20/2021 - 22:58:47: [basecommands.smx] "Console<0><Console><Console>" changed cvar (cvar "survivor_friendly_fire_factor_easy") (value "0")
L 02/20/2021 - 22:58:47: [basecommands.smx] "Console<0><Console><Console>" changed cvar (cvar "survivor_friendly_fire_factor_expert") (value "0")
L 02/20/2021 - 22:58:47: [basecommands.smx] "Console<0><Console><Console>" changed cvar (cvar "survivor_friendly_fire_factor_hard") (value "0")
L 02/20/2021 - 22:58:47: [basecommands.smx] "Console<0><Console><Console>" changed cvar (cvar "survivor_friendly_fire_factor_normal") (value "0")
L 02/20/2021 - 22:58:47: [basecommands.smx] "Console<0><Console><Console>" changed cvar (cvar "sb_all_bot_game") (value "1")
L 02/20/2021 - 22:58:47: [basecommands.smx] "Console<0><Console><Console>" changed cvar (cvar "allow_all_bot_survivor_team") (value "1")
L 02/20/2021 - 22:58:47: [basecommands.smx] "Console<0><Console><Console>" changed cvar (cvar "fps_max") (value "0")
L 02/20/2021 - 22:58:47: [basecommands.smx] "Console<0><Console><Console>" changed cvar (cvar "sv_maxplayers") (value "32")
L 02/20/2021 - 22:58:47: [basecommands.smx] "Console<0><Console><Console>" changed cvar (cvar "sv_visiblemaxplayers") (value "32")
L 02/20/2021 - 22:58:47: [basecommands.smx] "Console<0><Console><Console>" changed cvar (cvar "sv_force_unreserved") (value "1")
L 02/20/2021 - 22:58:47: [basecommands.smx] "Console<0><Console><Console>" changed cvar (cvar "director_adrenaline_density") (value "3.56")
L 02/20/2021 - 22:58:47: [basecommands.smx] "Console<0><Console><Console>" changed cvar (cvar "director_defibrillator_density") (value "0.0")
L 02/20/2021 - 22:58:47: [basecommands.smx] "Console<0><Console><Console>" changed cvar (cvar "director_pain_pill_density") (value "5")
L 02/20/2021 - 22:58:47: [basecommands.smx] "Console<0><Console><Console>" changed cvar (cvar "director_super_weapon_density") (value "0.0")
L 02/20/2021 - 22:58:47: [basecommands.smx] "Console<0><Console><Console>" changed cvar (cvar "director_tank_force_offer") (value "1")
L 02/20/2021 - 22:58:47: [basecommands.smx] "Console<0><Console><Console>" changed cvar (cvar "director_upgradepack_density") (value "3.56")
L 02/20/2021 - 22:58:47: [basecommands.smx] "Console<0><Console><Console>" changed cvar (cvar "director_vomitjar_density") (value "3.56")
L 02/20/2021 - 22:58:47: [basecommands.smx] "Console<0><Console><Console>" changed cvar (cvar "versus_tank_chance") (value "1.0000")
L 02/20/2021 - 22:58:47: [basecommands.smx] "Console<0><Console><Console>" changed cvar (cvar "versus_tank_chance_finale") (value "1.0")
L 02/20/2021 - 22:58:47: [basecommands.smx] "Console<0><Console><Console>" changed cvar (cvar "versus_tank_chance_intro") (value "1.0")
L 02/20/2021 - 22:58:47: [basecommands.smx] "Console<0><Console><Console>" changed cvar (cvar "versus_tank_flow_team_variation") (value "0.0")
L 02/20/2021 - 22:58:47: [basecommands.smx] "Console<0><Console><Console>" changed cvar (cvar "versus_witch_chance") (value "1.0000")
L 02/20/2021 - 22:58:47: [basecommands.smx] "Console<0><Console><Console>" changed cvar (cvar "versus_witch_chance_finale") (value "1.0")
L 02/20/2021 - 22:58:47: [basecommands.smx] "Console<0><Console><Console>" changed cvar (cvar "versus_witch_chance_intro") (value "1.0")
L 02/20/2021 - 22:58:47: [basecommands.smx] "Console<0><Console><Console>" changed cvar (cvar "versus_witch_flow_team_variation") (value "0.0")
L 02/20/2021 - 22:58:47: [basecommands.smx] "Console<0><Console><Console>" changed cvar (cvar "tank_stuck_time_suicide") (value "9999999999")
L 02/20/2021 - 22:58:47: [basecommands.smx] "Console<0><Console><Console>" changed cvar (cvar "versus_boss_flow_max_intro") (value "0.9")
L 02/20/2021 - 22:58:47: [basecommands.smx] "Console<0><Console><Console>" changed cvar (cvar "versus_boss_flow_max") (value "0.9")
L 02/20/2021 - 22:58:47: [basecommands.smx] "Console<0><Console><Console>" changed cvar (cvar "vs_max_team_switches") (value "9999")
L 02/20/2021 - 22:58:47: [basecommands.smx] "Console<0><Console><Console>" changed cvar (cvar "director_tank_lottery_selection_time") (value "2")
L 02/20/2021 - 22:58:47: [basecommands.smx] "Console<0><Console><Console>" changed cvar (cvar "z_ghost_delay_max") (value "22")
L 02/20/2021 - 22:58:47: [basecommands.smx] "Console<0><Console><Console>" changed cvar (cvar "z_ghost_delay_min") (value "22")
L 02/20/2021 - 22:58:47: [basecommands.smx] "Console<0><Console><Console>" changed cvar (cvar "l4d_maxplayers") (value "18")
L 02/20/2021 - 22:58:47: [basecommands.smx] "Console<0><Console><Console>" changed cvar (cvar "l4d_survivor_limit") (value "18")
L 02/20/2021 - 22:58:47: [basecommands.smx] "Console<0><Console><Console>" changed cvar (cvar "l4d_infected_limit") (value "18")
L 02/20/2021 - 22:58:47: [basecommands.smx] "Console<0><Console><Console>" changed cvar (cvar "l4d_killreservation") (value "1")
L 02/20/2021 - 22:59:58: Log file closed.
L 02/20/2021 - 23:00:25: SourceMod log file session started (file "C:\Program Files (x86)\Steam\steamapps\common\Left 4 Dead 2 Dedicated Server\left4dead2\addons\sourcemod\logs\L20210220.log") (Version "1.10.0.6502")
L 02/20/2021 - 23:00:25: [basecommands.smx] "Console<0><Console><Console>" changed cvar (cvar "survivor_friendly_fire_factor_easy") (value "0")
L 02/20/2021 - 23:00:25: [basecommands.smx] "Console<0><Console><Console>" changed cvar (cvar "survivor_friendly_fire_factor_expert") (value "0")
L 02/20/2021 - 23:00:25: [basecommands.smx] "Console<0><Console><Console>" changed cvar (cvar "survivor_friendly_fire_factor_hard") (value "0")
L 02/20/2021 - 23:00:25: [basecommands.smx] "Console<0><Console><Console>" changed cvar (cvar "survivor_friendly_fire_factor_normal") (value "0")
L 02/20/2021 - 23:00:25: [basecommands.smx] "Console<0><Console><Console>" changed cvar (cvar "sb_all_bot_game") (value "1")
L 02/20/2021 - 23:00:25: [basecommands.smx] "Console<0><Console><Console>" changed cvar (cvar "allow_all_bot_survivor_team") (value "1")
L 02/20/2021 - 23:00:25: [basecommands.smx] "Console<0><Console><Console>" changed cvar (cvar "fps_max") (value "0")
L 02/20/2021 - 23:00:25: [basecommands.smx] "Console<0><Console><Console>" changed cvar (cvar "sv_maxplayers") (value "32")
L 02/20/2021 - 23:00:25: [basecommands.smx] "Console<0><Console><Console>" changed cvar (cvar "sv_visiblemaxplayers") (value "32")
L 02/20/2021 - 23:00:25: [basecommands.smx] "Console<0><Console><Console>" changed cvar (cvar "sv_force_unreserved") (value "1")
L 02/20/2021 - 23:00:25: [basecommands.smx] "Console<0><Console><Console>" changed cvar (cvar "director_adrenaline_density") (value "3.56")
L 02/20/2021 - 23:00:25: [basecommands.smx] "Console<0><Console><Console>" changed cvar (cvar "director_defibrillator_density") (value "0.0")
L 02/20/2021 - 23:00:25: [basecommands.smx] "Console<0><Console><Console>" changed cvar (cvar "director_pain_pill_density") (value "5")
L 02/20/2021 - 23:00:25: [basecommands.smx] "Console<0><Console><Console>" changed cvar (cvar "director_super_weapon_density") (value "0.0")
L 02/20/2021 - 23:00:25: [basecommands.smx] "Console<0><Console><Console>" changed cvar (cvar "director_tank_force_offer") (value "1")
L 02/20/2021 - 23:00:25: [basecommands.smx] "Console<0><Console><Console>" changed cvar (cvar "director_upgradepack_density") (value "3.56")
L 02/20/2021 - 23:00:25: [basecommands.smx] "Console<0><Console><Console>" changed cvar (cvar "director_vomitjar_density") (value "3.56")
L 02/20/2021 - 23:00:25: [basecommands.smx] "Console<0><Console><Console>" changed cvar (cvar "versus_tank_chance") (value "1.0000")
L 02/20/2021 - 23:00:25: [basecommands.smx] "Console<0><Console><Console>" changed cvar (cvar "versus_tank_chance_finale") (value "1.0")
L 02/20/2021 - 23:00:25: [basecommands.smx] "Console<0><Console><Console>" changed cvar (cvar "versus_tank_chance_intro") (value "1.0")
L 02/20/2021 - 23:00:25: [basecommands.smx] "Console<0><Console><Console>" changed cvar (cvar "versus_tank_flow_team_variation") (value "0.0")
L 02/20/2021 - 23:00:25: [basecommands.smx] "Console<0><Console><Console>" changed cvar (cvar "versus_witch_chance") (value "1.0000")
L 02/20/2021 - 23:00:25: [basecommands.smx] "Console<0><Console><Console>" changed cvar (cvar "versus_witch_chance_finale") (value "1.0")
L 02/20/2021 - 23:00:25: [basecommands.smx] "Console<0><Console><Console>" changed cvar (cvar "versus_witch_chance_intro") (value "1.0")
L 02/20/2021 - 23:00:25: [basecommands.smx] "Console<0><Console><Console>" changed cvar (cvar "versus_witch_flow_team_variation") (value "0.0")
L 02/20/2021 - 23:00:25: [basecommands.smx] "Console<0><Console><Console>" changed cvar (cvar "tank_stuck_time_suicide") (value "9999999999")
L 02/20/2021 - 23:00:25: [basecommands.smx] "Console<0><Console><Console>" changed cvar (cvar "versus_boss_flow_max_intro") (value "0.9")
L 02/20/2021 - 23:00:25: [basecommands.smx] "Console<0><Console><Console>" changed cvar (cvar "versus_boss_flow_max") (value "0.9")
L 02/20/2021 - 23:00:25: [basecommands.smx] "Console<0><Console><Console>" changed cvar (cvar "vs_max_team_switches") (value "9999")
L 02/20/2021 - 23:00:25: [basecommands.smx] "Console<0><Console><Console>" changed cvar (cvar "director_tank_lottery_selection_time") (value "2")
L 02/20/2021 - 23:00:25: [basecommands.smx] "Console<0><Console><Console>" changed cvar (cvar "z_ghost_delay_max") (value "22")
L 02/20/2021 - 23:00:25: [basecommands.smx] "Console<0><Console><Console>" changed cvar (cvar "z_ghost_delay_min") (value "22")
L 02/20/2021 - 23:00:25: [basecommands.smx] "Console<0><Console><Console>" changed cvar (cvar "l4d_maxplayers") (value "18")
L 02/20/2021 - 23:00:25: [basecommands.smx] "Console<0><Console><Console>" changed cvar (cvar "l4d_survivor_limit") (value "18")
L 02/20/2021 - 23:00:25: [basecommands.smx] "Console<0><Console><Console>" changed cvar (cvar "l4d_infected_limit") (value "18")
L 02/20/2021 - 23:00:25: [basecommands.smx] "Console<0><Console><Console>" changed cvar (cvar "l4d_killreservation") (value "1")
L 02/20/2021 - 23:01:30: Log file closed.
L 02/20/2021 - 23:01:41: SourceMod log file session started (file "C:\Program Files (x86)\Steam\steamapps\common\Left 4 Dead 2 Dedicated Server\left4dead2\addons\sourcemod\logs\L20210220.log") (Version "1.10.0.6502")
L 02/20/2021 - 23:01:41: [basecommands.smx] "Console<0><Console><Console>" changed cvar (cvar "survivor_friendly_fire_factor_easy") (value "0")
L 02/20/2021 - 23:01:41: [basecommands.smx] "Console<0><Console><Console>" changed cvar (cvar "survivor_friendly_fire_factor_expert") (value "0")
L 02/20/2021 - 23:01:41: [basecommands.smx] "Console<0><Console><Console>" changed cvar (cvar "survivor_friendly_fire_factor_hard") (value "0")
L 02/20/2021 - 23:01:41: [basecommands.smx] "Console<0><Console><Console>" changed cvar (cvar "survivor_friendly_fire_factor_normal") (value "0")
L 02/20/2021 - 23:01:41: [basecommands.smx] "Console<0><Console><Console>" changed cvar (cvar "sb_all_bot_game") (value "1")
L 02/20/2021 - 23:01:41: [basecommands.smx] "Console<0><Console><Console>" changed cvar (cvar "allow_all_bot_survivor_team") (value "1")
L 02/20/2021 - 23:01:41: [basecommands.smx] "Console<0><Console><Console>" changed cvar (cvar "fps_max") (value "0")
L 02/20/2021 - 23:01:41: [basecommands.smx] "Console<0><Console><Console>" changed cvar (cvar "sv_maxplayers") (value "32")
L 02/20/2021 - 23:01:41: [basecommands.smx] "Console<0><Console><Console>" changed cvar (cvar "sv_visiblemaxplayers") (value "32")
L 02/20/2021 - 23:01:41: [basecommands.smx] "Console<0><Console><Console>" changed cvar (cvar "sv_force_unreserved") (value "1")
L 02/20/2021 - 23:01:41: [basecommands.smx] "Console<0><Console><Console>" changed cvar (cvar "director_adrenaline_density") (value "3.56")
L 02/20/2021 - 23:01:41: [basecommands.smx] "Console<0><Console><Console>" changed cvar (cvar "director_defibrillator_density") (value "0.0")
L 02/20/2021 - 23:01:41: [basecommands.smx] "Console<0><Console><Console>" changed cvar (cvar "director_pain_pill_density") (value "5")
L 02/20/2021 - 23:01:41: [basecommands.smx] "Console<0><Console><Console>" changed cvar (cvar "director_super_weapon_density") (value "0.0")
L 02/20/2021 - 23:01:41: [basecommands.smx] "Console<0><Console><Console>" changed cvar (cvar "director_tank_force_offer") (value "1")
L 02/20/2021 - 23:01:41: [basecommands.smx] "Console<0><Console><Console>" changed cvar (cvar "director_upgradepack_density") (value "3.56")
L 02/20/2021 - 23:01:41: [basecommands.smx] "Console<0><Console><Console>" changed cvar (cvar "director_vomitjar_density") (value "3.56")
L 02/20/2021 - 23:01:42: [basecommands.smx] "Console<0><Console><Console>" changed cvar (cvar "versus_tank_chance") (value "1.0000")
L 02/20/2021 - 23:01:42: [basecommands.smx] "Console<0><Console><Console>" changed cvar (cvar "versus_tank_chance_finale") (value "1.0")
L 02/20/2021 - 23:01:42: [basecommands.smx] "Console<0><Console><Console>" changed cvar (cvar "versus_tank_chance_intro") (value "1.0")
L 02/20/2021 - 23:01:42: [basecommands.smx] "Console<0><Console><Console>" changed cvar (cvar "versus_tank_flow_team_variation") (value "0.0")
L 02/20/2021 - 23:01:42: [basecommands.smx] "Console<0><Console><Console>" changed cvar (cvar "versus_witch_chance") (value "1.0000")
L 02/20/2021 - 23:01:42: [basecommands.smx] "Console<0><Console><Console>" changed cvar (cvar "versus_witch_chance_finale") (value "1.0")
L 02/20/2021 - 23:01:42: [basecommands.smx] "Console<0><Console><Console>" changed cvar (cvar "versus_witch_chance_intro") (value "1.0")
L 02/20/2021 - 23:01:42: [basecommands.smx] "Console<0><Console><Console>" changed cvar (cvar "versus_witch_flow_team_variation") (value "0.0")
L 02/20/2021 - 23:01:42: [basecommands.smx] "Console<0><Console><Console>" changed cvar (cvar "tank_stuck_time_suicide") (value "9999999999")
L 02/20/2021 - 23:01:42: [basecommands.smx] "Console<0><Console><Console>" changed cvar (cvar "versus_boss_flow_max_intro") (value "0.9")
L 02/20/2021 - 23:01:42: [basecommands.smx] "Console<0><Console><Console>" changed cvar (cvar "versus_boss_flow_max") (value "0.9")
L 02/20/2021 - 23:01:42: [basecommands.smx] "Console<0><Console><Console>" changed cvar (cvar "vs_max_team_switches") (value "9999")
L 02/20/2021 - 23:01:42: [basecommands.smx] "Console<0><Console><Console>" changed cvar (cvar "director_tank_lottery_selection_time") (value "2")
L 02/20/2021 - 23:01:42: [basecommands.smx] "Console<0><Console><Console>" changed cvar (cvar "z_ghost_delay_max") (value "22")
L 02/20/2021 - 23:01:42: [basecommands.smx] "Console<0><Console><Console>" changed cvar (cvar "z_ghost_delay_min") (value "22")
L 02/20/2021 - 23:01:42: [basecommands.smx] "Console<0><Console><Console>" changed cvar (cvar "l4d_maxplayers") (value "18")
L 02/20/2021 - 23:01:42: [basecommands.smx] "Console<0><Console><Console>" changed cvar (cvar "l4d_survivor_limit") (value "18")
L 02/20/2021 - 23:01:42: [basecommands.smx] "Console<0><Console><Console>" changed cvar (cvar "l4d_infected_limit") (value "18")
L 02/20/2021 - 23:01:42: [basecommands.smx] "Console<0><Console><Console>" changed cvar (cvar "l4d_killreservation") (value "1")
L 02/20/2021 - 23:03:01: Log file closed.
L 02/20/2021 - 23:03:10: SourceMod log file session started (file "C:\Program Files (x86)\Steam\steamapps\common\Left 4 Dead 2 Dedicated Server\left4dead2\addons\sourcemod\logs\L20210220.log") (Version "1.10.0.6502")
L 02/20/2021 - 23:03:10: [basecommands.smx] "Console<0><Console><Console>" changed cvar (cvar "survivor_friendly_fire_factor_easy") (value "0")
L 02/20/2021 - 23:03:10: [basecommands.smx] "Console<0><Console><Console>" changed cvar (cvar "survivor_friendly_fire_factor_expert") (value "0")
L 02/20/2021 - 23:03:10: [basecommands.smx] "Console<0><Console><Console>" changed cvar (cvar "survivor_friendly_fire_factor_hard") (value "0")
L 02/20/2021 - 23:03:10: [basecommands.smx] "Console<0><Console><Console>" changed cvar (cvar "survivor_friendly_fire_factor_normal") (value "0")
L 02/20/2021 - 23:03:10: [basecommands.smx] "Console<0><Console><Console>" changed cvar (cvar "sb_all_bot_game") (value "1")
L 02/20/2021 - 23:03:10: [basecommands.smx] "Console<0><Console><Console>" changed cvar (cvar "allow_all_bot_survivor_team") (value "1")
L 02/20/2021 - 23:03:10: [basecommands.smx] "Console<0><Console><Console>" changed cvar (cvar "fps_max") (value "0")
L 02/20/2021 - 23:03:10: [basecommands.smx] "Console<0><Console><Console>" changed cvar (cvar "sv_maxplayers") (value "32")
L 02/20/2021 - 23:03:10: [basecommands.smx] "Console<0><Console><Console>" changed cvar (cvar "sv_visiblemaxplayers") (value "32")
L 02/20/2021 - 23:03:10: [basecommands.smx] "Console<0><Console><Console>" changed cvar (cvar "sv_force_unreserved") (value "1")
L 02/20/2021 - 23:03:10: [basecommands.smx] "Console<0><Console><Console>" changed cvar (cvar "director_adrenaline_density") (value "3.56")
L 02/20/2021 - 23:03:10: [basecommands.smx] "Console<0><Console><Console>" changed cvar (cvar "director_defibrillator_density") (value "0.0")
L 02/20/2021 - 23:03:10: [basecommands.smx] "Console<0><Console><Console>" changed cvar (cvar "director_pain_pill_density") (value "5")
L 02/20/2021 - 23:03:10: [basecommands.smx] "Console<0><Console><Console>" changed cvar (cvar "director_super_weapon_density") (value "0.0")
L 02/20/2021 - 23:03:10: [basecommands.smx] "Console<0><Console><Console>" changed cvar (cvar "director_tank_force_offer") (value "1")
L 02/20/2021 - 23:03:10: [basecommands.smx] "Console<0><Console><Console>" changed cvar (cvar "director_upgradepack_density") (value "3.56")
L 02/20/2021 - 23:03:10: [basecommands.smx] "Console<0><Console><Console>" changed cvar (cvar "director_vomitjar_density") (value "3.56")
L 02/20/2021 - 23:03:10: [basecommands.smx] "Console<0><Console><Console>" changed cvar (cvar "versus_tank_chance") (value "1.0000")
L 02/20/2021 - 23:03:10: [basecommands.smx] "Console<0><Console><Console>" changed cvar (cvar "versus_tank_chance_finale") (value "1.0")
L 02/20/2021 - 23:03:10: [basecommands.smx] "Console<0><Console><Console>" changed cvar (cvar "versus_tank_chance_intro") (value "1.0")
L 02/20/2021 - 23:03:10: [basecommands.smx] "Console<0><Console><Console>" changed cvar (cvar "versus_tank_flow_team_variation") (value "0.0")
L 02/20/2021 - 23:03:10: [basecommands.smx] "Console<0><Console><Console>" changed cvar (cvar "versus_witch_chance") (value "1.0000")
L 02/20/2021 - 23:03:10: [basecommands.smx] "Console<0><Console><Console>" changed cvar (cvar "versus_witch_chance_finale") (value "1.0")
L 02/20/2021 - 23:03:10: [basecommands.smx] "Console<0><Console><Console>" changed cvar (cvar "versus_witch_chance_intro") (value "1.0")
L 02/20/2021 - 23:03:10: [basecommands.smx] "Console<0><Console><Console>" changed cvar (cvar "versus_witch_flow_team_variation") (value "0.0")
L 02/20/2021 - 23:03:10: [basecommands.smx] "Console<0><Console><Console>" changed cvar (cvar "tank_stuck_time_suicide") (value "9999999999")
L 02/20/2021 - 23:03:10: [basecommands.smx] "Console<0><Console><Console>" changed cvar (cvar "versus_boss_flow_max_intro") (value "0.9")
L 02/20/2021 - 23:03:10: [basecommands.smx] "Console<0><Console><Console>" changed cvar (cvar "versus_boss_flow_max") (value "0.9")
L 02/20/2021 - 23:03:10: [basecommands.smx] "Console<0><Console><Console>" changed cvar (cvar "vs_max_team_switches") (value "9999")
L 02/20/2021 - 23:03:10: [basecommands.smx] "Console<0><Console><Console>" changed cvar (cvar "director_tank_lottery_selection_time") (value "2")
L 02/20/2021 - 23:03:10: [basecommands.smx] "Console<0><Console><Console>" changed cvar (cvar "z_ghost_delay_max") (value "22")
L 02/20/2021 - 23:03:10: [basecommands.smx] "Console<0><Console><Console>" changed cvar (cvar "z_ghost_delay_min") (value "22")
L 02/20/2021 - 23:03:10: [basecommands.smx] "Console<0><Console><Console>" changed cvar (cvar "l4d_maxplayers") (value "18")
L 02/20/2021 - 23:03:10: [basecommands.smx] "Console<0><Console><Console>" changed cvar (cvar "l4d_survivor_limit") (value "18")
L 02/20/2021 - 23:03:10: [basecommands.smx] "Console<0><Console><Console>" changed cvar (cvar "l4d_infected_limit") (value "18")
L 02/20/2021 - 23:03:10: [basecommands.smx] "Console<0><Console><Console>" changed cvar (cvar "l4d_killreservation") (value "1")
L 02/20/2021 - 23:04:07: [basecommands.smx] "<2><STEAM_1:0:37541651><>" changed cvar (cvar "mp_gamemode") (value "versus")
L 02/20/2021 - 23:04:17: [basecommands.smx] "<2><STEAM_1:0:37541651><>" changed cvar (cvar "mp_gamemode") (value "versus")
L 02/20/2021 - 23:04:19: [basecommands.smx] "<2><STEAM_1:0:37541651><>" changed cvar (cvar "mp_gamemode") (value "versus")
L 02/20/2021 - 23:13:44: [basecommands.smx] "<2><STEAM_1:0:37541651><>" changed map to "c4m1_milltown_a"
L 02/20/2021 - 23:13:47: [SM] Changed map to "c4m1_milltown_a"
L 02/20/2021 - 23:13:49: -------- Mapchange to c4m1_milltown_a --------
L 02/20/2021 - 23:13:51: [basecommands.smx] "Console<0><Console><Console>" changed cvar (cvar "survivor_friendly_fire_factor_easy") (value "0")
L 02/20/2021 - 23:13:51: [basecommands.smx] "Console<0><Console><Console>" changed cvar (cvar "survivor_friendly_fire_factor_expert") (value "0")
L 02/20/2021 - 23:13:51: [basecommands.smx] "Console<0><Console><Console>" changed cvar (cvar "survivor_friendly_fire_factor_hard") (value "0")
L 02/20/2021 - 23:13:51: [basecommands.smx] "Console<0><Console><Console>" changed cvar (cvar "survivor_friendly_fire_factor_normal") (value "0")
L 02/20/2021 - 23:13:51: [basecommands.smx] "Console<0><Console><Console>" changed cvar (cvar "sb_all_bot_game") (value "1")
L 02/20/2021 - 23:13:51: [basecommands.smx] "Console<0><Console><Console>" changed cvar (cvar "allow_all_bot_survivor_team") (value "1")
L 02/20/2021 - 23:13:51: [basecommands.smx] "Console<0><Console><Console>" changed cvar (cvar "fps_max") (value "0")
L 02/20/2021 - 23:13:51: [basecommands.smx] "Console<0><Console><Console>" changed cvar (cvar "sv_maxplayers") (value "32")
L 02/20/2021 - 23:13:51: [basecommands.smx] "Console<0><Console><Console>" changed cvar (cvar "sv_visiblemaxplayers") (value "32")
L 02/20/2021 - 23:13:51: [basecommands.smx] "Console<0><Console><Console>" changed cvar (cvar "sv_force_unreserved") (value "1")
L 02/20/2021 - 23:13:51: [basecommands.smx] "Console<0><Console><Console>" changed cvar (cvar "director_adrenaline_density") (value "3.56")
L 02/20/2021 - 23:13:51: [basecommands.smx] "Console<0><Console><Console>" changed cvar (cvar "director_defibrillator_density") (value "0.0")
L 02/20/2021 - 23:13:51: [basecommands.smx] "Console<0><Console><Console>" changed cvar (cvar "director_pain_pill_density") (value "5")
L 02/20/2021 - 23:13:51: [basecommands.smx] "Console<0><Console><Console>" changed cvar (cvar "director_super_weapon_density") (value "0.0")
L 02/20/2021 - 23:13:51: [basecommands.smx] "Console<0><Console><Console>" changed cvar (cvar "director_tank_force_offer") (value "1")
L 02/20/2021 - 23:13:51: [basecommands.smx] "Console<0><Console><Console>" changed cvar (cvar "director_upgradepack_density") (value "3.56")
L 02/20/2021 - 23:13:51: [basecommands.smx] "Console<0><Console><Console>" changed cvar (cvar "director_vomitjar_density") (value "3.56")
L 02/20/2021 - 23:13:51: [basecommands.smx] "Console<0><Console><Console>" changed cvar (cvar "versus_tank_chance") (value "1.0000")
L 02/20/2021 - 23:13:51: [basecommands.smx] "Console<0><Console><Console>" changed cvar (cvar "versus_tank_chance_finale") (value "1.0")
L 02/20/2021 - 23:13:51: [basecommands.smx] "Console<0><Console><Console>" changed cvar (cvar "versus_tank_chance_intro") (value "1.0")
L 02/20/2021 - 23:13:51: [basecommands.smx] "Console<0><Console><Console>" changed cvar (cvar "versus_tank_flow_team_variation") (value "0.0")
L 02/20/2021 - 23:13:51: [basecommands.smx] "Console<0><Console><Console>" changed cvar (cvar "versus_witch_chance") (value "1.0000")
L 02/20/2021 - 23:13:51: [basecommands.smx] "Console<0><Console><Console>" changed cvar (cvar "versus_witch_chance_finale") (value "1.0")
L 02/20/2021 - 23:13:51: [basecommands.smx] "Console<0><Console><Console>" changed cvar (cvar "versus_witch_chance_intro") (value "1.0")
L 02/20/2021 - 23:13:51: [basecommands.smx] "Console<0><Console><Console>" changed cvar (cvar "versus_witch_flow_team_variation") (value "0.0")
L 02/20/2021 - 23:13:51: [basecommands.smx] "Console<0><Console><Console>" changed cvar (cvar "tank_stuck_time_suicide") (value "9999999999")
L 02/20/2021 - 23:13:51: [basecommands.smx] "Console<0><Console><Console>" changed cvar (cvar "versus_boss_flow_max_intro") (value "0.9")
L 02/20/2021 - 23:13:51: [basecommands.smx] "Console<0><Console><Console>" changed cvar (cvar "versus_boss_flow_max") (value "0.9")
L 02/20/2021 - 23:13:51: [basecommands.smx] "Console<0><Console><Console>" changed cvar (cvar "vs_max_team_switches") (value "9999")
L 02/20/2021 - 23:13:51: [basecommands.smx] "Console<0><Console><Console>" changed cvar (cvar "director_tank_lottery_selection_time") (value "2")
L 02/20/2021 - 23:13:51: [basecommands.smx] "Console<0><Console><Console>" changed cvar (cvar "z_ghost_delay_max") (value "22")
L 02/20/2021 - 23:13:51: [basecommands.smx] "Console<0><Console><Console>" changed cvar (cvar "z_ghost_delay_min") (value "22")
L 02/20/2021 - 23:13:51: [basecommands.smx] "Console<0><Console><Console>" changed cvar (cvar "l4d_maxplayers") (value "18")
L 02/20/2021 - 23:13:51: [basecommands.smx] "Console<0><Console><Console>" changed cvar (cvar "l4d_survivor_limit") (value "18")
L 02/20/2021 - 23:13:51: [basecommands.smx] "Console<0><Console><Console>" changed cvar (cvar "l4d_infected_limit") (value "18")
L 02/20/2021 - 23:13:51: [basecommands.smx] "Console<0><Console><Console>" changed cvar (cvar "l4d_killreservation") (value "1")
L 02/20/2021 - 23:27:34: [basecommands.smx] "<651><STEAM_1:0:37541651><>" changed cvar (cvar "mp_gamemode") (value "realism")
L 02/20/2021 - 23:34:22: SourceMod log file session started (file "C:\Program Files (x86)\Steam\steamapps\common\Left 4 Dead 2 Dedicated Server\left4dead2\addons\sourcemod\logs\L20210220.log") (Version "1.10.0.6502")
L 02/20/2021 - 23:34:22: [basecommands.smx] "Console<0><Console><Console>" changed cvar (cvar "survivor_friendly_fire_factor_easy") (value "0")
L 02/20/2021 - 23:34:22: [basecommands.smx] "Console<0><Console><Console>" changed cvar (cvar "survivor_friendly_fire_factor_expert") (value "0")
L 02/20/2021 - 23:34:22: [basecommands.smx] "Console<0><Console><Console>" changed cvar (cvar "survivor_friendly_fire_factor_hard") (value "0")
L 02/20/2021 - 23:34:22: [basecommands.smx] "Console<0><Console><Console>" changed cvar (cvar "survivor_friendly_fire_factor_normal") (value "0")
L 02/20/2021 - 23:34:22: [basecommands.smx] "Console<0><Console><Console>" changed cvar (cvar "sb_all_bot_game") (value "1")
L 02/20/2021 - 23:34:22: [basecommands.smx] "Console<0><Console><Console>" changed cvar (cvar "allow_all_bot_survivor_team") (value "1")
L 02/20/2021 - 23:34:22: [basecommands.smx] "Console<0><Console><Console>" changed cvar (cvar "fps_max") (value "0")
L 02/20/2021 - 23:34:22: [basecommands.smx] "Console<0><Console><Console>" changed cvar (cvar "sv_maxplayers") (value "32")
L 02/20/2021 - 23:34:22: [basecommands.smx] "Console<0><Console><Console>" changed cvar (cvar "sv_visiblemaxplayers") (value "32")
L 02/20/2021 - 23:34:22: [basecommands.smx] "Console<0><Console><Console>" changed cvar (cvar "sv_force_unreserved") (value "1")
L 02/20/2021 - 23:34:22: [basecommands.smx] "Console<0><Console><Console>" changed cvar (cvar "director_adrenaline_density") (value "3.56")
L 02/20/2021 - 23:34:22: [basecommands.smx] "Console<0><Console><Console>" changed cvar (cvar "director_defibrillator_density") (value "0.0")
L 02/20/2021 - 23:34:22: [basecommands.smx] "Console<0><Console><Console>" changed cvar (cvar "director_pain_pill_density") (value "5")
L 02/20/2021 - 23:34:22: [basecommands.smx] "Console<0><Console><Console>" changed cvar (cvar "director_super_weapon_density") (value "0.0")
L 02/20/2021 - 23:34:22: [basecommands.smx] "Console<0><Console><Console>" changed cvar (cvar "director_tank_force_offer") (value "1")
L 02/20/2021 - 23:34:22: [basecommands.smx] "Console<0><Console><Console>" changed cvar (cvar "director_upgradepack_density") (value "3.56")
L 02/20/2021 - 23:34:22: [basecommands.smx] "Console<0><Console><Console>" changed cvar (cvar "director_vomitjar_density") (value "3.56")
L 02/20/2021 - 23:34:22: [basecommands.smx] "Console<0><Console><Console>" changed cvar (cvar "versus_tank_chance") (value "1.0000")
L 02/20/2021 - 23:34:22: [basecommands.smx] "Console<0><Console><Console>" changed cvar (cvar "versus_tank_chance_finale") (value "1.0")
L 02/20/2021 - 23:34:22: [basecommands.smx] "Console<0><Console><Console>" changed cvar (cvar "versus_tank_chance_intro") (value "1.0")
L 02/20/2021 - 23:34:22: [basecommands.smx] "Console<0><Console><Console>" changed cvar (cvar "versus_tank_flow_team_variation") (value "0.0")
L 02/20/2021 - 23:34:22: [basecommands.smx] "Console<0><Console><Console>" changed cvar (cvar "versus_witch_chance") (value "1.0000")
L 02/20/2021 - 23:34:22: [basecommands.smx] "Console<0><Console><Console>" changed cvar (cvar "versus_witch_chance_finale") (value "1.0")
L 02/20/2021 - 23:34:22: [basecommands.smx] "Console<0><Console><Console>" changed cvar (cvar "versus_witch_chance_intro") (value "1.0")
L 02/20/2021 - 23:34:22: [basecommands.smx] "Console<0><Console><Console>" changed cvar (cvar "versus_witch_flow_team_variation") (value "0.0")
L 02/20/2021 - 23:34:22: [basecommands.smx] "Console<0><Console><Console>" changed cvar (cvar "tank_stuck_time_suicide") (value "9999999999")
L 02/20/2021 - 23:34:22: [basecommands.smx] "Console<0><Console><Console>" changed cvar (cvar "versus_boss_flow_max_intro") (value "0.9")
L 02/20/2021 - 23:34:23: [basecommands.smx] "Console<0><Console><Console>" changed cvar (cvar "versus_boss_flow_max") (value "0.9")
L 02/20/2021 - 23:34:23: [basecommands.smx] "Console<0><Console><Console>" changed cvar (cvar "vs_max_team_switches") (value "9999")
L 02/20/2021 - 23:34:23: [basecommands.smx] "Console<0><Console><Console>" changed cvar (cvar "director_tank_lottery_selection_time") (value "2")
L 02/20/2021 - 23:34:23: [basecommands.smx] "Console<0><Console><Console>" changed cvar (cvar "z_ghost_delay_max") (value "22")
L 02/20/2021 - 23:34:23: [basecommands.smx] "Console<0><Console><Console>" changed cvar (cvar "z_ghost_delay_min") (value "22")
L 02/20/2021 - 23:34:23: [basecommands.smx] "Console<0><Console><Console>" changed cvar (cvar "l4d_maxplayers") (value "18")
L 02/20/2021 - 23:34:23: [basecommands.smx] "Console<0><Console><Console>" changed cvar (cvar "l4d_survivor_limit") (value "18")
L 02/20/2021 - 23:34:23: [basecommands.smx] "Console<0><Console><Console>" changed cvar (cvar "l4d_infected_limit") (value "18")
L 02/20/2021 - 23:34:23: [basecommands.smx] "Console<0><Console><Console>" changed cvar (cvar "l4d_killreservation") (value "1")
L 02/20/2021 - 23:37:02: [basecommands.smx] "<2><STEAM_1:0:37541651><>" changed cvar (cvar "mp_gamemode") (value "realism")
L 02/20/2021 - 23:37:15: -------- Mapchange to c4m1_milltown_a --------
L 02/20/2021 - 23:37:16: [basecommands.smx] "Console<0><Console><Console>" changed cvar (cvar "survivor_friendly_fire_factor_easy") (value "0")
L 02/20/2021 - 23:37:16: [basecommands.smx] "Console<0><Console><Console>" changed cvar (cvar "survivor_friendly_fire_factor_expert") (value "0")
L 02/20/2021 - 23:37:16: [basecommands.smx] "Console<0><Console><Console>" changed cvar (cvar "survivor_friendly_fire_factor_hard") (value "0")
L 02/20/2021 - 23:37:16: [basecommands.smx] "Console<0><Console><Console>" changed cvar (cvar "survivor_friendly_fire_factor_normal") (value "0")
L 02/20/2021 - 23:37:16: [basecommands.smx] "Console<0><Console><Console>" changed cvar (cvar "sb_all_bot_game") (value "1")
L 02/20/2021 - 23:37:16: [basecommands.smx] "Console<0><Console><Console>" changed cvar (cvar "allow_all_bot_survivor_team") (value "1")
L 02/20/2021 - 23:37:16: [basecommands.smx] "Console<0><Console><Console>" changed cvar (cvar "fps_max") (value "0")
L 02/20/2021 - 23:37:16: [basecommands.smx] "Console<0><Console><Console>" changed cvar (cvar "sv_maxplayers") (value "32")
L 02/20/2021 - 23:37:16: [basecommands.smx] "Console<0><Console><Console>" changed cvar (cvar "sv_visiblemaxplayers") (value "32")
L 02/20/2021 - 23:37:16: [basecommands.smx] "Console<0><Console><Console>" changed cvar (cvar "sv_force_unreserved") (value "1")
L 02/20/2021 - 23:37:16: [basecommands.smx] "Console<0><Console><Console>" changed cvar (cvar "director_adrenaline_density") (value "3.56")
L 02/20/2021 - 23:37:16: [basecommands.smx] "Console<0><Console><Console>" changed cvar (cvar "director_defibrillator_density") (value "0.0")
L 02/20/2021 - 23:37:16: [basecommands.smx] "Console<0><Console><Console>" changed cvar (cvar "director_pain_pill_density") (value "5")
L 02/20/2021 - 23:37:16: [basecommands.smx] "Console<0><Console><Console>" changed cvar (cvar "director_super_weapon_density") (value "0.0")
L 02/20/2021 - 23:37:16: [basecommands.smx] "Console<0><Console><Console>" changed cvar (cvar "director_tank_force_offer") (value "1")
L 02/20/2021 - 23:37:16: [basecommands.smx] "Console<0><Console><Console>" changed cvar (cvar "director_upgradepack_density") (value "3.56")
L 02/20/2021 - 23:37:16: [basecommands.smx] "Console<0><Console><Console>" changed cvar (cvar "director_vomitjar_density") (value "3.56")
L 02/20/2021 - 23:37:16: [basecommands.smx] "Console<0><Console><Console>" changed cvar (cvar "versus_tank_chance") (value "1.0000")
L 02/20/2021 - 23:37:16: [basecommands.smx] "Console<0><Console><Console>" changed cvar (cvar "versus_tank_chance_finale") (value "1.0")
L 02/20/2021 - 23:37:16: [basecommands.smx] "Console<0><Console><Console>" changed cvar (cvar "versus_tank_chance_intro") (value "1.0")
L 02/20/2021 - 23:37:16: [basecommands.smx] "Console<0><Console><Console>" changed cvar (cvar "versus_tank_flow_team_variation") (value "0.0")
L 02/20/2021 - 23:37:16: [basecommands.smx] "Console<0><Console><Console>" changed cvar (cvar "versus_witch_chance") (value "1.0000")
L 02/20/2021 - 23:37:16: [basecommands.smx] "Console<0><Console><Console>" changed cvar (cvar "versus_witch_chance_finale") (value "1.0")
L 02/20/2021 - 23:37:16: [basecommands.smx] "Console<0><Console><Console>" changed cvar (cvar "versus_witch_chance_intro") (value "1.0")
L 02/20/2021 - 23:37:16: [basecommands.smx] "Console<0><Console><Console>" changed cvar (cvar "versus_witch_flow_team_variation") (value "0.0")
L 02/20/2021 - 23:37:16: [basecommands.smx] "Console<0><Console><Console>" changed cvar (cvar "tank_stuck_time_suicide") (value "9999999999")
L 02/20/2021 - 23:37:16: [basecommands.smx] "Console<0><Console><Console>" changed cvar (cvar "versus_boss_flow_max_intro") (value "0.9")
L 02/20/2021 - 23:37:16: [basecommands.smx] "Console<0><Console><Console>" changed cvar (cvar "versus_boss_flow_max") (value "0.9")
L 02/20/2021 - 23:37:16: [basecommands.smx] "Console<0><Console><Console>" changed cvar (cvar "vs_max_team_switches") (value "9999")
L 02/20/2021 - 23:37:16: [basecommands.smx] "Console<0><Console><Console>" changed cvar (cvar "director_tank_lottery_selection_time") (value "2")
L 02/20/2021 - 23:37:16: [basecommands.smx] "Console<0><Console><Console>" changed cvar (cvar "z_ghost_delay_max") (value "22")
L 02/20/2021 - 23:37:16: [basecommands.smx] "Console<0><Console><Console>" changed cvar (cvar "z_ghost_delay_min") (value "22")
L 02/20/2021 - 23:37:16: [basecommands.smx] "Console<0><Console><Console>" changed cvar (cvar "l4d_maxplayers") (value "18")
L 02/20/2021 - 23:37:16: [basecommands.smx] "Console<0><Console><Console>" changed cvar (cvar "l4d_survivor_limit") (value "18")
L 02/20/2021 - 23:37:16: [basecommands.smx] "Console<0><Console><Console>" changed cvar (cvar "l4d_infected_limit") (value "18")
L 02/20/2021 - 23:37:16: [basecommands.smx] "Console<0><Console><Console>" changed cvar (cvar "l4d_killreservation") (value "1")
L 02/20/2021 - 23:42:28: -------- Mapchange to c4m2_sugarmill_a --------
L 02/20/2021 - 23:42:30: [basecommands.smx] "Console<0><Console><Console>" changed cvar (cvar "survivor_friendly_fire_factor_easy") (value "0")
L 02/20/2021 - 23:42:30: [basecommands.smx] "Console<0><Console><Console>" changed cvar (cvar "survivor_friendly_fire_factor_expert") (value "0")
L 02/20/2021 - 23:42:30: [basecommands.smx] "Console<0><Console><Console>" changed cvar (cvar "survivor_friendly_fire_factor_hard") (value "0")
L 02/20/2021 - 23:42:30: [basecommands.smx] "Console<0><Console><Console>" changed cvar (cvar "survivor_friendly_fire_factor_normal") (value "0")
L 02/20/2021 - 23:42:30: [basecommands.smx] "Console<0><Console><Console>" changed cvar (cvar "sb_all_bot_game") (value "1")
L 02/20/2021 - 23:42:30: [basecommands.smx] "Console<0><Console><Console>" changed cvar (cvar "allow_all_bot_survivor_team") (value "1")
L 02/20/2021 - 23:42:30: [basecommands.smx] "Console<0><Console><Console>" changed cvar (cvar "fps_max") (value "0")
L 02/20/2021 - 23:42:30: [basecommands.smx] "Console<0><Console><Console>" changed cvar (cvar "sv_maxplayers") (value "32")
L 02/20/2021 - 23:42:30: [basecommands.smx] "Console<0><Console><Console>" changed cvar (cvar "sv_visiblemaxplayers") (value "32")
L 02/20/2021 - 23:42:30: [basecommands.smx] "Console<0><Console><Console>" changed cvar (cvar "sv_force_unreserved") (value "1")
L 02/20/2021 - 23:42:30: [basecommands.smx] "Console<0><Console><Console>" changed cvar (cvar "director_adrenaline_density") (value "3.56")
L 02/20/2021 - 23:42:30: [basecommands.smx] "Console<0><Console><Console>" changed cvar (cvar "director_defibrillator_density") (value "0.0")
L 02/20/2021 - 23:42:30: [basecommands.smx] "Console<0><Console><Console>" changed cvar (cvar "director_pain_pill_density") (value "5")
L 02/20/2021 - 23:42:30: [basecommands.smx] "Console<0><Console><Console>" changed cvar (cvar "director_super_weapon_density") (value "0.0")
L 02/20/2021 - 23:42:30: [basecommands.smx] "Console<0><Console><Console>" changed cvar (cvar "director_tank_force_offer") (value "1")
L 02/20/2021 - 23:42:30: [basecommands.smx] "Console<0><Console><Console>" changed cvar (cvar "director_upgradepack_density") (value "3.56")
L 02/20/2021 - 23:42:30: [basecommands.smx] "Console<0><Console><Console>" changed cvar (cvar "director_vomitjar_density") (value "3.56")
L 02/20/2021 - 23:42:30: [basecommands.smx] "Console<0><Console><Console>" changed cvar (cvar "versus_tank_chance") (value "1.0000")
L 02/20/2021 - 23:42:30: [basecommands.smx] "Console<0><Console><Console>" changed cvar (cvar "versus_tank_chance_finale") (value "1.0")
L 02/20/2021 - 23:42:30: [basecommands.smx] "Console<0><Console><Console>" changed cvar (cvar "versus_tank_chance_intro") (value "1.0")
L 02/20/2021 - 23:42:30: [basecommands.smx] "Console<0><Console><Console>" changed cvar (cvar "versus_tank_flow_team_variation") (value "0.0")
L 02/20/2021 - 23:42:30: [basecommands.smx] "Console<0><Console><Console>" changed cvar (cvar "versus_witch_chance") (value "1.0000")
L 02/20/2021 - 23:42:30: [basecommands.smx] "Console<0><Console><Console>" changed cvar (cvar "versus_witch_chance_finale") (value "1.0")
L 02/20/2021 - 23:42:30: [basecommands.smx] "Console<0><Console><Console>" changed cvar (cvar "versus_witch_chance_intro") (value "1.0")
L 02/20/2021 - 23:42:30: [basecommands.smx] "Console<0><Console><Console>" changed cvar (cvar "versus_witch_flow_team_variation") (value "0.0")
L 02/20/2021 - 23:42:30: [basecommands.smx] "Console<0><Console><Console>" changed cvar (cvar "tank_stuck_time_suicide") (value "9999999999")
L 02/20/2021 - 23:42:30: [basecommands.smx] "Console<0><Console><Console>" changed cvar (cvar "versus_boss_flow_max_intro") (value "0.9")
L 02/20/2021 - 23:42:30: [basecommands.smx] "Console<0><Console><Console>" changed cvar (cvar "versus_boss_flow_max") (value "0.9")
L 02/20/2021 - 23:42:30: [basecommands.smx] "Console<0><Console><Console>" changed cvar (cvar "vs_max_team_switches") (value "9999")
L 02/20/2021 - 23:42:30: [basecommands.smx] "Console<0><Console><Console>" changed cvar (cvar "director_tank_lottery_selection_time") (value "2")
L 02/20/2021 - 23:42:30: [basecommands.smx] "Console<0><Console><Console>" changed cvar (cvar "z_ghost_delay_max") (value "22")
L 02/20/2021 - 23:42:30: [basecommands.smx] "Console<0><Console><Console>" changed cvar (cvar "z_ghost_delay_min") (value "22")
L 02/20/2021 - 23:42:30: [basecommands.smx] "Console<0><Console><Console>" changed cvar (cvar "l4d_maxplayers") (value "18")
L 02/20/2021 - 23:42:30: [basecommands.smx] "Console<0><Console><Console>" changed cvar (cvar "l4d_survivor_limit") (value "18")
L 02/20/2021 - 23:42:30: [basecommands.smx] "Console<0><Console><Console>" changed cvar (cvar "l4d_infected_limit") (value "18")
L 02/20/2021 - 23:42:30: [basecommands.smx] "Console<0><Console><Console>" changed cvar (cvar "l4d_killreservation") (value "1")
L 02/20/2021 - 23:52:19: -------- Mapchange to c4m3_sugarmill_b --------
L 02/20/2021 - 23:52:21: [basecommands.smx] "Console<0><Console><Console>" changed cvar (cvar "survivor_friendly_fire_factor_easy") (value "0")
L 02/20/2021 - 23:52:21: [basecommands.smx] "Console<0><Console><Console>" changed cvar (cvar "survivor_friendly_fire_factor_expert") (value "0")
L 02/20/2021 - 23:52:21: [basecommands.smx] "Console<0><Console><Console>" changed cvar (cvar "survivor_friendly_fire_factor_hard") (value "0")
L 02/20/2021 - 23:52:21: [basecommands.smx] "Console<0><Console><Console>" changed cvar (cvar "survivor_friendly_fire_factor_normal") (value "0")
L 02/20/2021 - 23:52:21: [basecommands.smx] "Console<0><Console><Console>" changed cvar (cvar "sb_all_bot_game") (value "1")
L 02/20/2021 - 23:52:21: [basecommands.smx] "Console<0><Console><Console>" changed cvar (cvar "allow_all_bot_survivor_team") (value "1")
L 02/20/2021 - 23:52:21: [basecommands.smx] "Console<0><Console><Console>" changed cvar (cvar "fps_max") (value "0")
L 02/20/2021 - 23:52:21: [basecommands.smx] "Console<0><Console><Console>" changed cvar (cvar "sv_maxplayers") (value "32")
L 02/20/2021 - 23:52:21: [basecommands.smx] "Console<0><Console><Console>" changed cvar (cvar "sv_visiblemaxplayers") (value "32")
L 02/20/2021 - 23:52:21: [basecommands.smx] "Console<0><Console><Console>" changed cvar (cvar "sv_force_unreserved") (value "1")
L 02/20/2021 - 23:52:21: [basecommands.smx] "Console<0><Console><Console>" changed cvar (cvar "director_adrenaline_density") (value "3.56")
L 02/20/2021 - 23:52:21: [basecommands.smx] "Console<0><Console><Console>" changed cvar (cvar "director_defibrillator_density") (value "0.0")
L 02/20/2021 - 23:52:21: [basecommands.smx] "Console<0><Console><Console>" changed cvar (cvar "director_pain_pill_density") (value "5")
L 02/20/2021 - 23:52:21: [basecommands.smx] "Console<0><Console><Console>" changed cvar (cvar "director_super_weapon_density") (value "0.0")
L 02/20/2021 - 23:52:21: [basecommands.smx] "Console<0><Console><Console>" changed cvar (cvar "director_tank_force_offer") (value "1")
L 02/20/2021 - 23:52:21: [basecommands.smx] "Console<0><Console><Console>" changed cvar (cvar "director_upgradepack_density") (value "3.56")
L 02/20/2021 - 23:52:21: [basecommands.smx] "Console<0><Console><Console>" changed cvar (cvar "director_vomitjar_density") (value "3.56")
L 02/20/2021 - 23:52:21: [basecommands.smx] "Console<0><Console><Console>" changed cvar (cvar "versus_tank_chance") (value "1.0000")
L 02/20/2021 - 23:52:21: [basecommands.smx] "Console<0><Console><Console>" changed cvar (cvar "versus_tank_chance_finale") (value "1.0")
L 02/20/2021 - 23:52:21: [basecommands.smx] "Console<0><Console><Console>" changed cvar (cvar "versus_tank_chance_intro") (value "1.0")
L 02/20/2021 - 23:52:21: [basecommands.smx] "Console<0><Console><Console>" changed cvar (cvar "versus_tank_flow_team_variation") (value "0.0")
L 02/20/2021 - 23:52:21: [basecommands.smx] "Console<0><Console><Console>" changed cvar (cvar "versus_witch_chance") (value "1.0000")
L 02/20/2021 - 23:52:21: [basecommands.smx] "Console<0><Console><Console>" changed cvar (cvar "versus_witch_chance_finale") (value "1.0")
L 02/20/2021 - 23:52:21: [basecommands.smx] "Console<0><Console><Console>" changed cvar (cvar "versus_witch_chance_intro") (value "1.0")
L 02/20/2021 - 23:52:21: [basecommands.smx] "Console<0><Console><Console>" changed cvar (cvar "versus_witch_flow_team_variation") (value "0.0")
L 02/20/2021 - 23:52:21: [basecommands.smx] "Console<0><Console><Console>" changed cvar (cvar "tank_stuck_time_suicide") (value "9999999999")
L 02/20/2021 - 23:52:21: [basecommands.smx] "Console<0><Console><Console>" changed cvar (cvar "versus_boss_flow_max_intro") (value "0.9")
L 02/20/2021 - 23:52:21: [basecommands.smx] "Console<0><Console><Console>" changed cvar (cvar "versus_boss_flow_max") (value "0.9")
L 02/20/2021 - 23:52:21: [basecommands.smx] "Console<0><Console><Console>" changed cvar (cvar "vs_max_team_switches") (value "9999")
L 02/20/2021 - 23:52:21: [basecommands.smx] "Console<0><Console><Console>" changed cvar (cvar "director_tank_lottery_selection_time") (value "2")
L 02/20/2021 - 23:52:21: [basecommands.smx] "Console<0><Console><Console>" changed cvar (cvar "z_ghost_delay_max") (value "22")
L 02/20/2021 - 23:52:21: [basecommands.smx] "Console<0><Console><Console>" changed cvar (cvar "z_ghost_delay_min") (value "22")
L 02/20/2021 - 23:52:21: [basecommands.smx] "Console<0><Console><Console>" changed cvar (cvar "l4d_maxplayers") (value "18")
L 02/20/2021 - 23:52:21: [basecommands.smx] "Console<0><Console><Console>" changed cvar (cvar "l4d_survivor_limit") (value "18")
L 02/20/2021 - 23:52:21: [basecommands.smx] "Console<0><Console><Console>" changed cvar (cvar "l4d_infected_limit") (value "18")
L 02/20/2021 - 23:52:21: [basecommands.smx] "Console<0><Console><Console>" changed cvar (cvar "l4d_killreservation") (value "1")
L 02/20/2021 - 23:58:29: -------- Mapchange to c4m4_milltown_b --------
L 02/20/2021 - 23:58:30: [basecommands.smx] "Console<0><Console><Console>" changed cvar (cvar "survivor_friendly_fire_factor_easy") (value "0")
L 02/20/2021 - 23:58:30: [basecommands.smx] "Console<0><Console><Console>" changed cvar (cvar "survivor_friendly_fire_factor_expert") (value "0")
L 02/20/2021 - 23:58:30: [basecommands.smx] "Console<0><Console><Console>" changed cvar (cvar "survivor_friendly_fire_factor_hard") (value "0")
L 02/20/2021 - 23:58:30: [basecommands.smx] "Console<0><Console><Console>" changed cvar (cvar "survivor_friendly_fire_factor_normal") (value "0")
L 02/20/2021 - 23:58:30: [basecommands.smx] "Console<0><Console><Console>" changed cvar (cvar "sb_all_bot_game") (value "1")
L 02/20/2021 - 23:58:30: [basecommands.smx] "Console<0><Console><Console>" changed cvar (cvar "allow_all_bot_survivor_team") (value "1")
L 02/20/2021 - 23:58:30: [basecommands.smx] "Console<0><Console><Console>" changed cvar (cvar "fps_max") (value "0")
L 02/20/2021 - 23:58:30: [basecommands.smx] "Console<0><Console><Console>" changed cvar (cvar "sv_maxplayers") (value "32")
L 02/20/2021 - 23:58:30: [basecommands.smx] "Console<0><Console><Console>" changed cvar (cvar "sv_visiblemaxplayers") (value "32")
L 02/20/2021 - 23:58:30: [basecommands.smx] "Console<0><Console><Console>" changed cvar (cvar "sv_force_unreserved") (value "1")
L 02/20/2021 - 23:58:30: [basecommands.smx] "Console<0><Console><Console>" changed cvar (cvar "director_adrenaline_density") (value "3.56")
L 02/20/2021 - 23:58:30: [basecommands.smx] "Console<0><Console><Console>" changed cvar (cvar "director_defibrillator_density") (value "0.0")
L 02/20/2021 - 23:58:30: [basecommands.smx] "Console<0><Console><Console>" changed cvar (cvar "director_pain_pill_density") (value "5")
L 02/20/2021 - 23:58:30: [basecommands.smx] "Console<0><Console><Console>" changed cvar (cvar "director_super_weapon_density") (value "0.0")
L 02/20/2021 - 23:58:30: [basecommands.smx] "Console<0><Console><Console>" changed cvar (cvar "director_tank_force_offer") (value "1")
L 02/20/2021 - 23:58:30: [basecommands.smx] "Console<0><Console><Console>" changed cvar (cvar "director_upgradepack_density") (value "3.56")
L 02/20/2021 - 23:58:30: [basecommands.smx] "Console<0><Console><Console>" changed cvar (cvar "director_vomitjar_density") (value "3.56")
L 02/20/2021 - 23:58:30: [basecommands.smx] "Console<0><Console><Console>" changed cvar (cvar "versus_tank_chance") (value "1.0000")
L 02/20/2021 - 23:58:30: [basecommands.smx] "Console<0><Console><Console>" changed cvar (cvar "versus_tank_chance_finale") (value "1.0")
L 02/20/2021 - 23:58:30: [basecommands.smx] "Console<0><Console><Console>" changed cvar (cvar "versus_tank_chance_intro") (value "1.0")
L 02/20/2021 - 23:58:30: [basecommands.smx] "Console<0><Console><Console>" changed cvar (cvar "versus_tank_flow_team_variation") (value "0.0")
L 02/20/2021 - 23:58:30: [basecommands.smx] "Console<0><Console><Console>" changed cvar (cvar "versus_witch_chance") (value "1.0000")
L 02/20/2021 - 23:58:30: [basecommands.smx] "Console<0><Console><Console>" changed cvar (cvar "versus_witch_chance_finale") (value "1.0")
L 02/20/2021 - 23:58:30: [basecommands.smx] "Console<0><Console><Console>" changed cvar (cvar "versus_witch_chance_intro") (value "1.0")
L 02/20/2021 - 23:58:30: [basecommands.smx] "Console<0><Console><Console>" changed cvar (cvar "versus_witch_flow_team_variation") (value "0.0")
L 02/20/2021 - 23:58:30: [basecommands.smx] "Console<0><Console><Console>" changed cvar (cvar "tank_stuck_time_suicide") (value "9999999999")
L 02/20/2021 - 23:58:30: [basecommands.smx] "Console<0><Console><Console>" changed cvar (cvar "versus_boss_flow_max_intro") (value "0.9")
L 02/20/2021 - 23:58:30: [basecommands.smx] "Console<0><Console><Console>" changed cvar (cvar "versus_boss_flow_max") (value "0.9")
L 02/20/2021 - 23:58:30: [basecommands.smx] "Console<0><Console><Console>" changed cvar (cvar "vs_max_team_switches") (value "9999")
L 02/20/2021 - 23:58:30: [basecommands.smx] "Console<0><Console><Console>" changed cvar (cvar "director_tank_lottery_selection_time") (value "2")
L 02/20/2021 - 23:58:30: [basecommands.smx] "Console<0><Console><Console>" changed cvar (cvar "z_ghost_delay_max") (value "22")
L 02/20/2021 - 23:58:30: [basecommands.smx] "Console<0><Console><Console>" changed cvar (cvar "z_ghost_delay_min") (value "22")
L 02/20/2021 - 23:58:30: [basecommands.smx] "Console<0><Console><Console>" changed cvar (cvar "l4d_maxplayers") (value "18")
L 02/20/2021 - 23:58:30: [basecommands.smx] "Console<0><Console><Console>" changed cvar (cvar "l4d_survivor_limit") (value "18")
L 02/20/2021 - 23:58:30: [basecommands.smx] "Console<0><Console><Console>" changed cvar (cvar "l4d_infected_limit") (value "18")
L 02/20/2021 - 23:58:30: [basecommands.smx] "Console<0><Console><Console>" changed cvar (cvar "l4d_killreservation") (value "1")
L 02/21/2021 - 00:03:00: Log file closed.
